Run tests	Set up job	﻿2026-04-12T00:11:55.4097381Z Current runner version: '2.333.1'
Run tests	Set up job	2026-04-12T00:11:55.4122481Z ##[group]Runner Image Provisioner
Run tests	Set up job	2026-04-12T00:11:55.4123714Z Hosted Compute Agent
Run tests	Set up job	2026-04-12T00:11:55.4124295Z Version: 20260213.493
Run tests	Set up job	2026-04-12T00:11:55.4124902Z Commit: 5c115507f6dd24b8de37d8bbe0bb4509d0cc0fa3
Run tests	Set up job	2026-04-12T00:11:55.4125603Z Build Date: 2026-02-13T00:28:41Z
Run tests	Set up job	2026-04-12T00:11:55.4126309Z Worker ID: {99130bb9-553e-4e9a-a037-6e7cf80cb837}
Run tests	Set up job	2026-04-12T00:11:55.4126977Z Azure Region: eastus2
Run tests	Set up job	2026-04-12T00:11:55.4127506Z ##[endgroup]
Run tests	Set up job	2026-04-12T00:11:55.4129102Z ##[group]Operating System
Run tests	Set up job	2026-04-12T00:11:55.4129683Z Ubuntu
Run tests	Set up job	2026-04-12T00:11:55.4130210Z 24.04.4
Run tests	Set up job	2026-04-12T00:11:55.4130693Z LTS
Run tests	Set up job	2026-04-12T00:11:55.4131161Z ##[endgroup]
Run tests	Set up job	2026-04-12T00:11:55.4131700Z ##[group]Runner Image
Run tests	Set up job	2026-04-12T00:11:55.4132316Z Image: ubuntu-24.04
Run tests	Set up job	2026-04-12T00:11:55.4132816Z Version: 20260406.80.1
Run tests	Set up job	2026-04-12T00:11:55.4134163Z Included Software: https://github.com/actions/runner-images/blob/ubuntu24/20260406.80/images/ubuntu/Ubuntu2404-Readme.md
Run tests	Set up job	2026-04-12T00:11:55.4135849Z Image Release: https://github.com/actions/runner-images/releases/tag/ubuntu24%2F20260406.80
Run tests	Set up job	2026-04-12T00:11:55.4136914Z ##[endgroup]
Run tests	Set up job	2026-04-12T00:11:55.4137964Z ##[group]GITHUB_TOKEN Permissions
Run tests	Set up job	2026-04-12T00:11:55.4140047Z Contents: read
Run tests	Set up job	2026-04-12T00:11:55.4140636Z Metadata: read
Run tests	Set up job	2026-04-12T00:11:55.4141128Z Packages: read
Run tests	Set up job	2026-04-12T00:11:55.4141563Z ##[endgroup]
Run tests	Set up job	2026-04-12T00:11:55.4143858Z Secret source: Actions
Run tests	Set up job	2026-04-12T00:11:55.4144898Z Prepare workflow directory
Run tests	Set up job	2026-04-12T00:11:55.4594872Z Prepare all required actions
Run tests	Set up job	2026-04-12T00:11:55.4650008Z Getting action download info
Run tests	Set up job	2026-04-12T00:11:55.8259628Z Download action repository 'actions/checkout@v4' (SHA:34e114876b0b11c390a56381ad16ebd13914f8d5)
Run tests	Set up job	2026-04-12T00:11:55.9864225Z Download action repository 'actions/setup-node@v4' (SHA:49933ea5288caeca8642d1e84afbd3f7d6820020)
Run tests	Set up job	2026-04-12T00:11:56.1130088Z Download action repository 'pnpm/action-setup@v2' (SHA:eae0cfeb286e66ffb5155f1a79b90583a127a68b)
Run tests	Set up job	2026-04-12T00:11:56.5660769Z Complete job name: Run tests
Run tests	Run actions/checkout@v4	﻿2026-04-12T00:11:56.6392525Z ##[group]Run actions/checkout@v4
Run tests	Run actions/checkout@v4	2026-04-12T00:11:56.6393679Z with:
Run tests	Run actions/checkout@v4	2026-04-12T00:11:56.6394164Z   repository: Lakshmanshenoy/shenoylabs-web
Run tests	Run actions/checkout@v4	2026-04-12T00:11:56.6394892Z   token: ***
Run tests	Run actions/checkout@v4	2026-04-12T00:11:56.6395292Z   ssh-strict: true
Run tests	Run actions/checkout@v4	2026-04-12T00:11:56.6395720Z   ssh-user: git
Run tests	Run actions/checkout@v4	2026-04-12T00:11:56.6396150Z   persist-credentials: true
Run tests	Run actions/checkout@v4	2026-04-12T00:11:56.6396615Z   clean: true
Run tests	Run actions/checkout@v4	2026-04-12T00:11:56.6397038Z   sparse-checkout-cone-mode: true
Run tests	Run actions/checkout@v4	2026-04-12T00:11:56.6397541Z   fetch-depth: 1
Run tests	Run actions/checkout@v4	2026-04-12T00:11:56.6397959Z   fetch-tags: false
Run tests	Run actions/checkout@v4	2026-04-12T00:11:56.6398382Z   show-progress: true
Run tests	Run actions/checkout@v4	2026-04-12T00:11:56.6398807Z   lfs: false
Run tests	Run actions/checkout@v4	2026-04-12T00:11:56.6399202Z   submodules: false
Run tests	Run actions/checkout@v4	2026-04-12T00:11:56.6399636Z   set-safe-directory: true
Run tests	Run actions/checkout@v4	2026-04-12T00:11:56.6400430Z ##[endgroup]
Run tests	Run actions/checkout@v4	2026-04-12T00:11:56.7472350Z Syncing repository: Lakshmanshenoy/shenoylabs-web
Run tests	Run actions/checkout@v4	2026-04-12T00:11:56.7474731Z ##[group]Getting Git version info
Run tests	Run actions/checkout@v4	2026-04-12T00:11:56.7475567Z Working directory is '/home/runner/work/shenoylabs-web/shenoylabs-web'
Run tests	Run actions/checkout@v4	2026-04-12T00:11:56.7476738Z [command]/usr/bin/git version
Run tests	Run actions/checkout@v4	2026-04-12T00:11:56.7515518Z git version 2.53.0
Run tests	Run actions/checkout@v4	2026-04-12T00:11:56.7541421Z ##[endgroup]
Run tests	Run actions/checkout@v4	2026-04-12T00:11:56.7556356Z Temporarily overriding HOME='/home/runner/work/_temp/a1d86cf3-8ad3-40d6-b423-1ff5badf47fa' before making global git config changes
Run tests	Run actions/checkout@v4	2026-04-12T00:11:56.7557830Z Adding repository directory to the temporary git global config as a safe directory
Run tests	Run actions/checkout@v4	2026-04-12T00:11:56.7569407Z [command]/usr/bin/git config --global --add safe.directory /home/runner/work/shenoylabs-web/shenoylabs-web
Run tests	Run actions/checkout@v4	2026-04-12T00:11:56.7601005Z Deleting the contents of '/home/runner/work/shenoylabs-web/shenoylabs-web'
Run tests	Run actions/checkout@v4	2026-04-12T00:11:56.7604574Z ##[group]Initializing the repository
Run tests	Run actions/checkout@v4	2026-04-12T00:11:56.7608497Z [command]/usr/bin/git init /home/runner/work/shenoylabs-web/shenoylabs-web
Run tests	Run actions/checkout@v4	2026-04-12T00:11:56.7706227Z hint: Using 'master' as the name for the initial branch. This default branch name
Run tests	Run actions/checkout@v4	2026-04-12T00:11:56.7708398Z hint: will change to "main" in Git 3.0. To configure the initial branch name
Run tests	Run actions/checkout@v4	2026-04-12T00:11:56.7710938Z hint: to use in all of your new repositories, which will suppress this warning,
Run tests	Run actions/checkout@v4	2026-04-12T00:11:56.7712590Z hint: call:
Run tests	Run actions/checkout@v4	2026-04-12T00:11:56.7713599Z hint:
Run tests	Run actions/checkout@v4	2026-04-12T00:11:56.7714844Z hint: 	git config --global init.defaultBranch <name>
Run tests	Run actions/checkout@v4	2026-04-12T00:11:56.7716082Z hint:
Run tests	Run actions/checkout@v4	2026-04-12T00:11:56.7717148Z hint: Names commonly chosen instead of 'master' are 'main', 'trunk' and
Run tests	Run actions/checkout@v4	2026-04-12T00:11:56.7718962Z hint: 'development'. The just-created branch can be renamed via this command:
Run tests	Run actions/checkout@v4	2026-04-12T00:11:56.7720491Z hint:
Run tests	Run actions/checkout@v4	2026-04-12T00:11:56.7721339Z hint: 	git branch -m <name>
Run tests	Run actions/checkout@v4	2026-04-12T00:11:56.7722271Z hint:
Run tests	Run actions/checkout@v4	2026-04-12T00:11:56.7723686Z hint: Disable this message with "git config set advice.defaultBranchName false"
Run tests	Run actions/checkout@v4	2026-04-12T00:11:56.7725618Z Initialized empty Git repository in /home/runner/work/shenoylabs-web/shenoylabs-web/.git/
Run tests	Run actions/checkout@v4	2026-04-12T00:11:56.7728617Z [command]/usr/bin/git remote add origin https://github.com/Lakshmanshenoy/shenoylabs-web
Run tests	Run actions/checkout@v4	2026-04-12T00:11:56.7753596Z ##[endgroup]
Run tests	Run actions/checkout@v4	2026-04-12T00:11:56.7754984Z ##[group]Disabling automatic garbage collection
Run tests	Run actions/checkout@v4	2026-04-12T00:11:56.7758425Z [command]/usr/bin/git config --local gc.auto 0
Run tests	Run actions/checkout@v4	2026-04-12T00:11:56.7787412Z ##[endgroup]
Run tests	Run actions/checkout@v4	2026-04-12T00:11:56.7788775Z ##[group]Setting up auth
Run tests	Run actions/checkout@v4	2026-04-12T00:11:56.7795360Z [command]/usr/bin/git config --local --name-only --get-regexp core\.sshCommand
Run tests	Run actions/checkout@v4	2026-04-12T00:11:56.7825066Z [command]/usr/bin/git submodule foreach --recursive sh -c "git config --local --name-only --get-regexp 'core\.sshCommand' && git config --local --unset-all 'core.sshCommand' || :"
Run tests	Run actions/checkout@v4	2026-04-12T00:11:56.8111328Z [command]/usr/bin/git config --local --name-only --get-regexp http\.https\:\/\/github\.com\/\.extraheader
Run tests	Run actions/checkout@v4	2026-04-12T00:11:56.8141549Z [command]/usr/bin/git submodule foreach --recursive sh -c "git config --local --name-only --get-regexp 'http\.https\:\/\/github\.com\/\.extraheader' && git config --local --unset-all 'http.https://github.com/.extraheader' || :"
Run tests	Run actions/checkout@v4	2026-04-12T00:11:56.8351939Z [command]/usr/bin/git config --local --name-only --get-regexp ^includeIf\.gitdir:
Run tests	Run actions/checkout@v4	2026-04-12T00:11:56.8381664Z [command]/usr/bin/git submodule foreach --recursive git config --local --show-origin --name-only --get-regexp remote.origin.url
Run tests	Run actions/checkout@v4	2026-04-12T00:11:56.8602236Z [command]/usr/bin/git config --local http.https://github.com/.extraheader AUTHORIZATION: basic ***
Run tests	Run actions/checkout@v4	2026-04-12T00:11:56.8634869Z ##[endgroup]
Run tests	Run actions/checkout@v4	2026-04-12T00:11:56.8635637Z ##[group]Fetching the repository
Run tests	Run actions/checkout@v4	2026-04-12T00:11:56.8644201Z [command]/usr/bin/git -c protocol.version=2 fetch --no-tags --prune --no-recurse-submodules --depth=1 origin +bf4c1cc6a2ec462d878f6f64067423d856d3e7b5:refs/remotes/origin/main
Run tests	Run actions/checkout@v4	2026-04-12T00:11:57.0461328Z From https://github.com/Lakshmanshenoy/shenoylabs-web
Run tests	Run actions/checkout@v4	2026-04-12T00:11:57.0462375Z  * [new ref]         bf4c1cc6a2ec462d878f6f64067423d856d3e7b5 -> origin/main
Run tests	Run actions/checkout@v4	2026-04-12T00:11:57.0488478Z ##[endgroup]
Run tests	Run actions/checkout@v4	2026-04-12T00:11:57.0489222Z ##[group]Determining the checkout info
Run tests	Run actions/checkout@v4	2026-04-12T00:11:57.0490462Z ##[endgroup]
Run tests	Run actions/checkout@v4	2026-04-12T00:11:57.0495407Z [command]/usr/bin/git sparse-checkout disable
Run tests	Run actions/checkout@v4	2026-04-12T00:11:57.0532048Z [command]/usr/bin/git config --local --unset-all extensions.worktreeConfig
Run tests	Run actions/checkout@v4	2026-04-12T00:11:57.0555937Z ##[group]Checking out the ref
Run tests	Run actions/checkout@v4	2026-04-12T00:11:57.0559490Z [command]/usr/bin/git checkout --progress --force -B main refs/remotes/origin/main
Run tests	Run actions/checkout@v4	2026-04-12T00:11:57.0669157Z Switched to a new branch 'main'
Run tests	Run actions/checkout@v4	2026-04-12T00:11:57.0670911Z branch 'main' set up to track 'origin/main'.
Run tests	Run actions/checkout@v4	2026-04-12T00:11:57.0678806Z ##[endgroup]
Run tests	Run actions/checkout@v4	2026-04-12T00:11:57.0715342Z [command]/usr/bin/git log -1 --format=%H
Run tests	Run actions/checkout@v4	2026-04-12T00:11:57.0737032Z bf4c1cc6a2ec462d878f6f64067423d856d3e7b5
Run tests	Setup Node.js	﻿2026-04-12T00:11:57.0987685Z ##[group]Run actions/setup-node@v4
Run tests	Setup Node.js	2026-04-12T00:11:57.0988294Z with:
Run tests	Setup Node.js	2026-04-12T00:11:57.0988672Z   node-version: 20
Run tests	Setup Node.js	2026-04-12T00:11:57.0989089Z   always-auth: false
Run tests	Setup Node.js	2026-04-12T00:11:57.0989509Z   check-latest: false
Run tests	Setup Node.js	2026-04-12T00:11:57.0990092Z   token: ***
Run tests	Setup Node.js	2026-04-12T00:11:57.0990479Z ##[endgroup]
Run tests	Setup Node.js	2026-04-12T00:11:57.2941709Z Found in cache @ /opt/hostedtoolcache/node/20.20.2/x64
Run tests	Setup Node.js	2026-04-12T00:11:57.2947613Z ##[group]Environment details
Run tests	Setup Node.js	2026-04-12T00:11:59.9300685Z node: v20.20.2
Run tests	Setup Node.js	2026-04-12T00:11:59.9302418Z npm: 10.8.2
Run tests	Setup Node.js	2026-04-12T00:11:59.9303335Z yarn: 1.22.22
Run tests	Setup Node.js	2026-04-12T00:11:59.9304871Z ##[endgroup]
Run tests	Enable Corepack + prepare pnpm	﻿2026-04-12T00:11:59.9426067Z ##[group]Run corepack enable && corepack prepare pnpm@8 --activate
Run tests	Enable Corepack + prepare pnpm	2026-04-12T00:11:59.9426969Z [36;1mcorepack enable && corepack prepare pnpm@8 --activate[0m
Run tests	Enable Corepack + prepare pnpm	2026-04-12T00:11:59.9570216Z shell: /usr/bin/bash -e {0}
Run tests	Enable Corepack + prepare pnpm	2026-04-12T00:11:59.9570822Z ##[endgroup]
Run tests	Enable Corepack + prepare pnpm	2026-04-12T00:12:00.4037543Z Preparing pnpm@8 for immediate activation...
Run tests	Setup pnpm	﻿2026-04-12T00:12:01.0774710Z ##[group]Run pnpm/action-setup@v2
Run tests	Setup pnpm	2026-04-12T00:12:01.0775009Z with:
Run tests	Setup pnpm	2026-04-12T00:12:01.0775185Z   version: 8
Run tests	Setup pnpm	2026-04-12T00:12:01.0775369Z   dest: ~/setup-pnpm
Run tests	Setup pnpm	2026-04-12T00:12:01.0775588Z   run_install: null
Run tests	Setup pnpm	2026-04-12T00:12:01.0775788Z   package_json_file: package.json
Run tests	Setup pnpm	2026-04-12T00:12:01.0776049Z   standalone: false
Run tests	Setup pnpm	2026-04-12T00:12:01.0776246Z ##[endgroup]
Run tests	Setup pnpm	2026-04-12T00:12:01.1657316Z ##[group]Running self-installer...
Run tests	Setup pnpm	2026-04-12T00:12:01.7367449Z Progress: resolved 1, reused 0, downloaded 0, added 0
Run tests	Setup pnpm	2026-04-12T00:12:01.7458199Z Packages: +1
Run tests	Setup pnpm	2026-04-12T00:12:01.7458604Z +
Run tests	Setup pnpm	2026-04-12T00:12:02.3340391Z Packages are hard linked from the content-addressable store to the virtual store.
Run tests	Setup pnpm	2026-04-12T00:12:02.3341720Z   Content-addressable store is at: /home/runner/.local/share/pnpm/store/v3
Run tests	Setup pnpm	2026-04-12T00:12:02.3342687Z   Virtual store is at:             node_modules/.pnpm
Run tests	Setup pnpm	2026-04-12T00:12:02.3567247Z 
Run tests	Setup pnpm	2026-04-12T00:12:02.3568111Z dependencies:
Run tests	Setup pnpm	2026-04-12T00:12:02.3568787Z + pnpm 8.15.9 (10.33.0 is available)
Run tests	Setup pnpm	2026-04-12T00:12:02.3569253Z 
Run tests	Setup pnpm	2026-04-12T00:12:02.3596717Z Done in 1s
Run tests	Setup pnpm	2026-04-12T00:12:02.7379579Z Progress: resolved 1, reused 0, downloaded 1, added 1, done
Run tests	Setup pnpm	2026-04-12T00:12:02.7518152Z ##[endgroup]
Run tests	Setup pnpm	2026-04-12T00:12:02.7522276Z Installation Completed!
Run tests	Install dependencies	﻿2026-04-12T00:12:02.7602449Z ##[group]Run pnpm install --frozen-lockfile
Run tests	Install dependencies	2026-04-12T00:12:02.7602834Z [36;1mpnpm install --frozen-lockfile[0m
Run tests	Install dependencies	2026-04-12T00:12:02.7625084Z shell: /usr/bin/bash -e {0}
Run tests	Install dependencies	2026-04-12T00:12:02.7625321Z env:
Run tests	Install dependencies	2026-04-12T00:12:02.7625562Z   PNPM_HOME: /home/runner/setup-pnpm/node_modules/.bin
Run tests	Install dependencies	2026-04-12T00:12:02.7625855Z ##[endgroup]
Run tests	Install dependencies	2026-04-12T00:12:03.3031354Z  WARN  Ignoring not compatible lockfile at /home/runner/work/shenoylabs-web/shenoylabs-web/pnpm-lock.yaml
Run tests	Install dependencies	2026-04-12T00:12:03.3050730Z  ERR_PNPM_NO_LOCKFILE  Cannot install with "frozen-lockfile" because pnpm-lock.yaml is absent
Run tests	Install dependencies	2026-04-12T00:12:03.3051507Z 
Run tests	Install dependencies	2026-04-12T00:12:03.3052529Z Note that in CI environments this setting is true by default. If you still need to run install in such cases, use "pnpm install --no-frozen-lockfile"
Run tests	Install dependencies	2026-04-12T00:12:03.3248210Z ##[error]Process completed with exit code 1.
Run tests	Post Setup pnpm	﻿2026-04-12T00:12:03.3326308Z Post job cleanup.
Run tests	Post Setup pnpm	2026-04-12T00:12:03.4201469Z Pruning is unnecessary.
Run tests	Post Run actions/checkout@v4	﻿2026-04-12T00:12:03.4326184Z Post job cleanup.
Run tests	Post Run actions/checkout@v4	2026-04-12T00:12:03.5245267Z [command]/usr/bin/git version
Run tests	Post Run actions/checkout@v4	2026-04-12T00:12:03.5280242Z git version 2.53.0
Run tests	Post Run actions/checkout@v4	2026-04-12T00:12:03.5324185Z Temporarily overriding HOME='/home/runner/work/_temp/80473e69-baf2-45db-8f57-5fbebaf4bc91' before making global git config changes
Run tests	Post Run actions/checkout@v4	2026-04-12T00:12:03.5325499Z Adding repository directory to the temporary git global config as a safe directory
Run tests	Post Run actions/checkout@v4	2026-04-12T00:12:03.5329813Z [command]/usr/bin/git config --global --add safe.directory /home/runner/work/shenoylabs-web/shenoylabs-web
Run tests	Post Run actions/checkout@v4	2026-04-12T00:12:03.5364188Z [command]/usr/bin/git config --local --name-only --get-regexp core\.sshCommand
Run tests	Post Run actions/checkout@v4	2026-04-12T00:12:03.5398867Z [command]/usr/bin/git submodule foreach --recursive sh -c "git config --local --name-only --get-regexp 'core\.sshCommand' && git config --local --unset-all 'core.sshCommand' || :"
Run tests	Post Run actions/checkout@v4	2026-04-12T00:12:03.5615443Z [command]/usr/bin/git config --local --name-only --get-regexp http\.https\:\/\/github\.com\/\.extraheader
Run tests	Post Run actions/checkout@v4	2026-04-12T00:12:03.5634654Z http.https://github.com/.extraheader
Run tests	Post Run actions/checkout@v4	2026-04-12T00:12:03.5648349Z [command]/usr/bin/git config --local --unset-all http.https://github.com/.extraheader
Run tests	Post Run actions/checkout@v4	2026-04-12T00:12:03.5677769Z [command]/usr/bin/git submodule foreach --recursive sh -c "git config --local --name-only --get-regexp 'http\.https\:\/\/github\.com\/\.extraheader' && git config --local --unset-all 'http.https://github.com/.extraheader' || :"
Run tests	Post Run actions/checkout@v4	2026-04-12T00:12:03.5887496Z [command]/usr/bin/git config --local --name-only --get-regexp ^includeIf\.gitdir:
Run tests	Post Run actions/checkout@v4	2026-04-12T00:12:03.5916643Z [command]/usr/bin/git submodule foreach --recursive git config --local --show-origin --name-only --get-regexp remote.origin.url
Run tests	Complete job	﻿2026-04-12T00:12:03.6226719Z Cleaning up orphan processes
Run tests	Complete job	2026-04-12T00:12:03.6479715Z ##[warning]Node.js 20 actions are deprecated. The following actions are running on Node.js 20 and may not work as expected: actions/checkout@v4, actions/setup-node@v4, pnpm/action-setup@v2. Actions will be forced to run with Node.js 24 by default starting June 2nd, 2026. Node.js 20 will be removed from the runner on September 16th, 2026. Please check if updated versions of these actions are available that support Node.js 24. To opt into Node.js 24 now, set the FORCE_JAVASCRIPT_ACTIONS_TO_NODE24=true environment variable on the runner or in your workflow file. Once Node.js 24 becomes the default, you can temporarily opt out by setting ACTIONS_ALLOW_USE_UNSECURE_NODE_VERSION=true. For more information see: https://github.blog/changelog/2025-09-19-deprecation-of-node-20-on-github-actions-runners/
Generate and upload check reports	Set up job	﻿2026-04-12T00:12:08.2225559Z Current runner version: '2.333.1'
Generate and upload check reports	Set up job	2026-04-12T00:12:08.2258751Z ##[group]Runner Image Provisioner
Generate and upload check reports	Set up job	2026-04-12T00:12:08.2259821Z Hosted Compute Agent
Generate and upload check reports	Set up job	2026-04-12T00:12:08.2260775Z Version: 20260213.493
Generate and upload check reports	Set up job	2026-04-12T00:12:08.2261617Z Commit: 5c115507f6dd24b8de37d8bbe0bb4509d0cc0fa3
Generate and upload check reports	Set up job	2026-04-12T00:12:08.2262727Z Build Date: 2026-02-13T00:28:41Z
Generate and upload check reports	Set up job	2026-04-12T00:12:08.2263713Z Worker ID: {f2d52d15-91d5-45d9-a46a-7f4acd90099a}
Generate and upload check reports	Set up job	2026-04-12T00:12:08.2265217Z Azure Region: eastus
Generate and upload check reports	Set up job	2026-04-12T00:12:08.2265972Z ##[endgroup]
Generate and upload check reports	Set up job	2026-04-12T00:12:08.2268027Z ##[group]Operating System
Generate and upload check reports	Set up job	2026-04-12T00:12:08.2268942Z Ubuntu
Generate and upload check reports	Set up job	2026-04-12T00:12:08.2269630Z 24.04.4
Generate and upload check reports	Set up job	2026-04-12T00:12:08.2270438Z LTS
Generate and upload check reports	Set up job	2026-04-12T00:12:08.2271069Z ##[endgroup]
Generate and upload check reports	Set up job	2026-04-12T00:12:08.2271803Z ##[group]Runner Image
Generate and upload check reports	Set up job	2026-04-12T00:12:08.2272607Z Image: ubuntu-24.04
Generate and upload check reports	Set up job	2026-04-12T00:12:08.2273393Z Version: 20260406.80.1
Generate and upload check reports	Set up job	2026-04-12T00:12:08.2275128Z Included Software: https://github.com/actions/runner-images/blob/ubuntu24/20260406.80/images/ubuntu/Ubuntu2404-Readme.md
Generate and upload check reports	Set up job	2026-04-12T00:12:08.2277822Z Image Release: https://github.com/actions/runner-images/releases/tag/ubuntu24%2F20260406.80
Generate and upload check reports	Set up job	2026-04-12T00:12:08.2279177Z ##[endgroup]
Generate and upload check reports	Set up job	2026-04-12T00:12:08.2280903Z ##[group]GITHUB_TOKEN Permissions
Generate and upload check reports	Set up job	2026-04-12T00:12:08.2283705Z Contents: read
Generate and upload check reports	Set up job	2026-04-12T00:12:08.2284725Z Metadata: read
Generate and upload check reports	Set up job	2026-04-12T00:12:08.2285507Z Packages: read
Generate and upload check reports	Set up job	2026-04-12T00:12:08.2286239Z ##[endgroup]
Generate and upload check reports	Set up job	2026-04-12T00:12:08.2288947Z Secret source: Actions
Generate and upload check reports	Set up job	2026-04-12T00:12:08.2289968Z Prepare workflow directory
Generate and upload check reports	Set up job	2026-04-12T00:12:08.2726652Z Prepare all required actions
Generate and upload check reports	Set up job	2026-04-12T00:12:08.2778460Z Getting action download info
Generate and upload check reports	Set up job	2026-04-12T00:12:08.5674795Z Download action repository 'actions/checkout@v4' (SHA:34e114876b0b11c390a56381ad16ebd13914f8d5)
Generate and upload check reports	Set up job	2026-04-12T00:12:08.7196124Z Download action repository 'actions/setup-node@v4' (SHA:49933ea5288caeca8642d1e84afbd3f7d6820020)
Generate and upload check reports	Set up job	2026-04-12T00:12:08.8095318Z Download action repository 'pnpm/action-setup@v2' (SHA:eae0cfeb286e66ffb5155f1a79b90583a127a68b)
Generate and upload check reports	Set up job	2026-04-12T00:12:09.1408727Z Download action repository 'actions/upload-artifact@v4' (SHA:ea165f8d65b6e75b540449e92b4886f43607fa02)
Generate and upload check reports	Set up job	2026-04-12T00:12:09.3625558Z Complete job name: Generate and upload check reports
Generate and upload check reports	Run actions/checkout@v4	﻿2026-04-12T00:12:09.4306018Z ##[group]Run actions/checkout@v4
Generate and upload check reports	Run actions/checkout@v4	2026-04-12T00:12:09.4306999Z with:
Generate and upload check reports	Run actions/checkout@v4	2026-04-12T00:12:09.4307424Z   repository: Lakshmanshenoy/shenoylabs-web
Generate and upload check reports	Run actions/checkout@v4	2026-04-12T00:12:09.4308114Z   token: ***
Generate and upload check reports	Run actions/checkout@v4	2026-04-12T00:12:09.4308486Z   ssh-strict: true
Generate and upload check reports	Run actions/checkout@v4	2026-04-12T00:12:09.4308869Z   ssh-user: git
Generate and upload check reports	Run actions/checkout@v4	2026-04-12T00:12:09.4309288Z   persist-credentials: true
Generate and upload check reports	Run actions/checkout@v4	2026-04-12T00:12:09.4309721Z   clean: true
Generate and upload check reports	Run actions/checkout@v4	2026-04-12T00:12:09.4310099Z   sparse-checkout-cone-mode: true
Generate and upload check reports	Run actions/checkout@v4	2026-04-12T00:12:09.4310550Z   fetch-depth: 1
Generate and upload check reports	Run actions/checkout@v4	2026-04-12T00:12:09.4310909Z   fetch-tags: false
Generate and upload check reports	Run actions/checkout@v4	2026-04-12T00:12:09.4311287Z   show-progress: true
Generate and upload check reports	Run actions/checkout@v4	2026-04-12T00:12:09.4311672Z   lfs: false
Generate and upload check reports	Run actions/checkout@v4	2026-04-12T00:12:09.4312016Z   submodules: false
Generate and upload check reports	Run actions/checkout@v4	2026-04-12T00:12:09.4312406Z   set-safe-directory: true
Generate and upload check reports	Run actions/checkout@v4	2026-04-12T00:12:09.4313015Z ##[endgroup]
Generate and upload check reports	Run actions/checkout@v4	2026-04-12T00:12:09.5383972Z Syncing repository: Lakshmanshenoy/shenoylabs-web
Generate and upload check reports	Run actions/checkout@v4	2026-04-12T00:12:09.5386391Z ##[group]Getting Git version info
Generate and upload check reports	Run actions/checkout@v4	2026-04-12T00:12:09.5387135Z Working directory is '/home/runner/work/shenoylabs-web/shenoylabs-web'
Generate and upload check reports	Run actions/checkout@v4	2026-04-12T00:12:09.5388169Z [command]/usr/bin/git version
Generate and upload check reports	Run actions/checkout@v4	2026-04-12T00:12:09.5430789Z git version 2.53.0
Generate and upload check reports	Run actions/checkout@v4	2026-04-12T00:12:09.5454893Z ##[endgroup]
Generate and upload check reports	Run actions/checkout@v4	2026-04-12T00:12:09.5468602Z Temporarily overriding HOME='/home/runner/work/_temp/8c32ff9c-72d3-484c-afb2-72460f7f4565' before making global git config changes
Generate and upload check reports	Run actions/checkout@v4	2026-04-12T00:12:09.5470635Z Adding repository directory to the temporary git global config as a safe directory
Generate and upload check reports	Run actions/checkout@v4	2026-04-12T00:12:09.5481436Z [command]/usr/bin/git config --global --add safe.directory /home/runner/work/shenoylabs-web/shenoylabs-web
Generate and upload check reports	Run actions/checkout@v4	2026-04-12T00:12:09.5513398Z Deleting the contents of '/home/runner/work/shenoylabs-web/shenoylabs-web'
Generate and upload check reports	Run actions/checkout@v4	2026-04-12T00:12:09.5517036Z ##[group]Initializing the repository
Generate and upload check reports	Run actions/checkout@v4	2026-04-12T00:12:09.5521059Z [command]/usr/bin/git init /home/runner/work/shenoylabs-web/shenoylabs-web
Generate and upload check reports	Run actions/checkout@v4	2026-04-12T00:12:09.5586192Z hint: Using 'master' as the name for the initial branch. This default branch name
Generate and upload check reports	Run actions/checkout@v4	2026-04-12T00:12:09.5587688Z hint: will change to "main" in Git 3.0. To configure the initial branch name
Generate and upload check reports	Run actions/checkout@v4	2026-04-12T00:12:09.5588643Z hint: to use in all of your new repositories, which will suppress this warning,
Generate and upload check reports	Run actions/checkout@v4	2026-04-12T00:12:09.5589310Z hint: call:
Generate and upload check reports	Run actions/checkout@v4	2026-04-12T00:12:09.5589658Z hint:
Generate and upload check reports	Run actions/checkout@v4	2026-04-12T00:12:09.5590107Z hint: 	git config --global init.defaultBranch <name>
Generate and upload check reports	Run actions/checkout@v4	2026-04-12T00:12:09.5590661Z hint:
Generate and upload check reports	Run actions/checkout@v4	2026-04-12T00:12:09.5591166Z hint: Names commonly chosen instead of 'master' are 'main', 'trunk' and
Generate and upload check reports	Run actions/checkout@v4	2026-04-12T00:12:09.5591994Z hint: 'development'. The just-created branch can be renamed via this command:
Generate and upload check reports	Run actions/checkout@v4	2026-04-12T00:12:09.5592957Z hint:
Generate and upload check reports	Run actions/checkout@v4	2026-04-12T00:12:09.5593508Z hint: 	git branch -m <name>
Generate and upload check reports	Run actions/checkout@v4	2026-04-12T00:12:09.5593930Z hint:
Generate and upload check reports	Run actions/checkout@v4	2026-04-12T00:12:09.5594708Z hint: Disable this message with "git config set advice.defaultBranchName false"
Generate and upload check reports	Run actions/checkout@v4	2026-04-12T00:12:09.5595720Z Initialized empty Git repository in /home/runner/work/shenoylabs-web/shenoylabs-web/.git/
Generate and upload check reports	Run actions/checkout@v4	2026-04-12T00:12:09.5599116Z [command]/usr/bin/git remote add origin https://github.com/Lakshmanshenoy/shenoylabs-web
Generate and upload check reports	Run actions/checkout@v4	2026-04-12T00:12:09.5629092Z ##[endgroup]
Generate and upload check reports	Run actions/checkout@v4	2026-04-12T00:12:09.5630096Z ##[group]Disabling automatic garbage collection
Generate and upload check reports	Run actions/checkout@v4	2026-04-12T00:12:09.5632785Z [command]/usr/bin/git config --local gc.auto 0
Generate and upload check reports	Run actions/checkout@v4	2026-04-12T00:12:09.5661103Z ##[endgroup]
Generate and upload check reports	Run actions/checkout@v4	2026-04-12T00:12:09.5662040Z ##[group]Setting up auth
Generate and upload check reports	Run actions/checkout@v4	2026-04-12T00:12:09.5667579Z [command]/usr/bin/git config --local --name-only --get-regexp core\.sshCommand
Generate and upload check reports	Run actions/checkout@v4	2026-04-12T00:12:09.5698072Z [command]/usr/bin/git submodule foreach --recursive sh -c "git config --local --name-only --get-regexp 'core\.sshCommand' && git config --local --unset-all 'core.sshCommand' || :"
Generate and upload check reports	Run actions/checkout@v4	2026-04-12T00:12:09.5986388Z [command]/usr/bin/git config --local --name-only --get-regexp http\.https\:\/\/github\.com\/\.extraheader
Generate and upload check reports	Run actions/checkout@v4	2026-04-12T00:12:09.6015759Z [command]/usr/bin/git submodule foreach --recursive sh -c "git config --local --name-only --get-regexp 'http\.https\:\/\/github\.com\/\.extraheader' && git config --local --unset-all 'http.https://github.com/.extraheader' || :"
Generate and upload check reports	Run actions/checkout@v4	2026-04-12T00:12:09.6241770Z [command]/usr/bin/git config --local --name-only --get-regexp ^includeIf\.gitdir:
Generate and upload check reports	Run actions/checkout@v4	2026-04-12T00:12:09.6280335Z [command]/usr/bin/git submodule foreach --recursive git config --local --show-origin --name-only --get-regexp remote.origin.url
Generate and upload check reports	Run actions/checkout@v4	2026-04-12T00:12:09.6509865Z [command]/usr/bin/git config --local http.https://github.com/.extraheader AUTHORIZATION: basic ***
Generate and upload check reports	Run actions/checkout@v4	2026-04-12T00:12:09.6543341Z ##[endgroup]
Generate and upload check reports	Run actions/checkout@v4	2026-04-12T00:12:09.6544306Z ##[group]Fetching the repository
Generate and upload check reports	Run actions/checkout@v4	2026-04-12T00:12:09.6552138Z [command]/usr/bin/git -c protocol.version=2 fetch --no-tags --prune --no-recurse-submodules --depth=1 origin +bf4c1cc6a2ec462d878f6f64067423d856d3e7b5:refs/remotes/origin/main
Generate and upload check reports	Run actions/checkout@v4	2026-04-12T00:12:09.8252529Z From https://github.com/Lakshmanshenoy/shenoylabs-web
Generate and upload check reports	Run actions/checkout@v4	2026-04-12T00:12:09.8254180Z  * [new ref]         bf4c1cc6a2ec462d878f6f64067423d856d3e7b5 -> origin/main
Generate and upload check reports	Run actions/checkout@v4	2026-04-12T00:12:09.8281627Z ##[endgroup]
Generate and upload check reports	Run actions/checkout@v4	2026-04-12T00:12:09.8282555Z ##[group]Determining the checkout info
Generate and upload check reports	Run actions/checkout@v4	2026-04-12T00:12:09.8283889Z ##[endgroup]
Generate and upload check reports	Run actions/checkout@v4	2026-04-12T00:12:09.8289129Z [command]/usr/bin/git sparse-checkout disable
Generate and upload check reports	Run actions/checkout@v4	2026-04-12T00:12:09.8326109Z [command]/usr/bin/git config --local --unset-all extensions.worktreeConfig
Generate and upload check reports	Run actions/checkout@v4	2026-04-12T00:12:09.8355349Z ##[group]Checking out the ref
Generate and upload check reports	Run actions/checkout@v4	2026-04-12T00:12:09.8356347Z [command]/usr/bin/git checkout --progress --force -B main refs/remotes/origin/main
Generate and upload check reports	Run actions/checkout@v4	2026-04-12T00:12:09.8465085Z Switched to a new branch 'main'
Generate and upload check reports	Run actions/checkout@v4	2026-04-12T00:12:09.8467656Z branch 'main' set up to track 'origin/main'.
Generate and upload check reports	Run actions/checkout@v4	2026-04-12T00:12:09.8474245Z ##[endgroup]
Generate and upload check reports	Run actions/checkout@v4	2026-04-12T00:12:09.8507194Z [command]/usr/bin/git log -1 --format=%H
Generate and upload check reports	Run actions/checkout@v4	2026-04-12T00:12:09.8529621Z bf4c1cc6a2ec462d878f6f64067423d856d3e7b5
Generate and upload check reports	Setup Node.js	﻿2026-04-12T00:12:09.8780951Z ##[group]Run actions/setup-node@v4
Generate and upload check reports	Setup Node.js	2026-04-12T00:12:09.8781628Z with:
Generate and upload check reports	Setup Node.js	2026-04-12T00:12:09.8782049Z   node-version: 20
Generate and upload check reports	Setup Node.js	2026-04-12T00:12:09.8782796Z   always-auth: false
Generate and upload check reports	Setup Node.js	2026-04-12T00:12:09.8783309Z   check-latest: false
Generate and upload check reports	Setup Node.js	2026-04-12T00:12:09.8783913Z   token: ***
Generate and upload check reports	Setup Node.js	2026-04-12T00:12:09.8784434Z ##[endgroup]
Generate and upload check reports	Setup Node.js	2026-04-12T00:12:10.0536582Z Found in cache @ /opt/hostedtoolcache/node/20.20.2/x64
Generate and upload check reports	Setup Node.js	2026-04-12T00:12:10.0543249Z ##[group]Environment details
Generate and upload check reports	Setup Node.js	2026-04-12T00:12:10.3643046Z node: v20.20.2
Generate and upload check reports	Setup Node.js	2026-04-12T00:12:10.3644074Z npm: 10.8.2
Generate and upload check reports	Setup Node.js	2026-04-12T00:12:10.3644920Z yarn: 1.22.22
Generate and upload check reports	Setup Node.js	2026-04-12T00:12:10.3646153Z ##[endgroup]
Generate and upload check reports	Enable Corepack + prepare pnpm	﻿2026-04-12T00:12:10.3817270Z ##[group]Run corepack enable && corepack prepare pnpm@8 --activate
Generate and upload check reports	Enable Corepack + prepare pnpm	2026-04-12T00:12:10.3818276Z [36;1mcorepack enable && corepack prepare pnpm@8 --activate[0m
Generate and upload check reports	Enable Corepack + prepare pnpm	2026-04-12T00:12:10.3852376Z shell: /usr/bin/bash -e {0}
Generate and upload check reports	Enable Corepack + prepare pnpm	2026-04-12T00:12:10.3852929Z ##[endgroup]
Generate and upload check reports	Enable Corepack + prepare pnpm	2026-04-12T00:12:10.8035243Z Preparing pnpm@8 for immediate activation...
Generate and upload check reports	Setup pnpm	﻿2026-04-12T00:12:11.3823220Z ##[group]Run pnpm/action-setup@v2
Generate and upload check reports	Setup pnpm	2026-04-12T00:12:11.3824376Z with:
Generate and upload check reports	Setup pnpm	2026-04-12T00:12:11.3825327Z   version: 8
Generate and upload check reports	Setup pnpm	2026-04-12T00:12:11.3826155Z   dest: ~/setup-pnpm
Generate and upload check reports	Setup pnpm	2026-04-12T00:12:11.3827077Z   run_install: null
Generate and upload check reports	Setup pnpm	2026-04-12T00:12:11.3827989Z   package_json_file: package.json
Generate and upload check reports	Setup pnpm	2026-04-12T00:12:11.3829059Z   standalone: false
Generate and upload check reports	Setup pnpm	2026-04-12T00:12:11.3829908Z ##[endgroup]
Generate and upload check reports	Setup pnpm	2026-04-12T00:12:11.4735686Z ##[group]Running self-installer...
Generate and upload check reports	Setup pnpm	2026-04-12T00:12:12.0056675Z Progress: resolved 1, reused 0, downloaded 0, added 0
Generate and upload check reports	Setup pnpm	2026-04-12T00:12:12.0143555Z Packages: +1
Generate and upload check reports	Setup pnpm	2026-04-12T00:12:12.0145126Z +
Generate and upload check reports	Setup pnpm	2026-04-12T00:12:12.6258109Z Packages are hard linked from the content-addressable store to the virtual store.
Generate and upload check reports	Setup pnpm	2026-04-12T00:12:12.6259254Z   Content-addressable store is at: /home/runner/.local/share/pnpm/store/v3
Generate and upload check reports	Setup pnpm	2026-04-12T00:12:12.6260213Z   Virtual store is at:             node_modules/.pnpm
Generate and upload check reports	Setup pnpm	2026-04-12T00:12:12.6458271Z 
Generate and upload check reports	Setup pnpm	2026-04-12T00:12:12.6458796Z dependencies:
Generate and upload check reports	Setup pnpm	2026-04-12T00:12:12.6459254Z + pnpm 8.15.9 (10.33.0 is available)
Generate and upload check reports	Setup pnpm	2026-04-12T00:12:12.6459697Z 
Generate and upload check reports	Setup pnpm	2026-04-12T00:12:12.6484189Z Done in 1s
Generate and upload check reports	Setup pnpm	2026-04-12T00:12:13.0076205Z Progress: resolved 1, reused 0, downloaded 1, added 1, done
Generate and upload check reports	Setup pnpm	2026-04-12T00:12:13.0223742Z ##[endgroup]
Generate and upload check reports	Setup pnpm	2026-04-12T00:12:13.0228187Z Installation Completed!
Generate and upload check reports	Install dependencies	﻿2026-04-12T00:12:13.0319021Z ##[group]Run pnpm install --frozen-lockfile
Generate and upload check reports	Install dependencies	2026-04-12T00:12:13.0319385Z [36;1mpnpm install --frozen-lockfile[0m
Generate and upload check reports	Install dependencies	2026-04-12T00:12:13.0343834Z shell: /usr/bin/bash -e {0}
Generate and upload check reports	Install dependencies	2026-04-12T00:12:13.0344089Z env:
Generate and upload check reports	Install dependencies	2026-04-12T00:12:13.0344378Z   PNPM_HOME: /home/runner/setup-pnpm/node_modules/.bin
Generate and upload check reports	Install dependencies	2026-04-12T00:12:13.0344987Z ##[endgroup]
Generate and upload check reports	Install dependencies	2026-04-12T00:12:13.4807452Z  WARN  Ignoring not compatible lockfile at /home/runner/work/shenoylabs-web/shenoylabs-web/pnpm-lock.yaml
Generate and upload check reports	Install dependencies	2026-04-12T00:12:13.4825518Z  ERR_PNPM_NO_LOCKFILE  Cannot install with "frozen-lockfile" because pnpm-lock.yaml is absent
Generate and upload check reports	Install dependencies	2026-04-12T00:12:13.4826394Z 
Generate and upload check reports	Install dependencies	2026-04-12T00:12:13.4827341Z Note that in CI environments this setting is true by default. If you still need to run install in such cases, use "pnpm install --no-frozen-lockfile"
Generate and upload check reports	Install dependencies	2026-04-12T00:12:13.5058338Z ##[error]Process completed with exit code 1.
Generate and upload check reports	Post Setup pnpm	﻿2026-04-12T00:12:13.5140847Z Post job cleanup.
Generate and upload check reports	Post Setup pnpm	2026-04-12T00:12:13.6036172Z Pruning is unnecessary.
Generate and upload check reports	Post Run actions/checkout@v4	﻿2026-04-12T00:12:13.6166753Z Post job cleanup.
Generate and upload check reports	Post Run actions/checkout@v4	2026-04-12T00:12:13.7111194Z [command]/usr/bin/git version
Generate and upload check reports	Post Run actions/checkout@v4	2026-04-12T00:12:13.7164675Z git version 2.53.0
Generate and upload check reports	Post Run actions/checkout@v4	2026-04-12T00:12:13.7193750Z Temporarily overriding HOME='/home/runner/work/_temp/faebcda8-bd4b-4221-9d03-013483647a0b' before making global git config changes
Generate and upload check reports	Post Run actions/checkout@v4	2026-04-12T00:12:13.7195403Z Adding repository directory to the temporary git global config as a safe directory
Generate and upload check reports	Post Run actions/checkout@v4	2026-04-12T00:12:13.7209160Z [command]/usr/bin/git config --global --add safe.directory /home/runner/work/shenoylabs-web/shenoylabs-web
Generate and upload check reports	Post Run actions/checkout@v4	2026-04-12T00:12:13.7246990Z [command]/usr/bin/git config --local --name-only --get-regexp core\.sshCommand
Generate and upload check reports	Post Run actions/checkout@v4	2026-04-12T00:12:13.7283080Z [command]/usr/bin/git submodule foreach --recursive sh -c "git config --local --name-only --get-regexp 'core\.sshCommand' && git config --local --unset-all 'core.sshCommand' || :"
Generate and upload check reports	Post Run actions/checkout@v4	2026-04-12T00:12:13.7535606Z [command]/usr/bin/git config --local --name-only --get-regexp http\.https\:\/\/github\.com\/\.extraheader
Generate and upload check reports	Post Run actions/checkout@v4	2026-04-12T00:12:13.7559019Z http.https://github.com/.extraheader
Generate and upload check reports	Post Run actions/checkout@v4	2026-04-12T00:12:13.7572790Z [command]/usr/bin/git config --local --unset-all http.https://github.com/.extraheader
Generate and upload check reports	Post Run actions/checkout@v4	2026-04-12T00:12:13.7608475Z [command]/usr/bin/git submodule foreach --recursive sh -c "git config --local --name-only --get-regexp 'http\.https\:\/\/github\.com\/\.extraheader' && git config --local --unset-all 'http.https://github.com/.extraheader' || :"
Generate and upload check reports	Post Run actions/checkout@v4	2026-04-12T00:12:13.7862368Z [command]/usr/bin/git config --local --name-only --get-regexp ^includeIf\.gitdir:
Generate and upload check reports	Post Run actions/checkout@v4	2026-04-12T00:12:13.7896056Z [command]/usr/bin/git submodule foreach --recursive git config --local --show-origin --name-only --get-regexp remote.origin.url
Generate and upload check reports	Complete job	﻿2026-04-12T00:12:13.8251337Z Cleaning up orphan processes
Generate and upload check reports	Complete job	2026-04-12T00:12:13.8504953Z ##[warning]Node.js 20 actions are deprecated. The following actions are running on Node.js 20 and may not work as expected: actions/checkout@v4, actions/setup-node@v4, pnpm/action-setup@v2. Actions will be forced to run with Node.js 24 by default starting June 2nd, 2026. Node.js 20 will be removed from the runner on September 16th, 2026. Please check if updated versions of these actions are available that support Node.js 24. To opt into Node.js 24 now, set the FORCE_JAVASCRIPT_ACTIONS_TO_NODE24=true environment variable on the runner or in your workflow file. Once Node.js 24 becomes the default, you can temporarily opt out by setting ACTIONS_ALLOW_USE_UNSECURE_NODE_VERSION=true. For more information see: https://github.blog/changelog/2025-09-19-deprecation-of-node-20-on-github-actions-runners/
