Run tests	Set up job	﻿2026-04-12T00:35:43.6565044Z Current runner version: '2.333.1'
Run tests	Set up job	2026-04-12T00:35:43.6591312Z ##[group]Runner Image Provisioner
Run tests	Set up job	2026-04-12T00:35:43.6592448Z Hosted Compute Agent
Run tests	Set up job	2026-04-12T00:35:43.6592959Z Version: 20260213.493
Run tests	Set up job	2026-04-12T00:35:43.6593685Z Commit: 5c115507f6dd24b8de37d8bbe0bb4509d0cc0fa3
Run tests	Set up job	2026-04-12T00:35:43.6594366Z Build Date: 2026-02-13T00:28:41Z
Run tests	Set up job	2026-04-12T00:35:43.6594961Z Worker ID: {081c823e-03ef-43e3-98d7-113b6390f1e1}
Run tests	Set up job	2026-04-12T00:35:43.6595705Z Azure Region: eastus2
Run tests	Set up job	2026-04-12T00:35:43.6596212Z ##[endgroup]
Run tests	Set up job	2026-04-12T00:35:43.6597622Z ##[group]Operating System
Run tests	Set up job	2026-04-12T00:35:43.6598308Z Ubuntu
Run tests	Set up job	2026-04-12T00:35:43.6598813Z 24.04.4
Run tests	Set up job	2026-04-12T00:35:43.6599229Z LTS
Run tests	Set up job	2026-04-12T00:35:43.6599744Z ##[endgroup]
Run tests	Set up job	2026-04-12T00:35:43.6600220Z ##[group]Runner Image
Run tests	Set up job	2026-04-12T00:35:43.6600754Z Image: ubuntu-24.04
Run tests	Set up job	2026-04-12T00:35:43.6601380Z Version: 20260406.80.1
Run tests	Set up job	2026-04-12T00:35:43.6602584Z Included Software: https://github.com/actions/runner-images/blob/ubuntu24/20260406.80/images/ubuntu/Ubuntu2404-Readme.md
Run tests	Set up job	2026-04-12T00:35:43.6604243Z Image Release: https://github.com/actions/runner-images/releases/tag/ubuntu24%2F20260406.80
Run tests	Set up job	2026-04-12T00:35:43.6605147Z ##[endgroup]
Run tests	Set up job	2026-04-12T00:35:43.6606252Z ##[group]GITHUB_TOKEN Permissions
Run tests	Set up job	2026-04-12T00:35:43.6608460Z Contents: read
Run tests	Set up job	2026-04-12T00:35:43.6608984Z Metadata: read
Run tests	Set up job	2026-04-12T00:35:43.6609538Z Packages: read
Run tests	Set up job	2026-04-12T00:35:43.6610010Z ##[endgroup]
Run tests	Set up job	2026-04-12T00:35:43.6612721Z Secret source: Actions
Run tests	Set up job	2026-04-12T00:35:43.6614079Z Prepare workflow directory
Run tests	Set up job	2026-04-12T00:35:43.7037067Z Prepare all required actions
Run tests	Set up job	2026-04-12T00:35:43.7091885Z Getting action download info
Run tests	Set up job	2026-04-12T00:35:44.0956098Z Download action repository 'actions/checkout@v4' (SHA:34e114876b0b11c390a56381ad16ebd13914f8d5)
Run tests	Set up job	2026-04-12T00:35:44.2434480Z Download action repository 'actions/setup-node@v4' (SHA:49933ea5288caeca8642d1e84afbd3f7d6820020)
Run tests	Set up job	2026-04-12T00:35:44.3243855Z Download action repository 'pnpm/action-setup@v2' (SHA:eae0cfeb286e66ffb5155f1a79b90583a127a68b)
Run tests	Set up job	2026-04-12T00:35:44.7323622Z Complete job name: Run tests
Run tests	Run actions/checkout@v4	﻿2026-04-12T00:35:44.8064951Z ##[group]Run actions/checkout@v4
Run tests	Run actions/checkout@v4	2026-04-12T00:35:44.8065855Z with:
Run tests	Run actions/checkout@v4	2026-04-12T00:35:44.8066321Z   repository: Lakshmanshenoy/shenoylabs-web
Run tests	Run actions/checkout@v4	2026-04-12T00:35:44.8067072Z   token: ***
Run tests	Run actions/checkout@v4	2026-04-12T00:35:44.8067478Z   ssh-strict: true
Run tests	Run actions/checkout@v4	2026-04-12T00:35:44.8067898Z   ssh-user: git
Run tests	Run actions/checkout@v4	2026-04-12T00:35:44.8068311Z   persist-credentials: true
Run tests	Run actions/checkout@v4	2026-04-12T00:35:44.8068786Z   clean: true
Run tests	Run actions/checkout@v4	2026-04-12T00:35:44.8069205Z   sparse-checkout-cone-mode: true
Run tests	Run actions/checkout@v4	2026-04-12T00:35:44.8069706Z   fetch-depth: 1
Run tests	Run actions/checkout@v4	2026-04-12T00:35:44.8070114Z   fetch-tags: false
Run tests	Run actions/checkout@v4	2026-04-12T00:35:44.8070544Z   show-progress: true
Run tests	Run actions/checkout@v4	2026-04-12T00:35:44.8070959Z   lfs: false
Run tests	Run actions/checkout@v4	2026-04-12T00:35:44.8071381Z   submodules: false
Run tests	Run actions/checkout@v4	2026-04-12T00:35:44.8072009Z   set-safe-directory: true
Run tests	Run actions/checkout@v4	2026-04-12T00:35:44.8072715Z env:
Run tests	Run actions/checkout@v4	2026-04-12T00:35:44.8073141Z   FORCE_JAVASCRIPT_ACTIONS_TO_NODE24: true
Run tests	Run actions/checkout@v4	2026-04-12T00:35:44.8073686Z ##[endgroup]
Run tests	Run actions/checkout@v4	2026-04-12T00:35:44.9016536Z Syncing repository: Lakshmanshenoy/shenoylabs-web
Run tests	Run actions/checkout@v4	2026-04-12T00:35:44.9019523Z ##[group]Getting Git version info
Run tests	Run actions/checkout@v4	2026-04-12T00:35:44.9021107Z Working directory is '/home/runner/work/shenoylabs-web/shenoylabs-web'
Run tests	Run actions/checkout@v4	2026-04-12T00:35:44.9023516Z [command]/usr/bin/git version
Run tests	Run actions/checkout@v4	2026-04-12T00:35:44.9042763Z git version 2.53.0
Run tests	Run actions/checkout@v4	2026-04-12T00:35:44.9063995Z ##[endgroup]
Run tests	Run actions/checkout@v4	2026-04-12T00:35:44.9079764Z Temporarily overriding HOME='/home/runner/work/_temp/4c8c27b1-6a21-45b2-bab0-c90e824bf42a' before making global git config changes
Run tests	Run actions/checkout@v4	2026-04-12T00:35:44.9082730Z Adding repository directory to the temporary git global config as a safe directory
Run tests	Run actions/checkout@v4	2026-04-12T00:35:44.9085771Z [command]/usr/bin/git config --global --add safe.directory /home/runner/work/shenoylabs-web/shenoylabs-web
Run tests	Run actions/checkout@v4	2026-04-12T00:35:44.9119085Z Deleting the contents of '/home/runner/work/shenoylabs-web/shenoylabs-web'
Run tests	Run actions/checkout@v4	2026-04-12T00:35:44.9123105Z ##[group]Initializing the repository
Run tests	Run actions/checkout@v4	2026-04-12T00:35:44.9127724Z [command]/usr/bin/git init /home/runner/work/shenoylabs-web/shenoylabs-web
Run tests	Run actions/checkout@v4	2026-04-12T00:35:44.9206832Z hint: Using 'master' as the name for the initial branch. This default branch name
Run tests	Run actions/checkout@v4	2026-04-12T00:35:44.9208813Z hint: will change to "main" in Git 3.0. To configure the initial branch name
Run tests	Run actions/checkout@v4	2026-04-12T00:35:44.9210288Z hint: to use in all of your new repositories, which will suppress this warning,
Run tests	Run actions/checkout@v4	2026-04-12T00:35:44.9211045Z hint: call:
Run tests	Run actions/checkout@v4	2026-04-12T00:35:44.9211416Z hint:
Run tests	Run actions/checkout@v4	2026-04-12T00:35:44.9212271Z hint: 	git config --global init.defaultBranch <name>
Run tests	Run actions/checkout@v4	2026-04-12T00:35:44.9212892Z hint:
Run tests	Run actions/checkout@v4	2026-04-12T00:35:44.9213751Z hint: Names commonly chosen instead of 'master' are 'main', 'trunk' and
Run tests	Run actions/checkout@v4	2026-04-12T00:35:44.9215404Z hint: 'development'. The just-created branch can be renamed via this command:
Run tests	Run actions/checkout@v4	2026-04-12T00:35:44.9216674Z hint:
Run tests	Run actions/checkout@v4	2026-04-12T00:35:44.9217268Z hint: 	git branch -m <name>
Run tests	Run actions/checkout@v4	2026-04-12T00:35:44.9217732Z hint:
Run tests	Run actions/checkout@v4	2026-04-12T00:35:44.9218708Z hint: Disable this message with "git config set advice.defaultBranchName false"
Run tests	Run actions/checkout@v4	2026-04-12T00:35:44.9219968Z Initialized empty Git repository in /home/runner/work/shenoylabs-web/shenoylabs-web/.git/
Run tests	Run actions/checkout@v4	2026-04-12T00:35:44.9222149Z [command]/usr/bin/git remote add origin https://github.com/Lakshmanshenoy/shenoylabs-web
Run tests	Run actions/checkout@v4	2026-04-12T00:35:44.9250402Z ##[endgroup]
Run tests	Run actions/checkout@v4	2026-04-12T00:35:44.9251832Z ##[group]Disabling automatic garbage collection
Run tests	Run actions/checkout@v4	2026-04-12T00:35:44.9253640Z [command]/usr/bin/git config --local gc.auto 0
Run tests	Run actions/checkout@v4	2026-04-12T00:35:44.9282927Z ##[endgroup]
Run tests	Run actions/checkout@v4	2026-04-12T00:35:44.9284070Z ##[group]Setting up auth
Run tests	Run actions/checkout@v4	2026-04-12T00:35:44.9289221Z [command]/usr/bin/git config --local --name-only --get-regexp core\.sshCommand
Run tests	Run actions/checkout@v4	2026-04-12T00:35:44.9319529Z [command]/usr/bin/git submodule foreach --recursive sh -c "git config --local --name-only --get-regexp 'core\.sshCommand' && git config --local --unset-all 'core.sshCommand' || :"
Run tests	Run actions/checkout@v4	2026-04-12T00:35:44.9600754Z [command]/usr/bin/git config --local --name-only --get-regexp http\.https\:\/\/github\.com\/\.extraheader
Run tests	Run actions/checkout@v4	2026-04-12T00:35:44.9628536Z [command]/usr/bin/git submodule foreach --recursive sh -c "git config --local --name-only --get-regexp 'http\.https\:\/\/github\.com\/\.extraheader' && git config --local --unset-all 'http.https://github.com/.extraheader' || :"
Run tests	Run actions/checkout@v4	2026-04-12T00:35:44.9839879Z [command]/usr/bin/git config --local --name-only --get-regexp ^includeIf\.gitdir:
Run tests	Run actions/checkout@v4	2026-04-12T00:35:44.9894774Z [command]/usr/bin/git submodule foreach --recursive git config --local --show-origin --name-only --get-regexp remote.origin.url
Run tests	Run actions/checkout@v4	2026-04-12T00:35:45.0106766Z [command]/usr/bin/git config --local http.https://github.com/.extraheader AUTHORIZATION: basic ***
Run tests	Run actions/checkout@v4	2026-04-12T00:35:45.0138964Z ##[endgroup]
Run tests	Run actions/checkout@v4	2026-04-12T00:35:45.0139775Z ##[group]Fetching the repository
Run tests	Run actions/checkout@v4	2026-04-12T00:35:45.0148177Z [command]/usr/bin/git -c protocol.version=2 fetch --no-tags --prune --no-recurse-submodules --depth=1 origin +9250b534d846a895b650137b992a18aac6082c28:refs/remotes/origin/main
Run tests	Run actions/checkout@v4	2026-04-12T00:35:45.2134902Z From https://github.com/Lakshmanshenoy/shenoylabs-web
Run tests	Run actions/checkout@v4	2026-04-12T00:35:45.2136427Z  * [new ref]         9250b534d846a895b650137b992a18aac6082c28 -> origin/main
Run tests	Run actions/checkout@v4	2026-04-12T00:35:45.2162522Z ##[endgroup]
Run tests	Run actions/checkout@v4	2026-04-12T00:35:45.2163893Z ##[group]Determining the checkout info
Run tests	Run actions/checkout@v4	2026-04-12T00:35:45.2165750Z ##[endgroup]
Run tests	Run actions/checkout@v4	2026-04-12T00:35:45.2169761Z [command]/usr/bin/git sparse-checkout disable
Run tests	Run actions/checkout@v4	2026-04-12T00:35:45.2208005Z [command]/usr/bin/git config --local --unset-all extensions.worktreeConfig
Run tests	Run actions/checkout@v4	2026-04-12T00:35:45.2234544Z ##[group]Checking out the ref
Run tests	Run actions/checkout@v4	2026-04-12T00:35:45.2237009Z [command]/usr/bin/git checkout --progress --force -B main refs/remotes/origin/main
Run tests	Run actions/checkout@v4	2026-04-12T00:35:45.2345260Z Switched to a new branch 'main'
Run tests	Run actions/checkout@v4	2026-04-12T00:35:45.2347802Z branch 'main' set up to track 'origin/main'.
Run tests	Run actions/checkout@v4	2026-04-12T00:35:45.2355198Z ##[endgroup]
Run tests	Run actions/checkout@v4	2026-04-12T00:35:45.2388053Z [command]/usr/bin/git log -1 --format=%H
Run tests	Run actions/checkout@v4	2026-04-12T00:35:45.2409337Z 9250b534d846a895b650137b992a18aac6082c28
Run tests	Setup Node.js	﻿2026-04-12T00:35:45.2731785Z ##[group]Run actions/setup-node@v4
Run tests	Setup Node.js	2026-04-12T00:35:45.2732974Z with:
Run tests	Setup Node.js	2026-04-12T00:35:45.2733754Z   node-version: 24
Run tests	Setup Node.js	2026-04-12T00:35:45.2734650Z   always-auth: false
Run tests	Setup Node.js	2026-04-12T00:35:45.2735896Z   check-latest: false
Run tests	Setup Node.js	2026-04-12T00:35:45.2737184Z   token: ***
Run tests	Setup Node.js	2026-04-12T00:35:45.2738138Z env:
Run tests	Setup Node.js	2026-04-12T00:35:45.2739116Z   FORCE_JAVASCRIPT_ACTIONS_TO_NODE24: true
Run tests	Setup Node.js	2026-04-12T00:35:45.2740375Z ##[endgroup]
Run tests	Setup Node.js	2026-04-12T00:35:45.4089533Z Found in cache @ /opt/hostedtoolcache/node/24.14.1/x64
Run tests	Setup Node.js	2026-04-12T00:35:45.4094107Z (node:2310) [DEP0040] DeprecationWarning: The `punycode` module is deprecated. Please use a userland alternative instead.
Run tests	Setup Node.js	2026-04-12T00:35:45.4097452Z (Use `node --trace-deprecation ...` to show where the warning was created)
Run tests	Setup Node.js	2026-04-12T00:35:45.4099797Z ##[group]Environment details
Run tests	Setup Node.js	2026-04-12T00:35:45.7297845Z node: v24.14.1
Run tests	Setup Node.js	2026-04-12T00:35:45.7299610Z npm: 11.11.0
Run tests	Setup Node.js	2026-04-12T00:35:45.7301053Z yarn: 1.22.22
Run tests	Setup Node.js	2026-04-12T00:35:45.7304340Z ##[endgroup]
Run tests	Enable Corepack + prepare pnpm	﻿2026-04-12T00:35:45.7458442Z ##[group]Run corepack enable && corepack prepare pnpm@9 --activate
Run tests	Enable Corepack + prepare pnpm	2026-04-12T00:35:45.7460499Z [36;1mcorepack enable && corepack prepare pnpm@9 --activate[0m
Run tests	Enable Corepack + prepare pnpm	2026-04-12T00:35:45.7496493Z shell: /usr/bin/bash -e {0}
Run tests	Enable Corepack + prepare pnpm	2026-04-12T00:35:45.7497604Z env:
Run tests	Enable Corepack + prepare pnpm	2026-04-12T00:35:45.7498512Z   FORCE_JAVASCRIPT_ACTIONS_TO_NODE24: true
Run tests	Enable Corepack + prepare pnpm	2026-04-12T00:35:45.7499671Z ##[endgroup]
Run tests	Enable Corepack + prepare pnpm	2026-04-12T00:35:46.1773652Z Preparing pnpm@9 for immediate activation...
Run tests	Setup pnpm	﻿2026-04-12T00:35:46.9930301Z ##[group]Run pnpm/action-setup@v2
Run tests	Setup pnpm	2026-04-12T00:35:46.9930659Z with:
Run tests	Setup pnpm	2026-04-12T00:35:46.9930873Z   version: 9
Run tests	Setup pnpm	2026-04-12T00:35:46.9931087Z   dest: ~/setup-pnpm
Run tests	Setup pnpm	2026-04-12T00:35:46.9931319Z   run_install: null
Run tests	Setup pnpm	2026-04-12T00:35:46.9931813Z   package_json_file: package.json
Run tests	Setup pnpm	2026-04-12T00:35:46.9932105Z   standalone: false
Run tests	Setup pnpm	2026-04-12T00:35:46.9932322Z env:
Run tests	Setup pnpm	2026-04-12T00:35:46.9932541Z   FORCE_JAVASCRIPT_ACTIONS_TO_NODE24: true
Run tests	Setup pnpm	2026-04-12T00:35:46.9932830Z ##[endgroup]
Run tests	Setup pnpm	2026-04-12T00:35:47.0787782Z ##[group]Running self-installer...
Run tests	Setup pnpm	2026-04-12T00:35:47.4668889Z (node:2377) [DEP0169] DeprecationWarning: `url.parse()` behavior is not standardized and prone to errors that have security implications. Use the WHATWG URL API instead. CVEs are not issued for `url.parse()` vulnerabilities.
Run tests	Setup pnpm	2026-04-12T00:35:47.4671277Z (Use `node --trace-deprecation ...` to show where the warning was created)
Run tests	Setup pnpm	2026-04-12T00:35:47.6715649Z Progress: resolved 1, reused 0, downloaded 0, added 0
Run tests	Setup pnpm	2026-04-12T00:35:47.6807366Z Packages: +1
Run tests	Setup pnpm	2026-04-12T00:35:47.6807967Z +
Run tests	Setup pnpm	2026-04-12T00:35:48.5088554Z Packages are hard linked from the content-addressable store to the virtual store.
Run tests	Setup pnpm	2026-04-12T00:35:48.5089373Z   Content-addressable store is at: /home/runner/.local/share/pnpm/store/v3
Run tests	Setup pnpm	2026-04-12T00:35:48.5089876Z   Virtual store is at:             node_modules/.pnpm
Run tests	Setup pnpm	2026-04-12T00:35:48.5310318Z 
Run tests	Setup pnpm	2026-04-12T00:35:48.5310996Z dependencies:
Run tests	Setup pnpm	2026-04-12T00:35:48.5311683Z + pnpm 9.15.9 (10.33.0 is available)
Run tests	Setup pnpm	2026-04-12T00:35:48.5311931Z 
Run tests	Setup pnpm	2026-04-12T00:35:48.5343306Z Done in 1.2s
Run tests	Setup pnpm	2026-04-12T00:35:48.6721940Z Progress: resolved 1, reused 0, downloaded 1, added 1, done
Run tests	Setup pnpm	2026-04-12T00:35:48.6874936Z ##[endgroup]
Run tests	Setup pnpm	2026-04-12T00:35:48.6875714Z Installation Completed!
Run tests	Install dependencies	﻿2026-04-12T00:35:48.6968291Z ##[group]Run pnpm install --frozen-lockfile
Run tests	Install dependencies	2026-04-12T00:35:48.6968681Z [36;1mpnpm install --frozen-lockfile[0m
Run tests	Install dependencies	2026-04-12T00:35:48.6991789Z shell: /usr/bin/bash -e {0}
Run tests	Install dependencies	2026-04-12T00:35:48.6992053Z env:
Run tests	Install dependencies	2026-04-12T00:35:48.6992262Z   FORCE_JAVASCRIPT_ACTIONS_TO_NODE24: true
Run tests	Install dependencies	2026-04-12T00:35:48.6992619Z   PNPM_HOME: /home/runner/setup-pnpm/node_modules/.bin
Run tests	Install dependencies	2026-04-12T00:35:48.6992915Z ##[endgroup]
Run tests	Install dependencies	2026-04-12T00:35:49.1140146Z (node:2391) [DEP0169] DeprecationWarning: `url.parse()` behavior is not standardized and prone to errors that have security implications. Use the WHATWG URL API instead. CVEs are not issued for `url.parse()` vulnerabilities.
Run tests	Install dependencies	2026-04-12T00:35:49.1142431Z (Use `node --trace-deprecation ...` to show where the warning was created)
Run tests	Install dependencies	2026-04-12T00:35:49.1529531Z Lockfile is up to date, resolution step is skipped
Run tests	Install dependencies	2026-04-12T00:35:49.2159383Z Progress: resolved 1, reused 0, downloaded 0, added 0
Run tests	Install dependencies	2026-04-12T00:35:49.3377747Z Packages: +772
Run tests	Install dependencies	2026-04-12T00:35:49.3378567Z ++++++++++++++++++++++++++++++++++++++++++++++++++++++++++++++++++++++++++++++++
Run tests	Install dependencies	2026-04-12T00:35:50.2193917Z Progress: resolved 772, reused 0, downloaded 59, added 54
Run tests	Install dependencies	2026-04-12T00:35:51.2193099Z Progress: resolved 772, reused 0, downloaded 228, added 222
Run tests	Install dependencies	2026-04-12T00:35:52.2252980Z Progress: resolved 772, reused 0, downloaded 431, added 420
Run tests	Install dependencies	2026-04-12T00:35:53.2265774Z Progress: resolved 772, reused 0, downloaded 606, added 603
Run tests	Install dependencies	2026-04-12T00:35:54.1734787Z Progress: resolved 772, reused 0, downloaded 772, added 772, done
Run tests	Install dependencies	2026-04-12T00:35:54.4044324Z .../sharp@0.34.5/node_modules/sharp install$ node install/check.js || npm run build
Run tests	Install dependencies	2026-04-12T00:35:54.4065714Z .../node_modules/unrs-resolver postinstall$ napi-postinstall unrs-resolver 1.11.1 check
Run tests	Install dependencies	2026-04-12T00:35:54.4092914Z .../node_modules/msw postinstall$ node -e "import('./config/scripts/postinstall.js').catch(() => void 0)"
Run tests	Install dependencies	2026-04-12T00:35:54.4702151Z .../esbuild@0.21.5/node_modules/esbuild postinstall$ node install.js
Run tests	Install dependencies	2026-04-12T00:35:54.5162100Z .../node_modules/unrs-resolver postinstall: Done
Run tests	Install dependencies	2026-04-12T00:35:54.5279047Z .../node_modules/msw postinstall: Done
Run tests	Install dependencies	2026-04-12T00:35:54.5556912Z .../sharp@0.34.5/node_modules/sharp install: Done
Run tests	Install dependencies	2026-04-12T00:35:54.5652772Z .../esbuild@0.21.5/node_modules/esbuild postinstall: Done
Run tests	Install dependencies	2026-04-12T00:35:54.8046246Z 
Run tests	Install dependencies	2026-04-12T00:35:54.8046740Z dependencies:
Run tests	Install dependencies	2026-04-12T00:35:54.8047128Z + @base-ui/react 1.3.0
Run tests	Install dependencies	2026-04-12T00:35:54.8047451Z + @marsidev/react-turnstile 1.5.0
Run tests	Install dependencies	2026-04-12T00:35:54.8047773Z + class-variance-authority 0.7.1
Run tests	Install dependencies	2026-04-12T00:35:54.8048021Z + clsx 2.1.1
Run tests	Install dependencies	2026-04-12T00:35:54.8048224Z + gray-matter 4.0.3
Run tests	Install dependencies	2026-04-12T00:35:54.8048437Z + lucide-react 1.7.0
Run tests	Install dependencies	2026-04-12T00:35:54.8048631Z + next 16.2.2
Run tests	Install dependencies	2026-04-12T00:35:54.8048838Z + next-mdx-remote 6.0.0
Run tests	Install dependencies	2026-04-12T00:35:54.8049049Z + react 19.2.4
Run tests	Install dependencies	2026-04-12T00:35:54.8049238Z + react-dom 19.2.4
Run tests	Install dependencies	2026-04-12T00:35:54.8049444Z + reading-time 1.5.0
Run tests	Install dependencies	2026-04-12T00:35:54.8049673Z + tailwind-merge 3.5.0
Run tests	Install dependencies	2026-04-12T00:35:54.8049912Z + tw-animate-css 1.4.0
Run tests	Install dependencies	2026-04-12T00:35:54.8050043Z 
Run tests	Install dependencies	2026-04-12T00:35:54.8050181Z devDependencies:
Run tests	Install dependencies	2026-04-12T00:35:54.8050545Z + @tailwindcss/postcss 4.2.2
Run tests	Install dependencies	2026-04-12T00:35:54.8050972Z + @types/node 20.19.39
Run tests	Install dependencies	2026-04-12T00:35:54.8051242Z + @types/react 19.2.14
Run tests	Install dependencies	2026-04-12T00:35:54.8051458Z + @types/react-dom 19.2.3
Run tests	Install dependencies	2026-04-12T00:35:54.8051984Z + eslint 9.39.4
Run tests	Install dependencies	2026-04-12T00:35:54.8052371Z + eslint-config-next 16.2.2
Run tests	Install dependencies	2026-04-12T00:35:54.8052769Z + shadcn 4.1.2
Run tests	Install dependencies	2026-04-12T00:35:54.8053107Z + tailwindcss 4.2.2
Run tests	Install dependencies	2026-04-12T00:35:54.8053457Z + typescript 5.9.3
Run tests	Install dependencies	2026-04-12T00:35:54.8053798Z + vitest 1.6.1
Run tests	Install dependencies	2026-04-12T00:35:54.8053906Z 
Run tests	Install dependencies	2026-04-12T00:35:54.8236133Z Done in 6s using pnpm v9.15.9
Run tests	Typecheck (capture report)	﻿2026-04-12T00:35:54.8803315Z ##[group]Run pnpm exec tsc --noEmit
Run tests	Typecheck (capture report)	2026-04-12T00:35:54.8803638Z [36;1mpnpm exec tsc --noEmit[0m
Run tests	Typecheck (capture report)	2026-04-12T00:35:54.8825033Z shell: /usr/bin/bash -e {0}
Run tests	Typecheck (capture report)	2026-04-12T00:35:54.8825260Z env:
Run tests	Typecheck (capture report)	2026-04-12T00:35:54.8825461Z   FORCE_JAVASCRIPT_ACTIONS_TO_NODE24: true
Run tests	Typecheck (capture report)	2026-04-12T00:35:54.8825781Z   PNPM_HOME: /home/runner/setup-pnpm/node_modules/.bin
Run tests	Typecheck (capture report)	2026-04-12T00:35:54.8826077Z ##[endgroup]
Run tests	Run ESLint (fail on error)	﻿2026-04-12T00:35:58.5301975Z ##[group]Run pnpm exec eslint --ext .js,.jsx,.ts,.tsx .
Run tests	Run ESLint (fail on error)	2026-04-12T00:35:58.5302431Z [36;1mpnpm exec eslint --ext .js,.jsx,.ts,.tsx .[0m
Run tests	Run ESLint (fail on error)	2026-04-12T00:35:58.5323459Z shell: /usr/bin/bash -e {0}
Run tests	Run ESLint (fail on error)	2026-04-12T00:35:58.5323700Z env:
Run tests	Run ESLint (fail on error)	2026-04-12T00:35:58.5323900Z   FORCE_JAVASCRIPT_ACTIONS_TO_NODE24: true
Run tests	Run ESLint (fail on error)	2026-04-12T00:35:58.5324225Z   PNPM_HOME: /home/runner/setup-pnpm/node_modules/.bin
Run tests	Run ESLint (fail on error)	2026-04-12T00:35:58.5324524Z ##[endgroup]
Run tests	Run ESLint (fail on error)	2026-04-12T00:36:02.7324787Z 
Run tests	Run ESLint (fail on error)	2026-04-12T00:36:02.7325862Z /home/runner/work/shenoylabs-web/shenoylabs-web/src/components/consent/cookie-banner.tsx
Run tests	Run ESLint (fail on error)	2026-04-12T00:36:02.7358846Z ##[warning]  3:10  warning  'useEffect' is defined but never used  @typescript-eslint/no-unused-vars
Run tests	Run ESLint (fail on error)	2026-04-12T00:36:02.7369619Z 
Run tests	Run ESLint (fail on error)	2026-04-12T00:36:02.7370281Z ✖ 1 problem (0 errors, 1 warning)
Run tests	Run ESLint (fail on error)	2026-04-12T00:36:02.7370582Z 
Run tests	Run tests	﻿2026-04-12T00:36:02.9639730Z ##[group]Run pnpm test -- --run
Run tests	Run tests	2026-04-12T00:36:02.9640033Z [36;1mpnpm test -- --run[0m
Run tests	Run tests	2026-04-12T00:36:02.9661864Z shell: /usr/bin/bash -e {0}
Run tests	Run tests	2026-04-12T00:36:02.9662292Z env:
Run tests	Run tests	2026-04-12T00:36:02.9662487Z   FORCE_JAVASCRIPT_ACTIONS_TO_NODE24: true
Run tests	Run tests	2026-04-12T00:36:02.9662817Z   PNPM_HOME: /home/runner/setup-pnpm/node_modules/.bin
Run tests	Run tests	2026-04-12T00:36:02.9663099Z   CI: true
Run tests	Run tests	2026-04-12T00:36:02.9663267Z ##[endgroup]
Run tests	Run tests	2026-04-12T00:36:03.3502210Z 
Run tests	Run tests	2026-04-12T00:36:03.3503312Z > shenoylabs-web@0.1.0 test /home/runner/work/shenoylabs-web/shenoylabs-web
Run tests	Run tests	2026-04-12T00:36:03.3504097Z > vitest --run
Run tests	Run tests	2026-04-12T00:36:03.3504330Z 
Run tests	Run tests	2026-04-12T00:36:03.6431284Z 
Run tests	Run tests	2026-04-12T00:36:03.6435248Z [7m[1m[36m RUN [39m[22m[27m [36mv1.6.1[39m [90m/home/runner/work/shenoylabs-web/shenoylabs-web[39m
Run tests	Run tests	2026-04-12T00:36:03.6435899Z 
Run tests	Run tests	2026-04-12T00:36:03.9556181Z  [32m✓[39m test/dsr-utils.test.ts [2m ([22m[2m4 tests[22m[2m)[22m[90m 4[2mms[22m[39m
Run tests	Run tests	2026-04-12T00:36:03.9617202Z 
Run tests	Run tests	2026-04-12T00:36:03.9626871Z [2m Test Files [22m [1m[32m1 passed[39m[22m[90m (1)[39m
Run tests	Run tests	2026-04-12T00:36:03.9628047Z [2m      Tests [22m [1m[32m4 passed[39m[22m[90m (4)[39m
Run tests	Run tests	2026-04-12T00:36:03.9630192Z [2m   Start at [22m 00:36:03
Run tests	Run tests	2026-04-12T00:36:03.9631903Z [2m   Duration [22m 318ms[2m (transform 42ms, setup 0ms, collect 37ms, tests 4ms, environment 0ms, prepare 67ms)[22m
Run tests	Run tests	2026-04-12T00:36:03.9632697Z 
Run tests	Post Setup pnpm	﻿2026-04-12T00:36:03.9992084Z Post job cleanup.
Run tests	Post Setup pnpm	2026-04-12T00:36:04.0828815Z Pruning is unnecessary.
Run tests	Post Setup Node.js	﻿2026-04-12T00:36:04.0928779Z Post job cleanup.
Run tests	Post Setup Node.js	2026-04-12T00:36:04.2076528Z (node:2628) [DEP0040] DeprecationWarning: The `punycode` module is deprecated. Please use a userland alternative instead.
Run tests	Post Setup Node.js	2026-04-12T00:36:04.2077486Z (Use `node --trace-deprecation ...` to show where the warning was created)
Run tests	Post Run actions/checkout@v4	﻿2026-04-12T00:36:04.2247343Z Post job cleanup.
Run tests	Post Run actions/checkout@v4	2026-04-12T00:36:04.3085700Z [command]/usr/bin/git version
Run tests	Post Run actions/checkout@v4	2026-04-12T00:36:04.3128941Z git version 2.53.0
Run tests	Post Run actions/checkout@v4	2026-04-12T00:36:04.3177173Z Temporarily overriding HOME='/home/runner/work/_temp/31731a24-c0af-4dd4-892d-b1089b926369' before making global git config changes
Run tests	Post Run actions/checkout@v4	2026-04-12T00:36:04.3178474Z Adding repository directory to the temporary git global config as a safe directory
Run tests	Post Run actions/checkout@v4	2026-04-12T00:36:04.3184123Z [command]/usr/bin/git config --global --add safe.directory /home/runner/work/shenoylabs-web/shenoylabs-web
Run tests	Post Run actions/checkout@v4	2026-04-12T00:36:04.3219761Z [command]/usr/bin/git config --local --name-only --get-regexp core\.sshCommand
Run tests	Post Run actions/checkout@v4	2026-04-12T00:36:04.3253024Z [command]/usr/bin/git submodule foreach --recursive sh -c "git config --local --name-only --get-regexp 'core\.sshCommand' && git config --local --unset-all 'core.sshCommand' || :"
Run tests	Post Run actions/checkout@v4	2026-04-12T00:36:04.3468905Z [command]/usr/bin/git config --local --name-only --get-regexp http\.https\:\/\/github\.com\/\.extraheader
Run tests	Post Run actions/checkout@v4	2026-04-12T00:36:04.3491803Z http.https://github.com/.extraheader
Run tests	Post Run actions/checkout@v4	2026-04-12T00:36:04.3503915Z [command]/usr/bin/git config --local --unset-all http.https://github.com/.extraheader
Run tests	Post Run actions/checkout@v4	2026-04-12T00:36:04.3534753Z [command]/usr/bin/git submodule foreach --recursive sh -c "git config --local --name-only --get-regexp 'http\.https\:\/\/github\.com\/\.extraheader' && git config --local --unset-all 'http.https://github.com/.extraheader' || :"
Run tests	Post Run actions/checkout@v4	2026-04-12T00:36:04.3778804Z [command]/usr/bin/git config --local --name-only --get-regexp ^includeIf\.gitdir:
Run tests	Post Run actions/checkout@v4	2026-04-12T00:36:04.3808149Z [command]/usr/bin/git submodule foreach --recursive git config --local --show-origin --name-only --get-regexp remote.origin.url
Run tests	Complete job	﻿2026-04-12T00:36:04.4142936Z Cleaning up orphan processes
Run tests	Complete job	2026-04-12T00:36:04.4422215Z ##[warning]Node.js 20 is deprecated. The following actions target Node.js 20 but are being forced to run on Node.js 24: actions/checkout@v4, actions/setup-node@v4, pnpm/action-setup@v2. For more information see: https://github.blog/changelog/2025-09-19-deprecation-of-node-20-on-github-actions-runners/
Generate and upload check reports	Set up job	﻿2026-04-12T00:36:09.0774814Z Current runner version: '2.333.1'
Generate and upload check reports	Set up job	2026-04-12T00:36:09.0812830Z ##[group]Runner Image Provisioner
Generate and upload check reports	Set up job	2026-04-12T00:36:09.0813996Z Hosted Compute Agent
Generate and upload check reports	Set up job	2026-04-12T00:36:09.0814882Z Version: 20260213.493
Generate and upload check reports	Set up job	2026-04-12T00:36:09.0815779Z Commit: 5c115507f6dd24b8de37d8bbe0bb4509d0cc0fa3
Generate and upload check reports	Set up job	2026-04-12T00:36:09.0816786Z Build Date: 2026-02-13T00:28:41Z
Generate and upload check reports	Set up job	2026-04-12T00:36:09.0817849Z Worker ID: {fdeac1de-f0ba-451d-a018-7f9ec1bd2581}
Generate and upload check reports	Set up job	2026-04-12T00:36:09.0818903Z Azure Region: eastus
Generate and upload check reports	Set up job	2026-04-12T00:36:09.0819842Z ##[endgroup]
Generate and upload check reports	Set up job	2026-04-12T00:36:09.0821896Z ##[group]Operating System
Generate and upload check reports	Set up job	2026-04-12T00:36:09.0822725Z Ubuntu
Generate and upload check reports	Set up job	2026-04-12T00:36:09.0823391Z 24.04.4
Generate and upload check reports	Set up job	2026-04-12T00:36:09.0824172Z LTS
Generate and upload check reports	Set up job	2026-04-12T00:36:09.0824837Z ##[endgroup]
Generate and upload check reports	Set up job	2026-04-12T00:36:09.0825544Z ##[group]Runner Image
Generate and upload check reports	Set up job	2026-04-12T00:36:09.0826385Z Image: ubuntu-24.04
Generate and upload check reports	Set up job	2026-04-12T00:36:09.0827145Z Version: 20260406.80.1
Generate and upload check reports	Set up job	2026-04-12T00:36:09.0828642Z Included Software: https://github.com/actions/runner-images/blob/ubuntu24/20260406.80/images/ubuntu/Ubuntu2404-Readme.md
Generate and upload check reports	Set up job	2026-04-12T00:36:09.0831532Z Image Release: https://github.com/actions/runner-images/releases/tag/ubuntu24%2F20260406.80
Generate and upload check reports	Set up job	2026-04-12T00:36:09.0833050Z ##[endgroup]
Generate and upload check reports	Set up job	2026-04-12T00:36:09.0834723Z ##[group]GITHUB_TOKEN Permissions
Generate and upload check reports	Set up job	2026-04-12T00:36:09.0837438Z Contents: read
Generate and upload check reports	Set up job	2026-04-12T00:36:09.0838347Z Metadata: read
Generate and upload check reports	Set up job	2026-04-12T00:36:09.0839086Z Packages: read
Generate and upload check reports	Set up job	2026-04-12T00:36:09.0839965Z ##[endgroup]
Generate and upload check reports	Set up job	2026-04-12T00:36:09.0843172Z Secret source: Actions
Generate and upload check reports	Set up job	2026-04-12T00:36:09.0844192Z Prepare workflow directory
Generate and upload check reports	Set up job	2026-04-12T00:36:09.1394955Z Prepare all required actions
Generate and upload check reports	Set up job	2026-04-12T00:36:09.1449175Z Getting action download info
Generate and upload check reports	Set up job	2026-04-12T00:36:09.4513122Z Download action repository 'actions/checkout@v4' (SHA:34e114876b0b11c390a56381ad16ebd13914f8d5)
Generate and upload check reports	Set up job	2026-04-12T00:36:09.5422232Z Download action repository 'actions/setup-node@v4' (SHA:49933ea5288caeca8642d1e84afbd3f7d6820020)
Generate and upload check reports	Set up job	2026-04-12T00:36:09.6331742Z Download action repository 'pnpm/action-setup@v2' (SHA:eae0cfeb286e66ffb5155f1a79b90583a127a68b)
Generate and upload check reports	Set up job	2026-04-12T00:36:09.8814259Z Download action repository 'actions/upload-artifact@v4' (SHA:ea165f8d65b6e75b540449e92b4886f43607fa02)
Generate and upload check reports	Set up job	2026-04-12T00:36:10.1260491Z Complete job name: Generate and upload check reports
Generate and upload check reports	Run actions/checkout@v4	﻿2026-04-12T00:36:10.2105906Z ##[group]Run actions/checkout@v4
Generate and upload check reports	Run actions/checkout@v4	2026-04-12T00:36:10.2107137Z with:
Generate and upload check reports	Run actions/checkout@v4	2026-04-12T00:36:10.2107903Z   repository: Lakshmanshenoy/shenoylabs-web
Generate and upload check reports	Run actions/checkout@v4	2026-04-12T00:36:10.2109223Z   token: ***
Generate and upload check reports	Run actions/checkout@v4	2026-04-12T00:36:10.2110365Z   ssh-strict: true
Generate and upload check reports	Run actions/checkout@v4	2026-04-12T00:36:10.2111082Z   ssh-user: git
Generate and upload check reports	Run actions/checkout@v4	2026-04-12T00:36:10.2111812Z   persist-credentials: true
Generate and upload check reports	Run actions/checkout@v4	2026-04-12T00:36:10.2112636Z   clean: true
Generate and upload check reports	Run actions/checkout@v4	2026-04-12T00:36:10.2113414Z   sparse-checkout-cone-mode: true
Generate and upload check reports	Run actions/checkout@v4	2026-04-12T00:36:10.2114299Z   fetch-depth: 1
Generate and upload check reports	Run actions/checkout@v4	2026-04-12T00:36:10.2114983Z   fetch-tags: false
Generate and upload check reports	Run actions/checkout@v4	2026-04-12T00:36:10.2115709Z   show-progress: true
Generate and upload check reports	Run actions/checkout@v4	2026-04-12T00:36:10.2116429Z   lfs: false
Generate and upload check reports	Run actions/checkout@v4	2026-04-12T00:36:10.2117091Z   submodules: false
Generate and upload check reports	Run actions/checkout@v4	2026-04-12T00:36:10.2117859Z   set-safe-directory: true
Generate and upload check reports	Run actions/checkout@v4	2026-04-12T00:36:10.2118948Z env:
Generate and upload check reports	Run actions/checkout@v4	2026-04-12T00:36:10.2119850Z   FORCE_JAVASCRIPT_ACTIONS_TO_NODE24: true
Generate and upload check reports	Run actions/checkout@v4	2026-04-12T00:36:10.2120825Z ##[endgroup]
Generate and upload check reports	Run actions/checkout@v4	2026-04-12T00:36:10.3108684Z Syncing repository: Lakshmanshenoy/shenoylabs-web
Generate and upload check reports	Run actions/checkout@v4	2026-04-12T00:36:10.3111558Z ##[group]Getting Git version info
Generate and upload check reports	Run actions/checkout@v4	2026-04-12T00:36:10.3112984Z Working directory is '/home/runner/work/shenoylabs-web/shenoylabs-web'
Generate and upload check reports	Run actions/checkout@v4	2026-04-12T00:36:10.3114787Z [command]/usr/bin/git version
Generate and upload check reports	Run actions/checkout@v4	2026-04-12T00:36:10.3133406Z git version 2.53.0
Generate and upload check reports	Run actions/checkout@v4	2026-04-12T00:36:10.3154644Z ##[endgroup]
Generate and upload check reports	Run actions/checkout@v4	2026-04-12T00:36:10.3170930Z Temporarily overriding HOME='/home/runner/work/_temp/789eddd4-e20d-4f4f-9eb0-6c3d0b7751d8' before making global git config changes
Generate and upload check reports	Run actions/checkout@v4	2026-04-12T00:36:10.3174899Z Adding repository directory to the temporary git global config as a safe directory
Generate and upload check reports	Run actions/checkout@v4	2026-04-12T00:36:10.3178325Z [command]/usr/bin/git config --global --add safe.directory /home/runner/work/shenoylabs-web/shenoylabs-web
Generate and upload check reports	Run actions/checkout@v4	2026-04-12T00:36:10.3212509Z Deleting the contents of '/home/runner/work/shenoylabs-web/shenoylabs-web'
Generate and upload check reports	Run actions/checkout@v4	2026-04-12T00:36:10.3216130Z ##[group]Initializing the repository
Generate and upload check reports	Run actions/checkout@v4	2026-04-12T00:36:10.3220557Z [command]/usr/bin/git init /home/runner/work/shenoylabs-web/shenoylabs-web
Generate and upload check reports	Run actions/checkout@v4	2026-04-12T00:36:10.3281815Z hint: Using 'master' as the name for the initial branch. This default branch name
Generate and upload check reports	Run actions/checkout@v4	2026-04-12T00:36:10.3284871Z hint: will change to "main" in Git 3.0. To configure the initial branch name
Generate and upload check reports	Run actions/checkout@v4	2026-04-12T00:36:10.3287632Z hint: to use in all of your new repositories, which will suppress this warning,
Generate and upload check reports	Run actions/checkout@v4	2026-04-12T00:36:10.3290045Z hint: call:
Generate and upload check reports	Run actions/checkout@v4	2026-04-12T00:36:10.3291041Z hint:
Generate and upload check reports	Run actions/checkout@v4	2026-04-12T00:36:10.3292385Z hint: 	git config --global init.defaultBranch <name>
Generate and upload check reports	Run actions/checkout@v4	2026-04-12T00:36:10.3294157Z hint:
Generate and upload check reports	Run actions/checkout@v4	2026-04-12T00:36:10.3295718Z hint: Names commonly chosen instead of 'master' are 'main', 'trunk' and
Generate and upload check reports	Run actions/checkout@v4	2026-04-12T00:36:10.3298281Z hint: 'development'. The just-created branch can be renamed via this command:
Generate and upload check reports	Run actions/checkout@v4	2026-04-12T00:36:10.3300816Z hint:
Generate and upload check reports	Run actions/checkout@v4	2026-04-12T00:36:10.3301607Z hint: 	git branch -m <name>
Generate and upload check reports	Run actions/checkout@v4	2026-04-12T00:36:10.3302500Z hint:
Generate and upload check reports	Run actions/checkout@v4	2026-04-12T00:36:10.3303698Z hint: Disable this message with "git config set advice.defaultBranchName false"
Generate and upload check reports	Run actions/checkout@v4	2026-04-12T00:36:10.3305843Z Initialized empty Git repository in /home/runner/work/shenoylabs-web/shenoylabs-web/.git/
Generate and upload check reports	Run actions/checkout@v4	2026-04-12T00:36:10.3310600Z [command]/usr/bin/git remote add origin https://github.com/Lakshmanshenoy/shenoylabs-web
Generate and upload check reports	Run actions/checkout@v4	2026-04-12T00:36:10.3362010Z ##[endgroup]
Generate and upload check reports	Run actions/checkout@v4	2026-04-12T00:36:10.3364033Z ##[group]Disabling automatic garbage collection
Generate and upload check reports	Run actions/checkout@v4	2026-04-12T00:36:10.3365991Z [command]/usr/bin/git config --local gc.auto 0
Generate and upload check reports	Run actions/checkout@v4	2026-04-12T00:36:10.3398716Z ##[endgroup]
Generate and upload check reports	Run actions/checkout@v4	2026-04-12T00:36:10.3400803Z ##[group]Setting up auth
Generate and upload check reports	Run actions/checkout@v4	2026-04-12T00:36:10.3406433Z [command]/usr/bin/git config --local --name-only --get-regexp core\.sshCommand
Generate and upload check reports	Run actions/checkout@v4	2026-04-12T00:36:10.3442318Z [command]/usr/bin/git submodule foreach --recursive sh -c "git config --local --name-only --get-regexp 'core\.sshCommand' && git config --local --unset-all 'core.sshCommand' || :"
Generate and upload check reports	Run actions/checkout@v4	2026-04-12T00:36:10.3730352Z [command]/usr/bin/git config --local --name-only --get-regexp http\.https\:\/\/github\.com\/\.extraheader
Generate and upload check reports	Run actions/checkout@v4	2026-04-12T00:36:10.3765874Z [command]/usr/bin/git submodule foreach --recursive sh -c "git config --local --name-only --get-regexp 'http\.https\:\/\/github\.com\/\.extraheader' && git config --local --unset-all 'http.https://github.com/.extraheader' || :"
Generate and upload check reports	Run actions/checkout@v4	2026-04-12T00:36:10.4000929Z [command]/usr/bin/git config --local --name-only --get-regexp ^includeIf\.gitdir:
Generate and upload check reports	Run actions/checkout@v4	2026-04-12T00:36:10.4035119Z [command]/usr/bin/git submodule foreach --recursive git config --local --show-origin --name-only --get-regexp remote.origin.url
Generate and upload check reports	Run actions/checkout@v4	2026-04-12T00:36:10.4276318Z [command]/usr/bin/git config --local http.https://github.com/.extraheader AUTHORIZATION: basic ***
Generate and upload check reports	Run actions/checkout@v4	2026-04-12T00:36:10.4316002Z ##[endgroup]
Generate and upload check reports	Run actions/checkout@v4	2026-04-12T00:36:10.4317604Z ##[group]Fetching the repository
Generate and upload check reports	Run actions/checkout@v4	2026-04-12T00:36:10.4325505Z [command]/usr/bin/git -c protocol.version=2 fetch --no-tags --prune --no-recurse-submodules --depth=1 origin +9250b534d846a895b650137b992a18aac6082c28:refs/remotes/origin/main
Generate and upload check reports	Run actions/checkout@v4	2026-04-12T00:36:10.6012143Z From https://github.com/Lakshmanshenoy/shenoylabs-web
Generate and upload check reports	Run actions/checkout@v4	2026-04-12T00:36:10.6013984Z  * [new ref]         9250b534d846a895b650137b992a18aac6082c28 -> origin/main
Generate and upload check reports	Run actions/checkout@v4	2026-04-12T00:36:10.6043442Z ##[endgroup]
Generate and upload check reports	Run actions/checkout@v4	2026-04-12T00:36:10.6045528Z ##[group]Determining the checkout info
Generate and upload check reports	Run actions/checkout@v4	2026-04-12T00:36:10.6047585Z ##[endgroup]
Generate and upload check reports	Run actions/checkout@v4	2026-04-12T00:36:10.6050222Z [command]/usr/bin/git sparse-checkout disable
Generate and upload check reports	Run actions/checkout@v4	2026-04-12T00:36:10.6092478Z [command]/usr/bin/git config --local --unset-all extensions.worktreeConfig
Generate and upload check reports	Run actions/checkout@v4	2026-04-12T00:36:10.6122853Z ##[group]Checking out the ref
Generate and upload check reports	Run actions/checkout@v4	2026-04-12T00:36:10.6126331Z [command]/usr/bin/git checkout --progress --force -B main refs/remotes/origin/main
Generate and upload check reports	Run actions/checkout@v4	2026-04-12T00:36:10.6245994Z Switched to a new branch 'main'
Generate and upload check reports	Run actions/checkout@v4	2026-04-12T00:36:10.6247655Z branch 'main' set up to track 'origin/main'.
Generate and upload check reports	Run actions/checkout@v4	2026-04-12T00:36:10.6256102Z ##[endgroup]
Generate and upload check reports	Run actions/checkout@v4	2026-04-12T00:36:10.6301792Z [command]/usr/bin/git log -1 --format=%H
Generate and upload check reports	Run actions/checkout@v4	2026-04-12T00:36:10.6328983Z 9250b534d846a895b650137b992a18aac6082c28
Generate and upload check reports	Setup Node.js	﻿2026-04-12T00:36:10.6667568Z ##[group]Run actions/setup-node@v4
Generate and upload check reports	Setup Node.js	2026-04-12T00:36:10.6669084Z with:
Generate and upload check reports	Setup Node.js	2026-04-12T00:36:10.6670072Z   node-version: 24
Generate and upload check reports	Setup Node.js	2026-04-12T00:36:10.6670848Z   always-auth: false
Generate and upload check reports	Setup Node.js	2026-04-12T00:36:10.6671832Z   check-latest: false
Generate and upload check reports	Setup Node.js	2026-04-12T00:36:10.6673008Z   token: ***
Generate and upload check reports	Setup Node.js	2026-04-12T00:36:10.6673763Z env:
Generate and upload check reports	Setup Node.js	2026-04-12T00:36:10.6674618Z   FORCE_JAVASCRIPT_ACTIONS_TO_NODE24: true
Generate and upload check reports	Setup Node.js	2026-04-12T00:36:10.6675908Z ##[endgroup]
Generate and upload check reports	Setup Node.js	2026-04-12T00:36:10.8128335Z Found in cache @ /opt/hostedtoolcache/node/24.14.1/x64
Generate and upload check reports	Setup Node.js	2026-04-12T00:36:10.8133285Z (node:2295) [DEP0040] DeprecationWarning: The `punycode` module is deprecated. Please use a userland alternative instead.
Generate and upload check reports	Setup Node.js	2026-04-12T00:36:10.8136011Z (Use `node --trace-deprecation ...` to show where the warning was created)
Generate and upload check reports	Setup Node.js	2026-04-12T00:36:10.8138163Z ##[group]Environment details
Generate and upload check reports	Setup Node.js	2026-04-12T00:36:11.1290780Z node: v24.14.1
Generate and upload check reports	Setup Node.js	2026-04-12T00:36:11.1291645Z npm: 11.11.0
Generate and upload check reports	Setup Node.js	2026-04-12T00:36:11.1374652Z yarn: 1.22.22
Generate and upload check reports	Setup Node.js	2026-04-12T00:36:11.1376240Z ##[endgroup]
Generate and upload check reports	Enable Corepack + prepare pnpm	﻿2026-04-12T00:36:11.1467400Z ##[group]Run corepack enable && corepack prepare pnpm@9 --activate
Generate and upload check reports	Enable Corepack + prepare pnpm	2026-04-12T00:36:11.1468240Z [36;1mcorepack enable && corepack prepare pnpm@9 --activate[0m
Generate and upload check reports	Enable Corepack + prepare pnpm	2026-04-12T00:36:11.1502338Z shell: /usr/bin/bash -e {0}
Generate and upload check reports	Enable Corepack + prepare pnpm	2026-04-12T00:36:11.1502839Z env:
Generate and upload check reports	Enable Corepack + prepare pnpm	2026-04-12T00:36:11.1503253Z   FORCE_JAVASCRIPT_ACTIONS_TO_NODE24: true
Generate and upload check reports	Enable Corepack + prepare pnpm	2026-04-12T00:36:11.1503735Z ##[endgroup]
Generate and upload check reports	Enable Corepack + prepare pnpm	2026-04-12T00:36:11.5356434Z Preparing pnpm@9 for immediate activation...
Generate and upload check reports	Setup pnpm	﻿2026-04-12T00:36:12.2277141Z ##[group]Run pnpm/action-setup@v2
Generate and upload check reports	Setup pnpm	2026-04-12T00:36:12.2277628Z with:
Generate and upload check reports	Setup pnpm	2026-04-12T00:36:12.2277964Z   version: 9
Generate and upload check reports	Setup pnpm	2026-04-12T00:36:12.2278312Z   dest: ~/setup-pnpm
Generate and upload check reports	Setup pnpm	2026-04-12T00:36:12.2278673Z   run_install: null
Generate and upload check reports	Setup pnpm	2026-04-12T00:36:12.2279069Z   package_json_file: package.json
Generate and upload check reports	Setup pnpm	2026-04-12T00:36:12.2279488Z   standalone: false
Generate and upload check reports	Setup pnpm	2026-04-12T00:36:12.2280062Z env:
Generate and upload check reports	Setup pnpm	2026-04-12T00:36:12.2280432Z   FORCE_JAVASCRIPT_ACTIONS_TO_NODE24: true
Generate and upload check reports	Setup pnpm	2026-04-12T00:36:12.2280853Z ##[endgroup]
Generate and upload check reports	Setup pnpm	2026-04-12T00:36:12.3164699Z ##[group]Running self-installer...
Generate and upload check reports	Setup pnpm	2026-04-12T00:36:12.7328055Z (node:2362) [DEP0169] DeprecationWarning: `url.parse()` behavior is not standardized and prone to errors that have security implications. Use the WHATWG URL API instead. CVEs are not issued for `url.parse()` vulnerabilities.
Generate and upload check reports	Setup pnpm	2026-04-12T00:36:12.7329957Z (Use `node --trace-deprecation ...` to show where the warning was created)
Generate and upload check reports	Setup pnpm	2026-04-12T00:36:12.8366927Z Progress: resolved 1, reused 0, downloaded 0, added 0
Generate and upload check reports	Setup pnpm	2026-04-12T00:36:12.8454055Z Packages: +1
Generate and upload check reports	Setup pnpm	2026-04-12T00:36:12.8454694Z +
Generate and upload check reports	Setup pnpm	2026-04-12T00:36:13.4499485Z Packages are hard linked from the content-addressable store to the virtual store.
Generate and upload check reports	Setup pnpm	2026-04-12T00:36:13.4501360Z   Content-addressable store is at: /home/runner/.local/share/pnpm/store/v3
Generate and upload check reports	Setup pnpm	2026-04-12T00:36:13.4502542Z   Virtual store is at:             node_modules/.pnpm
Generate and upload check reports	Setup pnpm	2026-04-12T00:36:13.4753081Z 
Generate and upload check reports	Setup pnpm	2026-04-12T00:36:13.4754386Z dependencies:
Generate and upload check reports	Setup pnpm	2026-04-12T00:36:13.4754932Z + pnpm 9.15.9 (10.33.0 is available)
Generate and upload check reports	Setup pnpm	2026-04-12T00:36:13.4755147Z 
Generate and upload check reports	Setup pnpm	2026-04-12T00:36:13.4795867Z Done in 998ms
Generate and upload check reports	Setup pnpm	2026-04-12T00:36:13.8378487Z Progress: resolved 1, reused 0, downloaded 1, added 1, done
Generate and upload check reports	Setup pnpm	2026-04-12T00:36:13.8545534Z ##[endgroup]
Generate and upload check reports	Setup pnpm	2026-04-12T00:36:13.8546408Z Installation Completed!
Generate and upload check reports	Install dependencies	﻿2026-04-12T00:36:13.8655619Z ##[group]Run pnpm install --frozen-lockfile
Generate and upload check reports	Install dependencies	2026-04-12T00:36:13.8656007Z [36;1mpnpm install --frozen-lockfile[0m
Generate and upload check reports	Install dependencies	2026-04-12T00:36:13.8679761Z shell: /usr/bin/bash -e {0}
Generate and upload check reports	Install dependencies	2026-04-12T00:36:13.8680110Z env:
Generate and upload check reports	Install dependencies	2026-04-12T00:36:13.8680398Z   FORCE_JAVASCRIPT_ACTIONS_TO_NODE24: true
Generate and upload check reports	Install dependencies	2026-04-12T00:36:13.8680737Z   PNPM_HOME: /home/runner/setup-pnpm/node_modules/.bin
Generate and upload check reports	Install dependencies	2026-04-12T00:36:13.8681040Z ##[endgroup]
Generate and upload check reports	Install dependencies	2026-04-12T00:36:14.2808048Z (node:2378) [DEP0169] DeprecationWarning: `url.parse()` behavior is not standardized and prone to errors that have security implications. Use the WHATWG URL API instead. CVEs are not issued for `url.parse()` vulnerabilities.
Generate and upload check reports	Install dependencies	2026-04-12T00:36:14.2809261Z (Use `node --trace-deprecation ...` to show where the warning was created)
Generate and upload check reports	Install dependencies	2026-04-12T00:36:14.3236396Z Lockfile is up to date, resolution step is skipped
Generate and upload check reports	Install dependencies	2026-04-12T00:36:14.3821900Z Progress: resolved 1, reused 0, downloaded 0, added 0
Generate and upload check reports	Install dependencies	2026-04-12T00:36:14.4892450Z Packages: +772
Generate and upload check reports	Install dependencies	2026-04-12T00:36:14.4893158Z ++++++++++++++++++++++++++++++++++++++++++++++++++++++++++++++++++++++++++++++++
Generate and upload check reports	Install dependencies	2026-04-12T00:36:15.3861977Z Progress: resolved 772, reused 0, downloaded 59, added 45
Generate and upload check reports	Install dependencies	2026-04-12T00:36:16.3859254Z Progress: resolved 772, reused 0, downloaded 171, added 167
Generate and upload check reports	Install dependencies	2026-04-12T00:36:17.3855011Z Progress: resolved 772, reused 0, downloaded 353, added 348
Generate and upload check reports	Install dependencies	2026-04-12T00:36:18.3865456Z Progress: resolved 772, reused 0, downloaded 495, added 489
Generate and upload check reports	Install dependencies	2026-04-12T00:36:19.3870262Z Progress: resolved 772, reused 0, downloaded 608, added 603
Generate and upload check reports	Install dependencies	2026-04-12T00:36:20.3001330Z Progress: resolved 772, reused 0, downloaded 772, added 772, done
Generate and upload check reports	Install dependencies	2026-04-12T00:36:20.6201750Z .../node_modules/unrs-resolver postinstall$ napi-postinstall unrs-resolver 1.11.1 check
Generate and upload check reports	Install dependencies	2026-04-12T00:36:20.6210294Z .../node_modules/msw postinstall$ node -e "import('./config/scripts/postinstall.js').catch(() => void 0)"
Generate and upload check reports	Install dependencies	2026-04-12T00:36:20.6213196Z .../esbuild@0.21.5/node_modules/esbuild postinstall$ node install.js
Generate and upload check reports	Install dependencies	2026-04-12T00:36:20.6220468Z .../sharp@0.34.5/node_modules/sharp install$ node install/check.js || npm run build
Generate and upload check reports	Install dependencies	2026-04-12T00:36:20.7040112Z .../node_modules/unrs-resolver postinstall: Done
Generate and upload check reports	Install dependencies	2026-04-12T00:36:20.7075405Z .../node_modules/msw postinstall: Done
Generate and upload check reports	Install dependencies	2026-04-12T00:36:20.7390092Z .../esbuild@0.21.5/node_modules/esbuild postinstall: Done
Generate and upload check reports	Install dependencies	2026-04-12T00:36:20.7986663Z .../sharp@0.34.5/node_modules/sharp install: Done
Generate and upload check reports	Install dependencies	2026-04-12T00:36:20.8909077Z 
Generate and upload check reports	Install dependencies	2026-04-12T00:36:20.8909849Z dependencies:
Generate and upload check reports	Install dependencies	2026-04-12T00:36:20.8910531Z + @base-ui/react 1.3.0
Generate and upload check reports	Install dependencies	2026-04-12T00:36:20.8911247Z + @marsidev/react-turnstile 1.5.0
Generate and upload check reports	Install dependencies	2026-04-12T00:36:20.8911636Z + class-variance-authority 0.7.1
Generate and upload check reports	Install dependencies	2026-04-12T00:36:20.8911874Z + clsx 2.1.1
Generate and upload check reports	Install dependencies	2026-04-12T00:36:20.8912103Z + gray-matter 4.0.3
Generate and upload check reports	Install dependencies	2026-04-12T00:36:20.8912315Z + lucide-react 1.7.0
Generate and upload check reports	Install dependencies	2026-04-12T00:36:20.8912514Z + next 16.2.2
Generate and upload check reports	Install dependencies	2026-04-12T00:36:20.8912721Z + next-mdx-remote 6.0.0
Generate and upload check reports	Install dependencies	2026-04-12T00:36:20.8912922Z + react 19.2.4
Generate and upload check reports	Install dependencies	2026-04-12T00:36:20.8913170Z + react-dom 19.2.4
Generate and upload check reports	Install dependencies	2026-04-12T00:36:20.8913373Z + reading-time 1.5.0
Generate and upload check reports	Install dependencies	2026-04-12T00:36:20.8913594Z + tailwind-merge 3.5.0
Generate and upload check reports	Install dependencies	2026-04-12T00:36:20.8913841Z + tw-animate-css 1.4.0
Generate and upload check reports	Install dependencies	2026-04-12T00:36:20.8913959Z 
Generate and upload check reports	Install dependencies	2026-04-12T00:36:20.8914052Z devDependencies:
Generate and upload check reports	Install dependencies	2026-04-12T00:36:20.8914272Z + @tailwindcss/postcss 4.2.2
Generate and upload check reports	Install dependencies	2026-04-12T00:36:20.8914517Z + @types/node 20.19.39
Generate and upload check reports	Install dependencies	2026-04-12T00:36:20.8914717Z + @types/react 19.2.14
Generate and upload check reports	Install dependencies	2026-04-12T00:36:20.8914959Z + @types/react-dom 19.2.3
Generate and upload check reports	Install dependencies	2026-04-12T00:36:20.8915174Z + eslint 9.39.4
Generate and upload check reports	Install dependencies	2026-04-12T00:36:20.8915376Z + eslint-config-next 16.2.2
Generate and upload check reports	Install dependencies	2026-04-12T00:36:20.8915597Z + shadcn 4.1.2
Generate and upload check reports	Install dependencies	2026-04-12T00:36:20.8915869Z + tailwindcss 4.2.2
Generate and upload check reports	Install dependencies	2026-04-12T00:36:20.8916175Z + typescript 5.9.3
Generate and upload check reports	Install dependencies	2026-04-12T00:36:20.8916475Z + vitest 1.6.1
Generate and upload check reports	Install dependencies	2026-04-12T00:36:20.8916636Z 
Generate and upload check reports	Install dependencies	2026-04-12T00:36:20.9123348Z Done in 7s using pnpm v9.15.9
Generate and upload check reports	Typecheck (capture report)	﻿2026-04-12T00:36:20.9831641Z ##[group]Run pnpm exec tsc --noEmit 2>&1 | tee tsc-report.txt || true
Generate and upload check reports	Typecheck (capture report)	2026-04-12T00:36:20.9832134Z [36;1mpnpm exec tsc --noEmit 2>&1 | tee tsc-report.txt || true[0m
Generate and upload check reports	Typecheck (capture report)	2026-04-12T00:36:20.9854659Z shell: /usr/bin/bash -e {0}
Generate and upload check reports	Typecheck (capture report)	2026-04-12T00:36:20.9854897Z env:
Generate and upload check reports	Typecheck (capture report)	2026-04-12T00:36:20.9855113Z   FORCE_JAVASCRIPT_ACTIONS_TO_NODE24: true
Generate and upload check reports	Typecheck (capture report)	2026-04-12T00:36:20.9855441Z   PNPM_HOME: /home/runner/setup-pnpm/node_modules/.bin
Generate and upload check reports	Typecheck (capture report)	2026-04-12T00:36:20.9855733Z ##[endgroup]
Generate and upload check reports	Upload TypeScript report	﻿2026-04-12T00:36:24.6430814Z ##[group]Run actions/upload-artifact@v4
Generate and upload check reports	Upload TypeScript report	2026-04-12T00:36:24.6431106Z with:
Generate and upload check reports	Upload TypeScript report	2026-04-12T00:36:24.6431283Z   name: tsc-report
Generate and upload check reports	Upload TypeScript report	2026-04-12T00:36:24.6431489Z   path: tsc-report.txt
Generate and upload check reports	Upload TypeScript report	2026-04-12T00:36:24.6431706Z   if-no-files-found: warn
Generate and upload check reports	Upload TypeScript report	2026-04-12T00:36:24.6431926Z   compression-level: 6
Generate and upload check reports	Upload TypeScript report	2026-04-12T00:36:24.6432115Z   overwrite: false
Generate and upload check reports	Upload TypeScript report	2026-04-12T00:36:24.6432311Z   include-hidden-files: false
Generate and upload check reports	Upload TypeScript report	2026-04-12T00:36:24.6432525Z env:
Generate and upload check reports	Upload TypeScript report	2026-04-12T00:36:24.6432715Z   FORCE_JAVASCRIPT_ACTIONS_TO_NODE24: true
Generate and upload check reports	Upload TypeScript report	2026-04-12T00:36:24.6433022Z   PNPM_HOME: /home/runner/setup-pnpm/node_modules/.bin
Generate and upload check reports	Upload TypeScript report	2026-04-12T00:36:24.6433309Z ##[endgroup]
Generate and upload check reports	Upload TypeScript report	2026-04-12T00:36:24.8072109Z (node:2481) [DEP0040] DeprecationWarning: The `punycode` module is deprecated. Please use a userland alternative instead.
Generate and upload check reports	Upload TypeScript report	2026-04-12T00:36:24.8073956Z (Use `node --trace-deprecation ...` to show where the warning was created)
Generate and upload check reports	Upload TypeScript report	2026-04-12T00:36:24.8120147Z With the provided path, there will be 1 file uploaded
Generate and upload check reports	Upload TypeScript report	2026-04-12T00:36:24.8125697Z Artifact name is valid!
Generate and upload check reports	Upload TypeScript report	2026-04-12T00:36:24.8126897Z Root directory input is valid!
Generate and upload check reports	Upload TypeScript report	2026-04-12T00:36:24.8654677Z Beginning upload of artifact content to blob storage
Generate and upload check reports	Upload TypeScript report	2026-04-12T00:36:24.8834754Z (node:2481) [DEP0169] DeprecationWarning: `url.parse()` behavior is not standardized and prone to errors that have security implications. Use the WHATWG URL API instead. CVEs are not issued for `url.parse()` vulnerabilities.
Generate and upload check reports	Upload TypeScript report	2026-04-12T00:36:24.9254422Z Uploaded bytes 144
Generate and upload check reports	Upload TypeScript report	2026-04-12T00:36:24.9423555Z Finished uploading artifact content to blob storage!
Generate and upload check reports	Upload TypeScript report	2026-04-12T00:36:24.9425158Z SHA256 digest of uploaded artifact zip is 4aac640af23b09c529b4acd3817edca570ab0f2ac530ba48f09712850c5cab19
Generate and upload check reports	Upload TypeScript report	2026-04-12T00:36:24.9426188Z Finalizing artifact upload
Generate and upload check reports	Upload TypeScript report	2026-04-12T00:36:25.0172621Z Artifact tsc-report.zip successfully finalized. Artifact ID 6389087970
Generate and upload check reports	Upload TypeScript report	2026-04-12T00:36:25.0173771Z Artifact tsc-report has been successfully uploaded! Final size is 144 bytes. Artifact ID is 6389087970
Generate and upload check reports	Upload TypeScript report	2026-04-12T00:36:25.0179197Z Artifact download URL: https://github.com/Lakshmanshenoy/shenoylabs-web/actions/runs/24295052032/artifacts/6389087970
Generate and upload check reports	Run ESLint (JSON report)	﻿2026-04-12T00:36:25.0296088Z ##[group]Run pnpm exec eslint --ext .js,.jsx,.ts,.tsx . -f json -o eslint-report.json || true
Generate and upload check reports	Run ESLint (JSON report)	2026-04-12T00:36:25.0296733Z [36;1mpnpm exec eslint --ext .js,.jsx,.ts,.tsx . -f json -o eslint-report.json || true[0m
Generate and upload check reports	Run ESLint (JSON report)	2026-04-12T00:36:25.0320256Z shell: /usr/bin/bash -e {0}
Generate and upload check reports	Run ESLint (JSON report)	2026-04-12T00:36:25.0320512Z env:
Generate and upload check reports	Run ESLint (JSON report)	2026-04-12T00:36:25.0320725Z   FORCE_JAVASCRIPT_ACTIONS_TO_NODE24: true
Generate and upload check reports	Run ESLint (JSON report)	2026-04-12T00:36:25.0321060Z   PNPM_HOME: /home/runner/setup-pnpm/node_modules/.bin
Generate and upload check reports	Run ESLint (JSON report)	2026-04-12T00:36:25.0321368Z ##[endgroup]
Generate and upload check reports	Upload ESLint report	﻿2026-04-12T00:36:29.5230478Z ##[group]Run actions/upload-artifact@v4
Generate and upload check reports	Upload ESLint report	2026-04-12T00:36:29.5230973Z with:
Generate and upload check reports	Upload ESLint report	2026-04-12T00:36:29.5231269Z   name: eslint-report
Generate and upload check reports	Upload ESLint report	2026-04-12T00:36:29.5231624Z   path: eslint-report.json
Generate and upload check reports	Upload ESLint report	2026-04-12T00:36:29.5231995Z   if-no-files-found: warn
Generate and upload check reports	Upload ESLint report	2026-04-12T00:36:29.5232340Z   compression-level: 6
Generate and upload check reports	Upload ESLint report	2026-04-12T00:36:29.5232667Z   overwrite: false
Generate and upload check reports	Upload ESLint report	2026-04-12T00:36:29.5232988Z   include-hidden-files: false
Generate and upload check reports	Upload ESLint report	2026-04-12T00:36:29.5233324Z env:
Generate and upload check reports	Upload ESLint report	2026-04-12T00:36:29.5233596Z   FORCE_JAVASCRIPT_ACTIONS_TO_NODE24: true
Generate and upload check reports	Upload ESLint report	2026-04-12T00:36:29.5234101Z   PNPM_HOME: /home/runner/setup-pnpm/node_modules/.bin
Generate and upload check reports	Upload ESLint report	2026-04-12T00:36:29.5234574Z ##[endgroup]
Generate and upload check reports	Upload ESLint report	2026-04-12T00:36:29.6882169Z (node:2527) [DEP0040] DeprecationWarning: The `punycode` module is deprecated. Please use a userland alternative instead.
Generate and upload check reports	Upload ESLint report	2026-04-12T00:36:29.6883556Z (Use `node --trace-deprecation ...` to show where the warning was created)
Generate and upload check reports	Upload ESLint report	2026-04-12T00:36:29.6927813Z With the provided path, there will be 1 file uploaded
Generate and upload check reports	Upload ESLint report	2026-04-12T00:36:29.6932744Z Artifact name is valid!
Generate and upload check reports	Upload ESLint report	2026-04-12T00:36:29.6933675Z Root directory input is valid!
Generate and upload check reports	Upload ESLint report	2026-04-12T00:36:29.7601021Z Beginning upload of artifact content to blob storage
Generate and upload check reports	Upload ESLint report	2026-04-12T00:36:29.7789870Z (node:2527) [DEP0169] DeprecationWarning: `url.parse()` behavior is not standardized and prone to errors that have security implications. Use the WHATWG URL API instead. CVEs are not issued for `url.parse()` vulnerabilities.
Generate and upload check reports	Upload ESLint report	2026-04-12T00:36:29.8218153Z Uploaded bytes 2443
Generate and upload check reports	Upload ESLint report	2026-04-12T00:36:29.8394673Z Finished uploading artifact content to blob storage!
Generate and upload check reports	Upload ESLint report	2026-04-12T00:36:29.8395948Z SHA256 digest of uploaded artifact zip is d801312e3a8a3e6d2f7c3c5d5c0b1eabcbd33b75e23c94255cff4d01db2295ac
Generate and upload check reports	Upload ESLint report	2026-04-12T00:36:29.8397177Z Finalizing artifact upload
Generate and upload check reports	Upload ESLint report	2026-04-12T00:36:29.9162095Z Artifact eslint-report.zip successfully finalized. Artifact ID 6389088338
Generate and upload check reports	Upload ESLint report	2026-04-12T00:36:29.9163256Z Artifact eslint-report has been successfully uploaded! Final size is 2443 bytes. Artifact ID is 6389088338
Generate and upload check reports	Upload ESLint report	2026-04-12T00:36:29.9169197Z Artifact download URL: https://github.com/Lakshmanshenoy/shenoylabs-web/actions/runs/24295052032/artifacts/6389088338
Generate and upload check reports	Post Setup pnpm	﻿2026-04-12T00:36:29.9303649Z Post job cleanup.
Generate and upload check reports	Post Setup pnpm	2026-04-12T00:36:30.0191195Z Pruning is unnecessary.
Generate and upload check reports	Post Setup Node.js	﻿2026-04-12T00:36:30.0301748Z Post job cleanup.
Generate and upload check reports	Post Setup Node.js	2026-04-12T00:36:30.1629851Z (node:2547) [DEP0040] DeprecationWarning: The `punycode` module is deprecated. Please use a userland alternative instead.
Generate and upload check reports	Post Setup Node.js	2026-04-12T00:36:30.1631196Z (Use `node --trace-deprecation ...` to show where the warning was created)
Generate and upload check reports	Post Run actions/checkout@v4	﻿2026-04-12T00:36:30.1780119Z Post job cleanup.
Generate and upload check reports	Post Run actions/checkout@v4	2026-04-12T00:36:30.2628475Z [command]/usr/bin/git version
Generate and upload check reports	Post Run actions/checkout@v4	2026-04-12T00:36:30.2666115Z git version 2.53.0
Generate and upload check reports	Post Run actions/checkout@v4	2026-04-12T00:36:30.2704125Z Temporarily overriding HOME='/home/runner/work/_temp/c0d007da-8519-46aa-8de5-4403901f281d' before making global git config changes
Generate and upload check reports	Post Run actions/checkout@v4	2026-04-12T00:36:30.2705970Z Adding repository directory to the temporary git global config as a safe directory
Generate and upload check reports	Post Run actions/checkout@v4	2026-04-12T00:36:30.2709978Z [command]/usr/bin/git config --global --add safe.directory /home/runner/work/shenoylabs-web/shenoylabs-web
Generate and upload check reports	Post Run actions/checkout@v4	2026-04-12T00:36:30.2747582Z [command]/usr/bin/git config --local --name-only --get-regexp core\.sshCommand
Generate and upload check reports	Post Run actions/checkout@v4	2026-04-12T00:36:30.2783100Z [command]/usr/bin/git submodule foreach --recursive sh -c "git config --local --name-only --get-regexp 'core\.sshCommand' && git config --local --unset-all 'core.sshCommand' || :"
Generate and upload check reports	Post Run actions/checkout@v4	2026-04-12T00:36:30.3026096Z [command]/usr/bin/git config --local --name-only --get-regexp http\.https\:\/\/github\.com\/\.extraheader
Generate and upload check reports	Post Run actions/checkout@v4	2026-04-12T00:36:30.3053317Z http.https://github.com/.extraheader
Generate and upload check reports	Post Run actions/checkout@v4	2026-04-12T00:36:30.3065433Z [command]/usr/bin/git config --local --unset-all http.https://github.com/.extraheader
Generate and upload check reports	Post Run actions/checkout@v4	2026-04-12T00:36:30.3100508Z [command]/usr/bin/git submodule foreach --recursive sh -c "git config --local --name-only --get-regexp 'http\.https\:\/\/github\.com\/\.extraheader' && git config --local --unset-all 'http.https://github.com/.extraheader' || :"
Generate and upload check reports	Post Run actions/checkout@v4	2026-04-12T00:36:30.3344798Z [command]/usr/bin/git config --local --name-only --get-regexp ^includeIf\.gitdir:
Generate and upload check reports	Post Run actions/checkout@v4	2026-04-12T00:36:30.3376575Z [command]/usr/bin/git submodule foreach --recursive git config --local --show-origin --name-only --get-regexp remote.origin.url
Generate and upload check reports	Complete job	﻿2026-04-12T00:36:30.3766341Z Cleaning up orphan processes
Generate and upload check reports	Complete job	2026-04-12T00:36:30.4085131Z ##[warning]Node.js 20 is deprecated. The following actions target Node.js 20 but are being forced to run on Node.js 24: actions/checkout@v4, actions/setup-node@v4, actions/upload-artifact@v4, pnpm/action-setup@v2. For more information see: https://github.blog/changelog/2025-09-19-deprecation-of-node-20-on-github-actions-runners/
