Run tests	Set up job	﻿2026-04-11T23:59:58.6565209Z Current runner version: '2.333.1'
Run tests	Set up job	2026-04-11T23:59:58.6590111Z ##[group]Runner Image Provisioner
Run tests	Set up job	2026-04-11T23:59:58.6590944Z Hosted Compute Agent
Run tests	Set up job	2026-04-11T23:59:58.6591500Z Version: 20260213.493
Run tests	Set up job	2026-04-11T23:59:58.6592058Z Commit: 5c115507f6dd24b8de37d8bbe0bb4509d0cc0fa3
Run tests	Set up job	2026-04-11T23:59:58.6592800Z Build Date: 2026-02-13T00:28:41Z
Run tests	Set up job	2026-04-11T23:59:58.6593433Z Worker ID: {8aff33c7-a61d-43c3-85dd-a6540f944832}
Run tests	Set up job	2026-04-11T23:59:58.6594018Z Azure Region: westus3
Run tests	Set up job	2026-04-11T23:59:58.6594544Z ##[endgroup]
Run tests	Set up job	2026-04-11T23:59:58.6595914Z ##[group]Operating System
Run tests	Set up job	2026-04-11T23:59:58.6596426Z Ubuntu
Run tests	Set up job	2026-04-11T23:59:58.6596849Z 24.04.4
Run tests	Set up job	2026-04-11T23:59:58.6597257Z LTS
Run tests	Set up job	2026-04-11T23:59:58.6597691Z ##[endgroup]
Run tests	Set up job	2026-04-11T23:59:58.6598108Z ##[group]Runner Image
Run tests	Set up job	2026-04-11T23:59:58.6598633Z Image: ubuntu-24.04
Run tests	Set up job	2026-04-11T23:59:58.6599082Z Version: 20260406.80.1
Run tests	Set up job	2026-04-11T23:59:58.6599972Z Included Software: https://github.com/actions/runner-images/blob/ubuntu24/20260406.80/images/ubuntu/Ubuntu2404-Readme.md
Run tests	Set up job	2026-04-11T23:59:58.6601436Z Image Release: https://github.com/actions/runner-images/releases/tag/ubuntu24%2F20260406.80
Run tests	Set up job	2026-04-11T23:59:58.6602246Z ##[endgroup]
Run tests	Set up job	2026-04-11T23:59:58.6603413Z ##[group]GITHUB_TOKEN Permissions
Run tests	Set up job	2026-04-11T23:59:58.6605436Z Contents: read
Run tests	Set up job	2026-04-11T23:59:58.6605934Z Metadata: read
Run tests	Set up job	2026-04-11T23:59:58.6606447Z Packages: read
Run tests	Set up job	2026-04-11T23:59:58.6606888Z ##[endgroup]
Run tests	Set up job	2026-04-11T23:59:58.6609149Z Secret source: Actions
Run tests	Set up job	2026-04-11T23:59:58.6609815Z Prepare workflow directory
Run tests	Set up job	2026-04-11T23:59:58.6934648Z Prepare all required actions
Run tests	Set up job	2026-04-11T23:59:58.6975415Z Getting action download info
Run tests	Set up job	2026-04-11T23:59:59.1366310Z Download action repository 'actions/checkout@v4' (SHA:34e114876b0b11c390a56381ad16ebd13914f8d5)
Run tests	Set up job	2026-04-11T23:59:59.2125570Z Download action repository 'actions/setup-node@v4' (SHA:49933ea5288caeca8642d1e84afbd3f7d6820020)
Run tests	Set up job	2026-04-11T23:59:59.2834255Z Download action repository 'pnpm/action-setup@v2' (SHA:eae0cfeb286e66ffb5155f1a79b90583a127a68b)
Run tests	Set up job	2026-04-12T00:00:00.4856508Z Complete job name: Run tests
Run tests	Run actions/checkout@v4	﻿2026-04-12T00:00:00.5656736Z ##[group]Run actions/checkout@v4
Run tests	Run actions/checkout@v4	2026-04-12T00:00:00.5658152Z with:
Run tests	Run actions/checkout@v4	2026-04-12T00:00:00.5659007Z   repository: Lakshmanshenoy/shenoylabs-web
Run tests	Run actions/checkout@v4	2026-04-12T00:00:00.5660510Z   token: ***
Run tests	Run actions/checkout@v4	2026-04-12T00:00:00.5661271Z   ssh-strict: true
Run tests	Run actions/checkout@v4	2026-04-12T00:00:00.5662132Z   ssh-user: git
Run tests	Run actions/checkout@v4	2026-04-12T00:00:00.5663225Z   persist-credentials: true
Run tests	Run actions/checkout@v4	2026-04-12T00:00:00.5664120Z   clean: true
Run tests	Run actions/checkout@v4	2026-04-12T00:00:00.5664970Z   sparse-checkout-cone-mode: true
Run tests	Run actions/checkout@v4	2026-04-12T00:00:00.5665948Z   fetch-depth: 1
Run tests	Run actions/checkout@v4	2026-04-12T00:00:00.5666788Z   fetch-tags: false
Run tests	Run actions/checkout@v4	2026-04-12T00:00:00.5667636Z   show-progress: true
Run tests	Run actions/checkout@v4	2026-04-12T00:00:00.5668503Z   lfs: false
Run tests	Run actions/checkout@v4	2026-04-12T00:00:00.5669278Z   submodules: false
Run tests	Run actions/checkout@v4	2026-04-12T00:00:00.5670120Z   set-safe-directory: true
Run tests	Run actions/checkout@v4	2026-04-12T00:00:00.5671356Z ##[endgroup]
Run tests	Run actions/checkout@v4	2026-04-12T00:00:00.6848761Z Syncing repository: Lakshmanshenoy/shenoylabs-web
Run tests	Run actions/checkout@v4	2026-04-12T00:00:00.6851552Z ##[group]Getting Git version info
Run tests	Run actions/checkout@v4	2026-04-12T00:00:00.6853137Z Working directory is '/home/runner/work/shenoylabs-web/shenoylabs-web'
Run tests	Run actions/checkout@v4	2026-04-12T00:00:00.6855309Z [command]/usr/bin/git version
Run tests	Run actions/checkout@v4	2026-04-12T00:00:00.6856195Z git version 2.53.0
Run tests	Run actions/checkout@v4	2026-04-12T00:00:00.6858919Z ##[endgroup]
Run tests	Run actions/checkout@v4	2026-04-12T00:00:00.6864684Z Temporarily overriding HOME='/home/runner/work/_temp/3fd0efb3-1aa4-4a66-b3b9-f66f9a671ee4' before making global git config changes
Run tests	Run actions/checkout@v4	2026-04-12T00:00:00.6867188Z Adding repository directory to the temporary git global config as a safe directory
Run tests	Run actions/checkout@v4	2026-04-12T00:00:00.6869302Z [command]/usr/bin/git config --global --add safe.directory /home/runner/work/shenoylabs-web/shenoylabs-web
Run tests	Run actions/checkout@v4	2026-04-12T00:00:00.6872369Z Deleting the contents of '/home/runner/work/shenoylabs-web/shenoylabs-web'
Run tests	Run actions/checkout@v4	2026-04-12T00:00:00.6874472Z ##[group]Initializing the repository
Run tests	Run actions/checkout@v4	2026-04-12T00:00:00.6875792Z [command]/usr/bin/git init /home/runner/work/shenoylabs-web/shenoylabs-web
Run tests	Run actions/checkout@v4	2026-04-12T00:00:00.6891605Z hint: Using 'master' as the name for the initial branch. This default branch name
Run tests	Run actions/checkout@v4	2026-04-12T00:00:00.6893645Z hint: will change to "main" in Git 3.0. To configure the initial branch name
Run tests	Run actions/checkout@v4	2026-04-12T00:00:00.6895946Z hint: to use in all of your new repositories, which will suppress this warning,
Run tests	Run actions/checkout@v4	2026-04-12T00:00:00.6897412Z hint: call:
Run tests	Run actions/checkout@v4	2026-04-12T00:00:00.6898231Z hint:
Run tests	Run actions/checkout@v4	2026-04-12T00:00:00.6899115Z hint: 	git config --global init.defaultBranch <name>
Run tests	Run actions/checkout@v4	2026-04-12T00:00:00.6900175Z hint:
Run tests	Run actions/checkout@v4	2026-04-12T00:00:00.6901371Z hint: Names commonly chosen instead of 'master' are 'main', 'trunk' and
Run tests	Run actions/checkout@v4	2026-04-12T00:00:00.6903325Z hint: 'development'. The just-created branch can be renamed via this command:
Run tests	Run actions/checkout@v4	2026-04-12T00:00:00.6904641Z hint:
Run tests	Run actions/checkout@v4	2026-04-12T00:00:00.6905343Z hint: 	git branch -m <name>
Run tests	Run actions/checkout@v4	2026-04-12T00:00:00.6906166Z hint:
Run tests	Run actions/checkout@v4	2026-04-12T00:00:00.6907392Z hint: Disable this message with "git config set advice.defaultBranchName false"
Run tests	Run actions/checkout@v4	2026-04-12T00:00:00.6909379Z Initialized empty Git repository in /home/runner/work/shenoylabs-web/shenoylabs-web/.git/
Run tests	Run actions/checkout@v4	2026-04-12T00:00:00.6913041Z [command]/usr/bin/git remote add origin https://github.com/Lakshmanshenoy/shenoylabs-web
Run tests	Run actions/checkout@v4	2026-04-12T00:00:00.6934595Z ##[endgroup]
Run tests	Run actions/checkout@v4	2026-04-12T00:00:00.6936766Z ##[group]Disabling automatic garbage collection
Run tests	Run actions/checkout@v4	2026-04-12T00:00:00.6939091Z [command]/usr/bin/git config --local gc.auto 0
Run tests	Run actions/checkout@v4	2026-04-12T00:00:00.6980560Z ##[endgroup]
Run tests	Run actions/checkout@v4	2026-04-12T00:00:00.6983393Z ##[group]Setting up auth
Run tests	Run actions/checkout@v4	2026-04-12T00:00:00.6985981Z [command]/usr/bin/git config --local --name-only --get-regexp core\.sshCommand
Run tests	Run actions/checkout@v4	2026-04-12T00:00:00.6998975Z [command]/usr/bin/git submodule foreach --recursive sh -c "git config --local --name-only --get-regexp 'core\.sshCommand' && git config --local --unset-all 'core.sshCommand' || :"
Run tests	Run actions/checkout@v4	2026-04-12T00:00:00.7238128Z [command]/usr/bin/git config --local --name-only --get-regexp http\.https\:\/\/github\.com\/\.extraheader
Run tests	Run actions/checkout@v4	2026-04-12T00:00:00.7265837Z [command]/usr/bin/git submodule foreach --recursive sh -c "git config --local --name-only --get-regexp 'http\.https\:\/\/github\.com\/\.extraheader' && git config --local --unset-all 'http.https://github.com/.extraheader' || :"
Run tests	Run actions/checkout@v4	2026-04-12T00:00:00.7464239Z [command]/usr/bin/git config --local --name-only --get-regexp ^includeIf\.gitdir:
Run tests	Run actions/checkout@v4	2026-04-12T00:00:00.7490820Z [command]/usr/bin/git submodule foreach --recursive git config --local --show-origin --name-only --get-regexp remote.origin.url
Run tests	Run actions/checkout@v4	2026-04-12T00:00:00.7679407Z [command]/usr/bin/git config --local http.https://github.com/.extraheader AUTHORIZATION: basic ***
Run tests	Run actions/checkout@v4	2026-04-12T00:00:00.7708399Z ##[endgroup]
Run tests	Run actions/checkout@v4	2026-04-12T00:00:00.7710659Z ##[group]Fetching the repository
Run tests	Run actions/checkout@v4	2026-04-12T00:00:00.7719138Z [command]/usr/bin/git -c protocol.version=2 fetch --no-tags --prune --no-recurse-submodules --depth=1 origin +afafb847bd9bf506138a87eb822c6cd02ae880f8:refs/remotes/origin/main
Run tests	Run actions/checkout@v4	2026-04-12T00:00:01.3186441Z From https://github.com/Lakshmanshenoy/shenoylabs-web
Run tests	Run actions/checkout@v4	2026-04-12T00:00:01.3188043Z  * [new ref]         afafb847bd9bf506138a87eb822c6cd02ae880f8 -> origin/main
Run tests	Run actions/checkout@v4	2026-04-12T00:00:01.3209377Z ##[endgroup]
Run tests	Run actions/checkout@v4	2026-04-12T00:00:01.3210759Z ##[group]Determining the checkout info
Run tests	Run actions/checkout@v4	2026-04-12T00:00:01.3212059Z ##[endgroup]
Run tests	Run actions/checkout@v4	2026-04-12T00:00:01.3215892Z [command]/usr/bin/git sparse-checkout disable
Run tests	Run actions/checkout@v4	2026-04-12T00:00:01.3245039Z [command]/usr/bin/git config --local --unset-all extensions.worktreeConfig
Run tests	Run actions/checkout@v4	2026-04-12T00:00:01.3264725Z ##[group]Checking out the ref
Run tests	Run actions/checkout@v4	2026-04-12T00:00:01.3268400Z [command]/usr/bin/git checkout --progress --force -B main refs/remotes/origin/main
Run tests	Run actions/checkout@v4	2026-04-12T00:00:01.3346409Z Switched to a new branch 'main'
Run tests	Run actions/checkout@v4	2026-04-12T00:00:01.3347886Z branch 'main' set up to track 'origin/main'.
Run tests	Run actions/checkout@v4	2026-04-12T00:00:01.3353353Z ##[endgroup]
Run tests	Run actions/checkout@v4	2026-04-12T00:00:01.3381291Z [command]/usr/bin/git log -1 --format=%H
Run tests	Run actions/checkout@v4	2026-04-12T00:00:01.3398705Z afafb847bd9bf506138a87eb822c6cd02ae880f8
Run tests	Setup Node.js	﻿2026-04-12T00:00:01.3657126Z ##[group]Run actions/setup-node@v4
Run tests	Setup Node.js	2026-04-12T00:00:01.3657933Z with:
Run tests	Setup Node.js	2026-04-12T00:00:01.3658482Z   node-version: 20
Run tests	Setup Node.js	2026-04-12T00:00:01.3659109Z   always-auth: false
Run tests	Setup Node.js	2026-04-12T00:00:01.3659739Z   check-latest: false
Run tests	Setup Node.js	2026-04-12T00:00:01.3660639Z   token: ***
Run tests	Setup Node.js	2026-04-12T00:00:01.3661225Z ##[endgroup]
Run tests	Setup Node.js	2026-04-12T00:00:01.5311699Z Found in cache @ /opt/hostedtoolcache/node/20.20.2/x64
Run tests	Setup Node.js	2026-04-12T00:00:01.5317622Z ##[group]Environment details
Run tests	Setup Node.js	2026-04-12T00:00:01.8966555Z node: v20.20.2
Run tests	Setup Node.js	2026-04-12T00:00:01.8967313Z npm: 10.8.2
Run tests	Setup Node.js	2026-04-12T00:00:01.8967708Z yarn: 1.22.22
Run tests	Setup Node.js	2026-04-12T00:00:01.8968547Z ##[endgroup]
Run tests	Enable Corepack + prepare pnpm	﻿2026-04-12T00:00:01.9056813Z ##[group]Run corepack enable && corepack prepare pnpm@8 --activate
Run tests	Enable Corepack + prepare pnpm	2026-04-12T00:00:01.9057432Z [36;1mcorepack enable && corepack prepare pnpm@8 --activate[0m
Run tests	Enable Corepack + prepare pnpm	2026-04-12T00:00:01.9082818Z shell: /usr/bin/bash -e {0}
Run tests	Enable Corepack + prepare pnpm	2026-04-12T00:00:01.9083129Z ##[endgroup]
Run tests	Enable Corepack + prepare pnpm	2026-04-12T00:00:02.2976755Z Preparing pnpm@8 for immediate activation...
Run tests	Setup pnpm	﻿2026-04-12T00:00:02.8986134Z ##[group]Run pnpm/action-setup@v2
Run tests	Setup pnpm	2026-04-12T00:00:02.8986419Z with:
Run tests	Setup pnpm	2026-04-12T00:00:02.8986595Z   version: 8
Run tests	Setup pnpm	2026-04-12T00:00:02.8986764Z   dest: ~/setup-pnpm
Run tests	Setup pnpm	2026-04-12T00:00:02.8986956Z   run_install: null
Run tests	Setup pnpm	2026-04-12T00:00:02.8987145Z   package_json_file: package.json
Run tests	Setup pnpm	2026-04-12T00:00:02.8987369Z   standalone: false
Run tests	Setup pnpm	2026-04-12T00:00:02.8987553Z ##[endgroup]
Run tests	Setup pnpm	2026-04-12T00:00:02.9806388Z ##[group]Running self-installer...
Run tests	Setup pnpm	2026-04-12T00:00:03.5492997Z Progress: resolved 1, reused 0, downloaded 0, added 0
Run tests	Setup pnpm	2026-04-12T00:00:03.5586314Z Packages: +1
Run tests	Setup pnpm	2026-04-12T00:00:04.0871914Z +
Run tests	Setup pnpm	2026-04-12T00:00:04.0873316Z Packages are hard linked from the content-addressable store to the virtual store.
Run tests	Setup pnpm	2026-04-12T00:00:04.0874625Z   Content-addressable store is at: /home/runner/.local/share/pnpm/store/v3
Run tests	Setup pnpm	2026-04-12T00:00:04.0875444Z   Virtual store is at:             node_modules/.pnpm
Run tests	Setup pnpm	2026-04-12T00:00:04.1092188Z 
Run tests	Setup pnpm	2026-04-12T00:00:04.1093090Z dependencies:
Run tests	Setup pnpm	2026-04-12T00:00:04.1094003Z + pnpm 8.15.9 (10.33.0 is available)
Run tests	Setup pnpm	2026-04-12T00:00:04.1098253Z 
Run tests	Setup pnpm	2026-04-12T00:00:04.1116327Z Done in 964ms
Run tests	Setup pnpm	2026-04-12T00:00:04.5507984Z Progress: resolved 1, reused 0, downloaded 1, added 1, done
Run tests	Setup pnpm	2026-04-12T00:00:04.5607603Z ##[endgroup]
Run tests	Setup pnpm	2026-04-12T00:00:04.5610779Z Installation Completed!
Run tests	Install dependencies	﻿2026-04-12T00:00:04.5681141Z ##[group]Run pnpm install --frozen-lockfile
Run tests	Install dependencies	2026-04-12T00:00:04.5681498Z [36;1mpnpm install --frozen-lockfile[0m
Run tests	Install dependencies	2026-04-12T00:00:04.5695081Z shell: /usr/bin/bash -e {0}
Run tests	Install dependencies	2026-04-12T00:00:04.5695325Z env:
Run tests	Install dependencies	2026-04-12T00:00:04.5695559Z   PNPM_HOME: /home/runner/setup-pnpm/node_modules/.bin
Run tests	Install dependencies	2026-04-12T00:00:04.5695844Z ##[endgroup]
Run tests	Install dependencies	2026-04-12T00:00:05.0201463Z  WARN  Ignoring not compatible lockfile at /home/runner/work/shenoylabs-web/shenoylabs-web/pnpm-lock.yaml
Run tests	Install dependencies	2026-04-12T00:00:05.0222412Z  ERR_PNPM_NO_LOCKFILE  Cannot install with "frozen-lockfile" because pnpm-lock.yaml is absent
Run tests	Install dependencies	2026-04-12T00:00:05.0223263Z 
Run tests	Install dependencies	2026-04-12T00:00:05.0224028Z Note that in CI environments this setting is true by default. If you still need to run install in such cases, use "pnpm install --no-frozen-lockfile"
Run tests	Install dependencies	2026-04-12T00:00:05.0358713Z ##[error]Process completed with exit code 1.
Run tests	Post Setup pnpm	﻿2026-04-12T00:00:05.0427193Z Post job cleanup.
Run tests	Post Setup pnpm	2026-04-12T00:00:05.1240923Z Pruning is unnecessary.
Run tests	Post Run actions/checkout@v4	﻿2026-04-12T00:00:05.1333843Z Post job cleanup.
Run tests	Post Run actions/checkout@v4	2026-04-12T00:00:05.2228751Z [command]/usr/bin/git version
Run tests	Post Run actions/checkout@v4	2026-04-12T00:00:05.2260667Z git version 2.53.0
Run tests	Post Run actions/checkout@v4	2026-04-12T00:00:05.2298889Z Temporarily overriding HOME='/home/runner/work/_temp/52d6b96a-eed8-48b4-bce0-cd28e782d99c' before making global git config changes
Run tests	Post Run actions/checkout@v4	2026-04-12T00:00:05.2299901Z Adding repository directory to the temporary git global config as a safe directory
Run tests	Post Run actions/checkout@v4	2026-04-12T00:00:05.2304515Z [command]/usr/bin/git config --global --add safe.directory /home/runner/work/shenoylabs-web/shenoylabs-web
Run tests	Post Run actions/checkout@v4	2026-04-12T00:00:05.2341380Z [command]/usr/bin/git config --local --name-only --get-regexp core\.sshCommand
Run tests	Post Run actions/checkout@v4	2026-04-12T00:00:05.2368489Z [command]/usr/bin/git submodule foreach --recursive sh -c "git config --local --name-only --get-regexp 'core\.sshCommand' && git config --local --unset-all 'core.sshCommand' || :"
Run tests	Post Run actions/checkout@v4	2026-04-12T00:00:05.2548296Z [command]/usr/bin/git config --local --name-only --get-regexp http\.https\:\/\/github\.com\/\.extraheader
Run tests	Post Run actions/checkout@v4	2026-04-12T00:00:05.2567769Z http.https://github.com/.extraheader
Run tests	Post Run actions/checkout@v4	2026-04-12T00:00:05.2578190Z [command]/usr/bin/git config --local --unset-all http.https://github.com/.extraheader
Run tests	Post Run actions/checkout@v4	2026-04-12T00:00:05.2602019Z [command]/usr/bin/git submodule foreach --recursive sh -c "git config --local --name-only --get-regexp 'http\.https\:\/\/github\.com\/\.extraheader' && git config --local --unset-all 'http.https://github.com/.extraheader' || :"
Run tests	Post Run actions/checkout@v4	2026-04-12T00:00:05.2770268Z [command]/usr/bin/git config --local --name-only --get-regexp ^includeIf\.gitdir:
Run tests	Post Run actions/checkout@v4	2026-04-12T00:00:05.2795504Z [command]/usr/bin/git submodule foreach --recursive git config --local --show-origin --name-only --get-regexp remote.origin.url
Run tests	Complete job	﻿2026-04-12T00:00:05.3059674Z Cleaning up orphan processes
Run tests	Complete job	2026-04-12T00:00:05.3264871Z ##[warning]Node.js 20 actions are deprecated. The following actions are running on Node.js 20 and may not work as expected: actions/checkout@v4, actions/setup-node@v4, pnpm/action-setup@v2. Actions will be forced to run with Node.js 24 by default starting June 2nd, 2026. Node.js 20 will be removed from the runner on September 16th, 2026. Please check if updated versions of these actions are available that support Node.js 24. To opt into Node.js 24 now, set the FORCE_JAVASCRIPT_ACTIONS_TO_NODE24=true environment variable on the runner or in your workflow file. Once Node.js 24 becomes the default, you can temporarily opt out by setting ACTIONS_ALLOW_USE_UNSECURE_NODE_VERSION=true. For more information see: https://github.blog/changelog/2025-09-19-deprecation-of-node-20-on-github-actions-runners/
Generate and upload check reports	Set up job	﻿2026-04-12T00:00:11.0905510Z Current runner version: '2.333.1'
Generate and upload check reports	Set up job	2026-04-12T00:00:11.0938982Z ##[group]Runner Image Provisioner
Generate and upload check reports	Set up job	2026-04-12T00:00:11.0940143Z Hosted Compute Agent
Generate and upload check reports	Set up job	2026-04-12T00:00:11.0941013Z Version: 20260213.493
Generate and upload check reports	Set up job	2026-04-12T00:00:11.0942155Z Commit: 5c115507f6dd24b8de37d8bbe0bb4509d0cc0fa3
Generate and upload check reports	Set up job	2026-04-12T00:00:11.0943204Z Build Date: 2026-02-13T00:28:41Z
Generate and upload check reports	Set up job	2026-04-12T00:00:11.0944286Z Worker ID: {57775f32-914e-4492-8244-3248dbbb94f8}
Generate and upload check reports	Set up job	2026-04-12T00:00:11.0945504Z Azure Region: eastus
Generate and upload check reports	Set up job	2026-04-12T00:00:11.0946292Z ##[endgroup]
Generate and upload check reports	Set up job	2026-04-12T00:00:11.0948092Z ##[group]Operating System
Generate and upload check reports	Set up job	2026-04-12T00:00:11.0949243Z Ubuntu
Generate and upload check reports	Set up job	2026-04-12T00:00:11.0949923Z 24.04.4
Generate and upload check reports	Set up job	2026-04-12T00:00:11.0950524Z LTS
Generate and upload check reports	Set up job	2026-04-12T00:00:11.0951274Z ##[endgroup]
Generate and upload check reports	Set up job	2026-04-12T00:00:11.0951926Z ##[group]Runner Image
Generate and upload check reports	Set up job	2026-04-12T00:00:11.0952808Z Image: ubuntu-24.04
Generate and upload check reports	Set up job	2026-04-12T00:00:11.0953577Z Version: 20260406.80.1
Generate and upload check reports	Set up job	2026-04-12T00:00:11.0955358Z Included Software: https://github.com/actions/runner-images/blob/ubuntu24/20260406.80/images/ubuntu/Ubuntu2404-Readme.md
Generate and upload check reports	Set up job	2026-04-12T00:00:11.0957971Z Image Release: https://github.com/actions/runner-images/releases/tag/ubuntu24%2F20260406.80
Generate and upload check reports	Set up job	2026-04-12T00:00:11.0959337Z ##[endgroup]
Generate and upload check reports	Set up job	2026-04-12T00:00:11.0961040Z ##[group]GITHUB_TOKEN Permissions
Generate and upload check reports	Set up job	2026-04-12T00:00:11.0963686Z Contents: read
Generate and upload check reports	Set up job	2026-04-12T00:00:11.0964828Z Metadata: read
Generate and upload check reports	Set up job	2026-04-12T00:00:11.0965566Z Packages: read
Generate and upload check reports	Set up job	2026-04-12T00:00:11.0966309Z ##[endgroup]
Generate and upload check reports	Set up job	2026-04-12T00:00:11.0969233Z Secret source: Actions
Generate and upload check reports	Set up job	2026-04-12T00:00:11.0970215Z Prepare workflow directory
Generate and upload check reports	Set up job	2026-04-12T00:00:11.1408872Z Prepare all required actions
Generate and upload check reports	Set up job	2026-04-12T00:00:11.1462677Z Getting action download info
Generate and upload check reports	Set up job	2026-04-12T00:00:11.4849695Z Download action repository 'actions/checkout@v4' (SHA:34e114876b0b11c390a56381ad16ebd13914f8d5)
Generate and upload check reports	Set up job	2026-04-12T00:00:11.6145128Z Download action repository 'actions/setup-node@v4' (SHA:49933ea5288caeca8642d1e84afbd3f7d6820020)
Generate and upload check reports	Set up job	2026-04-12T00:00:11.7046235Z Download action repository 'pnpm/action-setup@v2' (SHA:eae0cfeb286e66ffb5155f1a79b90583a127a68b)
Generate and upload check reports	Set up job	2026-04-12T00:00:11.9626861Z Download action repository 'actions/upload-artifact@v4' (SHA:ea165f8d65b6e75b540449e92b4886f43607fa02)
Generate and upload check reports	Set up job	2026-04-12T00:00:12.2035791Z Complete job name: Generate and upload check reports
Generate and upload check reports	Run actions/checkout@v4	﻿2026-04-12T00:00:12.2829459Z ##[group]Run actions/checkout@v4
Generate and upload check reports	Run actions/checkout@v4	2026-04-12T00:00:12.2830705Z with:
Generate and upload check reports	Run actions/checkout@v4	2026-04-12T00:00:12.2831368Z   repository: Lakshmanshenoy/shenoylabs-web
Generate and upload check reports	Run actions/checkout@v4	2026-04-12T00:00:12.2832549Z   token: ***
Generate and upload check reports	Run actions/checkout@v4	2026-04-12T00:00:12.2833122Z   ssh-strict: true
Generate and upload check reports	Run actions/checkout@v4	2026-04-12T00:00:12.2833735Z   ssh-user: git
Generate and upload check reports	Run actions/checkout@v4	2026-04-12T00:00:12.2834343Z   persist-credentials: true
Generate and upload check reports	Run actions/checkout@v4	2026-04-12T00:00:12.2835481Z   clean: true
Generate and upload check reports	Run actions/checkout@v4	2026-04-12T00:00:12.2836103Z   sparse-checkout-cone-mode: true
Generate and upload check reports	Run actions/checkout@v4	2026-04-12T00:00:12.2836884Z   fetch-depth: 1
Generate and upload check reports	Run actions/checkout@v4	2026-04-12T00:00:12.2837480Z   fetch-tags: false
Generate and upload check reports	Run actions/checkout@v4	2026-04-12T00:00:12.2838102Z   show-progress: true
Generate and upload check reports	Run actions/checkout@v4	2026-04-12T00:00:12.2838730Z   lfs: false
Generate and upload check reports	Run actions/checkout@v4	2026-04-12T00:00:12.2839301Z   submodules: false
Generate and upload check reports	Run actions/checkout@v4	2026-04-12T00:00:12.2839958Z   set-safe-directory: true
Generate and upload check reports	Run actions/checkout@v4	2026-04-12T00:00:12.2840967Z ##[endgroup]
Generate and upload check reports	Run actions/checkout@v4	2026-04-12T00:00:12.3926178Z Syncing repository: Lakshmanshenoy/shenoylabs-web
Generate and upload check reports	Run actions/checkout@v4	2026-04-12T00:00:12.3928702Z ##[group]Getting Git version info
Generate and upload check reports	Run actions/checkout@v4	2026-04-12T00:00:12.3930131Z Working directory is '/home/runner/work/shenoylabs-web/shenoylabs-web'
Generate and upload check reports	Run actions/checkout@v4	2026-04-12T00:00:12.3931857Z [command]/usr/bin/git version
Generate and upload check reports	Run actions/checkout@v4	2026-04-12T00:00:12.3964679Z git version 2.53.0
Generate and upload check reports	Run actions/checkout@v4	2026-04-12T00:00:12.3988965Z ##[endgroup]
Generate and upload check reports	Run actions/checkout@v4	2026-04-12T00:00:12.4010307Z Temporarily overriding HOME='/home/runner/work/_temp/7a9d8e97-e7bf-452a-8895-2725087bbdb1' before making global git config changes
Generate and upload check reports	Run actions/checkout@v4	2026-04-12T00:00:12.4012729Z Adding repository directory to the temporary git global config as a safe directory
Generate and upload check reports	Run actions/checkout@v4	2026-04-12T00:00:12.4015410Z [command]/usr/bin/git config --global --add safe.directory /home/runner/work/shenoylabs-web/shenoylabs-web
Generate and upload check reports	Run actions/checkout@v4	2026-04-12T00:00:12.4047488Z Deleting the contents of '/home/runner/work/shenoylabs-web/shenoylabs-web'
Generate and upload check reports	Run actions/checkout@v4	2026-04-12T00:00:12.4050908Z ##[group]Initializing the repository
Generate and upload check reports	Run actions/checkout@v4	2026-04-12T00:00:12.4054900Z [command]/usr/bin/git init /home/runner/work/shenoylabs-web/shenoylabs-web
Generate and upload check reports	Run actions/checkout@v4	2026-04-12T00:00:12.4112061Z hint: Using 'master' as the name for the initial branch. This default branch name
Generate and upload check reports	Run actions/checkout@v4	2026-04-12T00:00:12.4114200Z hint: will change to "main" in Git 3.0. To configure the initial branch name
Generate and upload check reports	Run actions/checkout@v4	2026-04-12T00:00:12.4116078Z hint: to use in all of your new repositories, which will suppress this warning,
Generate and upload check reports	Run actions/checkout@v4	2026-04-12T00:00:12.4117729Z hint: call:
Generate and upload check reports	Run actions/checkout@v4	2026-04-12T00:00:12.4118482Z hint:
Generate and upload check reports	Run actions/checkout@v4	2026-04-12T00:00:12.4119212Z hint: 	git config --global init.defaultBranch <name>
Generate and upload check reports	Run actions/checkout@v4	2026-04-12T00:00:12.4120145Z hint:
Generate and upload check reports	Run actions/checkout@v4	2026-04-12T00:00:12.4121014Z hint: Names commonly chosen instead of 'master' are 'main', 'trunk' and
Generate and upload check reports	Run actions/checkout@v4	2026-04-12T00:00:12.4122504Z hint: 'development'. The just-created branch can be renamed via this command:
Generate and upload check reports	Run actions/checkout@v4	2026-04-12T00:00:12.4123913Z hint:
Generate and upload check reports	Run actions/checkout@v4	2026-04-12T00:00:12.4124862Z hint: 	git branch -m <name>
Generate and upload check reports	Run actions/checkout@v4	2026-04-12T00:00:12.4125618Z hint:
Generate and upload check reports	Run actions/checkout@v4	2026-04-12T00:00:12.4126560Z hint: Disable this message with "git config set advice.defaultBranchName false"
Generate and upload check reports	Run actions/checkout@v4	2026-04-12T00:00:12.4128298Z Initialized empty Git repository in /home/runner/work/shenoylabs-web/shenoylabs-web/.git/
Generate and upload check reports	Run actions/checkout@v4	2026-04-12T00:00:12.4131267Z [command]/usr/bin/git remote add origin https://github.com/Lakshmanshenoy/shenoylabs-web
Generate and upload check reports	Run actions/checkout@v4	2026-04-12T00:00:12.4156788Z ##[endgroup]
Generate and upload check reports	Run actions/checkout@v4	2026-04-12T00:00:12.4157884Z ##[group]Disabling automatic garbage collection
Generate and upload check reports	Run actions/checkout@v4	2026-04-12T00:00:12.4161460Z [command]/usr/bin/git config --local gc.auto 0
Generate and upload check reports	Run actions/checkout@v4	2026-04-12T00:00:12.4190401Z ##[endgroup]
Generate and upload check reports	Run actions/checkout@v4	2026-04-12T00:00:12.4191446Z ##[group]Setting up auth
Generate and upload check reports	Run actions/checkout@v4	2026-04-12T00:00:12.4197189Z [command]/usr/bin/git config --local --name-only --get-regexp core\.sshCommand
Generate and upload check reports	Run actions/checkout@v4	2026-04-12T00:00:12.4226822Z [command]/usr/bin/git submodule foreach --recursive sh -c "git config --local --name-only --get-regexp 'core\.sshCommand' && git config --local --unset-all 'core.sshCommand' || :"
Generate and upload check reports	Run actions/checkout@v4	2026-04-12T00:00:12.4518848Z [command]/usr/bin/git config --local --name-only --get-regexp http\.https\:\/\/github\.com\/\.extraheader
Generate and upload check reports	Run actions/checkout@v4	2026-04-12T00:00:12.4550804Z [command]/usr/bin/git submodule foreach --recursive sh -c "git config --local --name-only --get-regexp 'http\.https\:\/\/github\.com\/\.extraheader' && git config --local --unset-all 'http.https://github.com/.extraheader' || :"
Generate and upload check reports	Run actions/checkout@v4	2026-04-12T00:00:12.4779495Z [command]/usr/bin/git config --local --name-only --get-regexp ^includeIf\.gitdir:
Generate and upload check reports	Run actions/checkout@v4	2026-04-12T00:00:12.4810892Z [command]/usr/bin/git submodule foreach --recursive git config --local --show-origin --name-only --get-regexp remote.origin.url
Generate and upload check reports	Run actions/checkout@v4	2026-04-12T00:00:12.5040788Z [command]/usr/bin/git config --local http.https://github.com/.extraheader AUTHORIZATION: basic ***
Generate and upload check reports	Run actions/checkout@v4	2026-04-12T00:00:12.5074073Z ##[endgroup]
Generate and upload check reports	Run actions/checkout@v4	2026-04-12T00:00:12.5075713Z ##[group]Fetching the repository
Generate and upload check reports	Run actions/checkout@v4	2026-04-12T00:00:12.5083095Z [command]/usr/bin/git -c protocol.version=2 fetch --no-tags --prune --no-recurse-submodules --depth=1 origin +afafb847bd9bf506138a87eb822c6cd02ae880f8:refs/remotes/origin/main
Generate and upload check reports	Run actions/checkout@v4	2026-04-12T00:00:12.6910509Z From https://github.com/Lakshmanshenoy/shenoylabs-web
Generate and upload check reports	Run actions/checkout@v4	2026-04-12T00:00:12.6912235Z  * [new ref]         afafb847bd9bf506138a87eb822c6cd02ae880f8 -> origin/main
Generate and upload check reports	Run actions/checkout@v4	2026-04-12T00:00:12.6940785Z ##[endgroup]
Generate and upload check reports	Run actions/checkout@v4	2026-04-12T00:00:12.6942599Z ##[group]Determining the checkout info
Generate and upload check reports	Run actions/checkout@v4	2026-04-12T00:00:12.6945080Z ##[endgroup]
Generate and upload check reports	Run actions/checkout@v4	2026-04-12T00:00:12.6949142Z [command]/usr/bin/git sparse-checkout disable
Generate and upload check reports	Run actions/checkout@v4	2026-04-12T00:00:12.6985120Z [command]/usr/bin/git config --local --unset-all extensions.worktreeConfig
Generate and upload check reports	Run actions/checkout@v4	2026-04-12T00:00:12.7011625Z ##[group]Checking out the ref
Generate and upload check reports	Run actions/checkout@v4	2026-04-12T00:00:12.7015288Z [command]/usr/bin/git checkout --progress --force -B main refs/remotes/origin/main
Generate and upload check reports	Run actions/checkout@v4	2026-04-12T00:00:12.7125806Z Switched to a new branch 'main'
Generate and upload check reports	Run actions/checkout@v4	2026-04-12T00:00:12.7128219Z branch 'main' set up to track 'origin/main'.
Generate and upload check reports	Run actions/checkout@v4	2026-04-12T00:00:12.7135684Z ##[endgroup]
Generate and upload check reports	Run actions/checkout@v4	2026-04-12T00:00:12.7168326Z [command]/usr/bin/git log -1 --format=%H
Generate and upload check reports	Run actions/checkout@v4	2026-04-12T00:00:12.7190366Z afafb847bd9bf506138a87eb822c6cd02ae880f8
Generate and upload check reports	Setup Node.js	﻿2026-04-12T00:00:12.7483049Z ##[group]Run actions/setup-node@v4
Generate and upload check reports	Setup Node.js	2026-04-12T00:00:12.7483999Z with:
Generate and upload check reports	Setup Node.js	2026-04-12T00:00:12.7484806Z   node-version: 20
Generate and upload check reports	Setup Node.js	2026-04-12T00:00:12.7485829Z   always-auth: false
Generate and upload check reports	Setup Node.js	2026-04-12T00:00:12.7486573Z   check-latest: false
Generate and upload check reports	Setup Node.js	2026-04-12T00:00:12.7487490Z   token: ***
Generate and upload check reports	Setup Node.js	2026-04-12T00:00:12.7488244Z ##[endgroup]
Generate and upload check reports	Setup Node.js	2026-04-12T00:00:12.9220807Z Found in cache @ /opt/hostedtoolcache/node/20.20.2/x64
Generate and upload check reports	Setup Node.js	2026-04-12T00:00:12.9227098Z ##[group]Environment details
Generate and upload check reports	Setup Node.js	2026-04-12T00:00:13.2190691Z node: v20.20.2
Generate and upload check reports	Setup Node.js	2026-04-12T00:00:13.2191623Z npm: 10.8.2
Generate and upload check reports	Setup Node.js	2026-04-12T00:00:13.2192324Z yarn: 1.22.22
Generate and upload check reports	Setup Node.js	2026-04-12T00:00:13.2193761Z ##[endgroup]
Generate and upload check reports	Enable Corepack + prepare pnpm	﻿2026-04-12T00:00:13.2338378Z ##[group]Run corepack enable && corepack prepare pnpm@8 --activate
Generate and upload check reports	Enable Corepack + prepare pnpm	2026-04-12T00:00:13.2339844Z [36;1mcorepack enable && corepack prepare pnpm@8 --activate[0m
Generate and upload check reports	Enable Corepack + prepare pnpm	2026-04-12T00:00:13.2377744Z shell: /usr/bin/bash -e {0}
Generate and upload check reports	Enable Corepack + prepare pnpm	2026-04-12T00:00:13.2378543Z ##[endgroup]
Generate and upload check reports	Enable Corepack + prepare pnpm	2026-04-12T00:00:13.6882437Z Preparing pnpm@8 for immediate activation...
Generate and upload check reports	Setup pnpm	﻿2026-04-12T00:00:14.2606568Z ##[group]Run pnpm/action-setup@v2
Generate and upload check reports	Setup pnpm	2026-04-12T00:00:14.2607316Z with:
Generate and upload check reports	Setup pnpm	2026-04-12T00:00:14.2607793Z   version: 8
Generate and upload check reports	Setup pnpm	2026-04-12T00:00:14.2608306Z   dest: ~/setup-pnpm
Generate and upload check reports	Setup pnpm	2026-04-12T00:00:14.2608900Z   run_install: null
Generate and upload check reports	Setup pnpm	2026-04-12T00:00:14.2609495Z   package_json_file: package.json
Generate and upload check reports	Setup pnpm	2026-04-12T00:00:14.2610170Z   standalone: false
Generate and upload check reports	Setup pnpm	2026-04-12T00:00:14.2610732Z ##[endgroup]
Generate and upload check reports	Setup pnpm	2026-04-12T00:00:14.3526491Z ##[group]Running self-installer...
Generate and upload check reports	Setup pnpm	2026-04-12T00:00:14.8788535Z Progress: resolved 1, reused 0, downloaded 0, added 0
Generate and upload check reports	Setup pnpm	2026-04-12T00:00:14.8875883Z Packages: +1
Generate and upload check reports	Setup pnpm	2026-04-12T00:00:14.8876457Z +
Generate and upload check reports	Setup pnpm	2026-04-12T00:00:15.4790136Z Packages are hard linked from the content-addressable store to the virtual store.
Generate and upload check reports	Setup pnpm	2026-04-12T00:00:15.4790898Z   Content-addressable store is at: /home/runner/.local/share/pnpm/store/v3
Generate and upload check reports	Setup pnpm	2026-04-12T00:00:15.4791633Z   Virtual store is at:             node_modules/.pnpm
Generate and upload check reports	Setup pnpm	2026-04-12T00:00:15.5012269Z 
Generate and upload check reports	Setup pnpm	2026-04-12T00:00:15.5013022Z dependencies:
Generate and upload check reports	Setup pnpm	2026-04-12T00:00:15.5014078Z + pnpm 8.15.9 (10.33.0 is available)
Generate and upload check reports	Setup pnpm	2026-04-12T00:00:15.5015436Z 
Generate and upload check reports	Setup pnpm	2026-04-12T00:00:15.5045248Z Done in 978ms
Generate and upload check reports	Setup pnpm	2026-04-12T00:00:15.8797111Z Progress: resolved 1, reused 0, downloaded 1, added 1, done
Generate and upload check reports	Setup pnpm	2026-04-12T00:00:15.8956630Z ##[endgroup]
Generate and upload check reports	Setup pnpm	2026-04-12T00:00:15.8960065Z Installation Completed!
Generate and upload check reports	Install dependencies	﻿2026-04-12T00:00:15.9045952Z ##[group]Run pnpm install --frozen-lockfile
Generate and upload check reports	Install dependencies	2026-04-12T00:00:15.9046317Z [36;1mpnpm install --frozen-lockfile[0m
Generate and upload check reports	Install dependencies	2026-04-12T00:00:15.9069585Z shell: /usr/bin/bash -e {0}
Generate and upload check reports	Install dependencies	2026-04-12T00:00:15.9069833Z env:
Generate and upload check reports	Install dependencies	2026-04-12T00:00:15.9070071Z   PNPM_HOME: /home/runner/setup-pnpm/node_modules/.bin
Generate and upload check reports	Install dependencies	2026-04-12T00:00:15.9070371Z ##[endgroup]
Generate and upload check reports	Install dependencies	2026-04-12T00:00:16.3634642Z  WARN  Ignoring not compatible lockfile at /home/runner/work/shenoylabs-web/shenoylabs-web/pnpm-lock.yaml
Generate and upload check reports	Install dependencies	2026-04-12T00:00:16.3652712Z  ERR_PNPM_NO_LOCKFILE  Cannot install with "frozen-lockfile" because pnpm-lock.yaml is absent
Generate and upload check reports	Install dependencies	2026-04-12T00:00:16.3653299Z 
Generate and upload check reports	Install dependencies	2026-04-12T00:00:16.3654212Z Note that in CI environments this setting is true by default. If you still need to run install in such cases, use "pnpm install --no-frozen-lockfile"
Generate and upload check reports	Install dependencies	2026-04-12T00:00:16.3861211Z ##[error]Process completed with exit code 1.
Generate and upload check reports	Post Setup pnpm	﻿2026-04-12T00:00:16.3940938Z Post job cleanup.
Generate and upload check reports	Post Setup pnpm	2026-04-12T00:00:16.4831660Z Pruning is unnecessary.
Generate and upload check reports	Post Run actions/checkout@v4	﻿2026-04-12T00:00:16.4956920Z Post job cleanup.
Generate and upload check reports	Post Run actions/checkout@v4	2026-04-12T00:00:16.5891111Z [command]/usr/bin/git version
Generate and upload check reports	Post Run actions/checkout@v4	2026-04-12T00:00:16.5926812Z git version 2.53.0
Generate and upload check reports	Post Run actions/checkout@v4	2026-04-12T00:00:16.5968633Z Temporarily overriding HOME='/home/runner/work/_temp/5ffeb315-1984-4db6-b89b-abd0da256c5a' before making global git config changes
Generate and upload check reports	Post Run actions/checkout@v4	2026-04-12T00:00:16.5970091Z Adding repository directory to the temporary git global config as a safe directory
Generate and upload check reports	Post Run actions/checkout@v4	2026-04-12T00:00:16.5975385Z [command]/usr/bin/git config --global --add safe.directory /home/runner/work/shenoylabs-web/shenoylabs-web
Generate and upload check reports	Post Run actions/checkout@v4	2026-04-12T00:00:16.6011301Z [command]/usr/bin/git config --local --name-only --get-regexp core\.sshCommand
Generate and upload check reports	Post Run actions/checkout@v4	2026-04-12T00:00:16.6045018Z [command]/usr/bin/git submodule foreach --recursive sh -c "git config --local --name-only --get-regexp 'core\.sshCommand' && git config --local --unset-all 'core.sshCommand' || :"
Generate and upload check reports	Post Run actions/checkout@v4	2026-04-12T00:00:16.6288320Z [command]/usr/bin/git config --local --name-only --get-regexp http\.https\:\/\/github\.com\/\.extraheader
Generate and upload check reports	Post Run actions/checkout@v4	2026-04-12T00:00:16.6311471Z http.https://github.com/.extraheader
Generate and upload check reports	Post Run actions/checkout@v4	2026-04-12T00:00:16.6356170Z [command]/usr/bin/git config --local --unset-all http.https://github.com/.extraheader
Generate and upload check reports	Post Run actions/checkout@v4	2026-04-12T00:00:16.6370912Z [command]/usr/bin/git submodule foreach --recursive sh -c "git config --local --name-only --get-regexp 'http\.https\:\/\/github\.com\/\.extraheader' && git config --local --unset-all 'http.https://github.com/.extraheader' || :"
Generate and upload check reports	Post Run actions/checkout@v4	2026-04-12T00:00:16.6736889Z [command]/usr/bin/git config --local --name-only --get-regexp ^includeIf\.gitdir:
Generate and upload check reports	Post Run actions/checkout@v4	2026-04-12T00:00:16.6778581Z [command]/usr/bin/git submodule foreach --recursive git config --local --show-origin --name-only --get-regexp remote.origin.url
Generate and upload check reports	Complete job	﻿2026-04-12T00:00:16.7181151Z Cleaning up orphan processes
Generate and upload check reports	Complete job	2026-04-12T00:00:16.7482306Z ##[warning]Node.js 20 actions are deprecated. The following actions are running on Node.js 20 and may not work as expected: actions/checkout@v4, actions/setup-node@v4, pnpm/action-setup@v2. Actions will be forced to run with Node.js 24 by default starting June 2nd, 2026. Node.js 20 will be removed from the runner on September 16th, 2026. Please check if updated versions of these actions are available that support Node.js 24. To opt into Node.js 24 now, set the FORCE_JAVASCRIPT_ACTIONS_TO_NODE24=true environment variable on the runner or in your workflow file. Once Node.js 24 becomes the default, you can temporarily opt out by setting ACTIONS_ALLOW_USE_UNSECURE_NODE_VERSION=true. For more information see: https://github.blog/changelog/2025-09-19-deprecation-of-node-20-on-github-actions-runners/
