Run tests	Set up job	﻿2026-04-12T00:17:13.7220860Z Current runner version: '2.333.1'
Run tests	Set up job	2026-04-12T00:17:13.7247481Z ##[group]Runner Image Provisioner
Run tests	Set up job	2026-04-12T00:17:13.7248269Z Hosted Compute Agent
Run tests	Set up job	2026-04-12T00:17:13.7248770Z Version: 20260213.493
Run tests	Set up job	2026-04-12T00:17:13.7249290Z Commit: 5c115507f6dd24b8de37d8bbe0bb4509d0cc0fa3
Run tests	Set up job	2026-04-12T00:17:13.7249952Z Build Date: 2026-02-13T00:28:41Z
Run tests	Set up job	2026-04-12T00:17:13.7250763Z Worker ID: {033b4921-fdba-4d06-861b-4c530c153382}
Run tests	Set up job	2026-04-12T00:17:13.7251361Z Azure Region: northcentralus
Run tests	Set up job	2026-04-12T00:17:13.7251909Z ##[endgroup]
Run tests	Set up job	2026-04-12T00:17:13.7253229Z ##[group]Operating System
Run tests	Set up job	2026-04-12T00:17:13.7253760Z Ubuntu
Run tests	Set up job	2026-04-12T00:17:13.7254202Z 24.04.4
Run tests	Set up job	2026-04-12T00:17:13.7254617Z LTS
Run tests	Set up job	2026-04-12T00:17:13.7254993Z ##[endgroup]
Run tests	Set up job	2026-04-12T00:17:13.7255473Z ##[group]Runner Image
Run tests	Set up job	2026-04-12T00:17:13.7255993Z Image: ubuntu-24.04
Run tests	Set up job	2026-04-12T00:17:13.7256415Z Version: 20260406.80.1
Run tests	Set up job	2026-04-12T00:17:13.7257309Z Included Software: https://github.com/actions/runner-images/blob/ubuntu24/20260406.80/images/ubuntu/Ubuntu2404-Readme.md
Run tests	Set up job	2026-04-12T00:17:13.7258687Z Image Release: https://github.com/actions/runner-images/releases/tag/ubuntu24%2F20260406.80
Run tests	Set up job	2026-04-12T00:17:13.7259464Z ##[endgroup]
Run tests	Set up job	2026-04-12T00:17:13.7260586Z ##[group]GITHUB_TOKEN Permissions
Run tests	Set up job	2026-04-12T00:17:13.7262365Z Contents: read
Run tests	Set up job	2026-04-12T00:17:13.7262910Z Metadata: read
Run tests	Set up job	2026-04-12T00:17:13.7263317Z Packages: read
Run tests	Set up job	2026-04-12T00:17:13.7263742Z ##[endgroup]
Run tests	Set up job	2026-04-12T00:17:13.7265697Z Secret source: Actions
Run tests	Set up job	2026-04-12T00:17:13.7266313Z Prepare workflow directory
Run tests	Set up job	2026-04-12T00:17:13.7664221Z Prepare all required actions
Run tests	Set up job	2026-04-12T00:17:13.7719607Z Getting action download info
Run tests	Set up job	2026-04-12T00:17:14.1264420Z Download action repository 'actions/checkout@v4' (SHA:34e114876b0b11c390a56381ad16ebd13914f8d5)
Run tests	Set up job	2026-04-12T00:17:14.2115992Z Download action repository 'actions/setup-node@v4' (SHA:49933ea5288caeca8642d1e84afbd3f7d6820020)
Run tests	Set up job	2026-04-12T00:17:14.2848026Z Download action repository 'pnpm/action-setup@v2' (SHA:eae0cfeb286e66ffb5155f1a79b90583a127a68b)
Run tests	Set up job	2026-04-12T00:17:14.9773512Z Complete job name: Run tests
Run tests	Run actions/checkout@v4	﻿2026-04-12T00:17:15.0415009Z ##[group]Run actions/checkout@v4
Run tests	Run actions/checkout@v4	2026-04-12T00:17:15.0415988Z with:
Run tests	Run actions/checkout@v4	2026-04-12T00:17:15.0416532Z   repository: Lakshmanshenoy/shenoylabs-web
Run tests	Run actions/checkout@v4	2026-04-12T00:17:15.0417405Z   token: ***
Run tests	Run actions/checkout@v4	2026-04-12T00:17:15.0417886Z   ssh-strict: true
Run tests	Run actions/checkout@v4	2026-04-12T00:17:15.0418372Z   ssh-user: git
Run tests	Run actions/checkout@v4	2026-04-12T00:17:15.0418820Z   persist-credentials: true
Run tests	Run actions/checkout@v4	2026-04-12T00:17:15.0419491Z   clean: true
Run tests	Run actions/checkout@v4	2026-04-12T00:17:15.0419948Z   sparse-checkout-cone-mode: true
Run tests	Run actions/checkout@v4	2026-04-12T00:17:15.0420651Z   fetch-depth: 1
Run tests	Run actions/checkout@v4	2026-04-12T00:17:15.0421167Z   fetch-tags: false
Run tests	Run actions/checkout@v4	2026-04-12T00:17:15.0421676Z   show-progress: true
Run tests	Run actions/checkout@v4	2026-04-12T00:17:15.0422160Z   lfs: false
Run tests	Run actions/checkout@v4	2026-04-12T00:17:15.0422624Z   submodules: false
Run tests	Run actions/checkout@v4	2026-04-12T00:17:15.0423121Z   set-safe-directory: true
Run tests	Run actions/checkout@v4	2026-04-12T00:17:15.0423962Z ##[endgroup]
Run tests	Run actions/checkout@v4	2026-04-12T00:17:15.1600616Z Syncing repository: Lakshmanshenoy/shenoylabs-web
Run tests	Run actions/checkout@v4	2026-04-12T00:17:15.1602558Z ##[group]Getting Git version info
Run tests	Run actions/checkout@v4	2026-04-12T00:17:15.1603427Z Working directory is '/home/runner/work/shenoylabs-web/shenoylabs-web'
Run tests	Run actions/checkout@v4	2026-04-12T00:17:15.1604570Z [command]/usr/bin/git version
Run tests	Run actions/checkout@v4	2026-04-12T00:17:15.1605046Z git version 2.53.0
Run tests	Run actions/checkout@v4	2026-04-12T00:17:15.1606527Z ##[endgroup]
Run tests	Run actions/checkout@v4	2026-04-12T00:17:15.1610789Z Temporarily overriding HOME='/home/runner/work/_temp/f77c3710-ac93-497f-bc75-9f7673e23866' before making global git config changes
Run tests	Run actions/checkout@v4	2026-04-12T00:17:15.1612133Z Adding repository directory to the temporary git global config as a safe directory
Run tests	Run actions/checkout@v4	2026-04-12T00:17:15.1613265Z [command]/usr/bin/git config --global --add safe.directory /home/runner/work/shenoylabs-web/shenoylabs-web
Run tests	Run actions/checkout@v4	2026-04-12T00:17:15.1614950Z Deleting the contents of '/home/runner/work/shenoylabs-web/shenoylabs-web'
Run tests	Run actions/checkout@v4	2026-04-12T00:17:15.1616002Z ##[group]Initializing the repository
Run tests	Run actions/checkout@v4	2026-04-12T00:17:15.1616722Z [command]/usr/bin/git init /home/runner/work/shenoylabs-web/shenoylabs-web
Run tests	Run actions/checkout@v4	2026-04-12T00:17:15.1661263Z hint: Using 'master' as the name for the initial branch. This default branch name
Run tests	Run actions/checkout@v4	2026-04-12T00:17:15.1662567Z hint: will change to "main" in Git 3.0. To configure the initial branch name
Run tests	Run actions/checkout@v4	2026-04-12T00:17:15.1663738Z hint: to use in all of your new repositories, which will suppress this warning,
Run tests	Run actions/checkout@v4	2026-04-12T00:17:15.1665087Z hint: call:
Run tests	Run actions/checkout@v4	2026-04-12T00:17:15.1665888Z hint:
Run tests	Run actions/checkout@v4	2026-04-12T00:17:15.1666705Z hint: 	git config --global init.defaultBranch <name>
Run tests	Run actions/checkout@v4	2026-04-12T00:17:15.1667294Z hint:
Run tests	Run actions/checkout@v4	2026-04-12T00:17:15.1667836Z hint: Names commonly chosen instead of 'master' are 'main', 'trunk' and
Run tests	Run actions/checkout@v4	2026-04-12T00:17:15.1668720Z hint: 'development'. The just-created branch can be renamed via this command:
Run tests	Run actions/checkout@v4	2026-04-12T00:17:15.1669421Z hint:
Run tests	Run actions/checkout@v4	2026-04-12T00:17:15.1669798Z hint: 	git branch -m <name>
Run tests	Run actions/checkout@v4	2026-04-12T00:17:15.1670250Z hint:
Run tests	Run actions/checkout@v4	2026-04-12T00:17:15.1670990Z hint: Disable this message with "git config set advice.defaultBranchName false"
Run tests	Run actions/checkout@v4	2026-04-12T00:17:15.1672689Z Initialized empty Git repository in /home/runner/work/shenoylabs-web/shenoylabs-web/.git/
Run tests	Run actions/checkout@v4	2026-04-12T00:17:15.1674937Z [command]/usr/bin/git remote add origin https://github.com/Lakshmanshenoy/shenoylabs-web
Run tests	Run actions/checkout@v4	2026-04-12T00:17:15.1696751Z ##[endgroup]
Run tests	Run actions/checkout@v4	2026-04-12T00:17:15.1697911Z ##[group]Disabling automatic garbage collection
Run tests	Run actions/checkout@v4	2026-04-12T00:17:15.1700022Z [command]/usr/bin/git config --local gc.auto 0
Run tests	Run actions/checkout@v4	2026-04-12T00:17:15.1728424Z ##[endgroup]
Run tests	Run actions/checkout@v4	2026-04-12T00:17:15.1729162Z ##[group]Setting up auth
Run tests	Run actions/checkout@v4	2026-04-12T00:17:15.1729868Z [command]/usr/bin/git config --local --name-only --get-regexp core\.sshCommand
Run tests	Run actions/checkout@v4	2026-04-12T00:17:15.1753096Z [command]/usr/bin/git submodule foreach --recursive sh -c "git config --local --name-only --get-regexp 'core\.sshCommand' && git config --local --unset-all 'core.sshCommand' || :"
Run tests	Run actions/checkout@v4	2026-04-12T00:17:15.1979962Z [command]/usr/bin/git config --local --name-only --get-regexp http\.https\:\/\/github\.com\/\.extraheader
Run tests	Run actions/checkout@v4	2026-04-12T00:17:15.2005470Z [command]/usr/bin/git submodule foreach --recursive sh -c "git config --local --name-only --get-regexp 'http\.https\:\/\/github\.com\/\.extraheader' && git config --local --unset-all 'http.https://github.com/.extraheader' || :"
Run tests	Run actions/checkout@v4	2026-04-12T00:17:15.2168830Z [command]/usr/bin/git config --local --name-only --get-regexp ^includeIf\.gitdir:
Run tests	Run actions/checkout@v4	2026-04-12T00:17:15.2194027Z [command]/usr/bin/git submodule foreach --recursive git config --local --show-origin --name-only --get-regexp remote.origin.url
Run tests	Run actions/checkout@v4	2026-04-12T00:17:15.2353846Z [command]/usr/bin/git config --local http.https://github.com/.extraheader AUTHORIZATION: basic ***
Run tests	Run actions/checkout@v4	2026-04-12T00:17:15.2379172Z ##[endgroup]
Run tests	Run actions/checkout@v4	2026-04-12T00:17:15.2380859Z ##[group]Fetching the repository
Run tests	Run actions/checkout@v4	2026-04-12T00:17:15.2386659Z [command]/usr/bin/git -c protocol.version=2 fetch --no-tags --prune --no-recurse-submodules --depth=1 origin +c2f59eb4941aadbf70958843dda393cc8b97ebd1:refs/remotes/origin/main
Run tests	Run actions/checkout@v4	2026-04-12T00:17:15.5318772Z From https://github.com/Lakshmanshenoy/shenoylabs-web
Run tests	Run actions/checkout@v4	2026-04-12T00:17:15.5321253Z  * [new ref]         c2f59eb4941aadbf70958843dda393cc8b97ebd1 -> origin/main
Run tests	Run actions/checkout@v4	2026-04-12T00:17:15.5345681Z ##[endgroup]
Run tests	Run actions/checkout@v4	2026-04-12T00:17:15.5347138Z ##[group]Determining the checkout info
Run tests	Run actions/checkout@v4	2026-04-12T00:17:15.5348827Z ##[endgroup]
Run tests	Run actions/checkout@v4	2026-04-12T00:17:15.5351917Z [command]/usr/bin/git sparse-checkout disable
Run tests	Run actions/checkout@v4	2026-04-12T00:17:15.5383519Z [command]/usr/bin/git config --local --unset-all extensions.worktreeConfig
Run tests	Run actions/checkout@v4	2026-04-12T00:17:15.5408844Z ##[group]Checking out the ref
Run tests	Run actions/checkout@v4	2026-04-12T00:17:15.5410892Z [command]/usr/bin/git checkout --progress --force -B main refs/remotes/origin/main
Run tests	Run actions/checkout@v4	2026-04-12T00:17:15.5485380Z Switched to a new branch 'main'
Run tests	Run actions/checkout@v4	2026-04-12T00:17:15.5486585Z branch 'main' set up to track 'origin/main'.
Run tests	Run actions/checkout@v4	2026-04-12T00:17:15.5491463Z ##[endgroup]
Run tests	Run actions/checkout@v4	2026-04-12T00:17:15.5517676Z [command]/usr/bin/git log -1 --format=%H
Run tests	Run actions/checkout@v4	2026-04-12T00:17:15.5534021Z c2f59eb4941aadbf70958843dda393cc8b97ebd1
Run tests	Setup Node.js	﻿2026-04-12T00:17:15.5792316Z ##[group]Run actions/setup-node@v4
Run tests	Setup Node.js	2026-04-12T00:17:15.5793005Z with:
Run tests	Setup Node.js	2026-04-12T00:17:15.5793442Z   node-version: 20
Run tests	Setup Node.js	2026-04-12T00:17:15.5793927Z   always-auth: false
Run tests	Setup Node.js	2026-04-12T00:17:15.5794460Z   check-latest: false
Run tests	Setup Node.js	2026-04-12T00:17:15.5795228Z   token: ***
Run tests	Setup Node.js	2026-04-12T00:17:15.5795662Z ##[endgroup]
Run tests	Setup Node.js	2026-04-12T00:17:15.7518262Z Found in cache @ /opt/hostedtoolcache/node/20.20.2/x64
Run tests	Setup Node.js	2026-04-12T00:17:15.7524566Z ##[group]Environment details
Run tests	Setup Node.js	2026-04-12T00:17:16.0909178Z node: v20.20.2
Run tests	Setup Node.js	2026-04-12T00:17:16.0910173Z npm: 10.8.2
Run tests	Setup Node.js	2026-04-12T00:17:16.0911075Z yarn: 1.22.22
Run tests	Setup Node.js	2026-04-12T00:17:16.0912504Z ##[endgroup]
Run tests	Enable Corepack + prepare pnpm	﻿2026-04-12T00:17:16.1024107Z ##[group]Run corepack enable && corepack prepare pnpm@9 --activate
Run tests	Enable Corepack + prepare pnpm	2026-04-12T00:17:16.1025478Z [36;1mcorepack enable && corepack prepare pnpm@9 --activate[0m
Run tests	Enable Corepack + prepare pnpm	2026-04-12T00:17:16.1052118Z shell: /usr/bin/bash -e {0}
Run tests	Enable Corepack + prepare pnpm	2026-04-12T00:17:16.1052751Z ##[endgroup]
Run tests	Enable Corepack + prepare pnpm	2026-04-12T00:17:16.4993301Z Preparing pnpm@9 for immediate activation...
Run tests	Setup pnpm	﻿2026-04-12T00:17:17.1214575Z ##[group]Run pnpm/action-setup@v2
Run tests	Setup pnpm	2026-04-12T00:17:17.1215584Z with:
Run tests	Setup pnpm	2026-04-12T00:17:17.1216305Z   version: 9
Run tests	Setup pnpm	2026-04-12T00:17:17.1217043Z   dest: ~/setup-pnpm
Run tests	Setup pnpm	2026-04-12T00:17:17.1217863Z   run_install: null
Run tests	Setup pnpm	2026-04-12T00:17:17.1218691Z   package_json_file: package.json
Run tests	Setup pnpm	2026-04-12T00:17:17.1219667Z   standalone: false
Run tests	Setup pnpm	2026-04-12T00:17:17.1220632Z ##[endgroup]
Run tests	Setup pnpm	2026-04-12T00:17:17.2040828Z ##[group]Running self-installer...
Run tests	Setup pnpm	2026-04-12T00:17:17.7286177Z Progress: resolved 1, reused 0, downloaded 0, added 0
Run tests	Setup pnpm	2026-04-12T00:17:17.7366396Z Packages: +1
Run tests	Setup pnpm	2026-04-12T00:17:17.7367149Z +
Run tests	Setup pnpm	2026-04-12T00:17:18.3417789Z Packages are hard linked from the content-addressable store to the virtual store.
Run tests	Setup pnpm	2026-04-12T00:17:18.3419626Z   Content-addressable store is at: /home/runner/.local/share/pnpm/store/v3
Run tests	Setup pnpm	2026-04-12T00:17:18.3421028Z   Virtual store is at:             node_modules/.pnpm
Run tests	Setup pnpm	2026-04-12T00:17:18.3612565Z 
Run tests	Setup pnpm	2026-04-12T00:17:18.3613433Z dependencies:
Run tests	Setup pnpm	2026-04-12T00:17:18.3614402Z + pnpm 9.15.9 (10.33.0 is available)
Run tests	Setup pnpm	2026-04-12T00:17:18.3615069Z 
Run tests	Setup pnpm	2026-04-12T00:17:18.3640091Z Done in 993ms
Run tests	Setup pnpm	2026-04-12T00:17:18.7301309Z Progress: resolved 1, reused 0, downloaded 1, added 1, done
Run tests	Setup pnpm	2026-04-12T00:17:18.7430841Z ##[endgroup]
Run tests	Setup pnpm	2026-04-12T00:17:18.7434938Z Installation Completed!
Run tests	Install dependencies	﻿2026-04-12T00:17:18.7525409Z ##[group]Run pnpm install --frozen-lockfile || pnpm install --no-frozen-lockfile
Run tests	Install dependencies	2026-04-12T00:17:18.7526493Z [36;1mpnpm install --frozen-lockfile || pnpm install --no-frozen-lockfile[0m
Run tests	Install dependencies	2026-04-12T00:17:18.7548864Z shell: /usr/bin/bash -e {0}
Run tests	Install dependencies	2026-04-12T00:17:18.7549303Z env:
Run tests	Install dependencies	2026-04-12T00:17:18.7549719Z   PNPM_HOME: /home/runner/setup-pnpm/node_modules/.bin
Run tests	Install dependencies	2026-04-12T00:17:18.7550269Z ##[endgroup]
Run tests	Install dependencies	2026-04-12T00:17:19.2430898Z Lockfile is up to date, resolution step is skipped
Run tests	Install dependencies	2026-04-12T00:17:19.3439236Z Progress: resolved 1, reused 0, downloaded 0, added 0
Run tests	Install dependencies	2026-04-12T00:17:19.4727604Z Packages: +772
Run tests	Install dependencies	2026-04-12T00:17:19.4730874Z ++++++++++++++++++++++++++++++++++++++++++++++++++++++++++++++++++++++++++++++++
Run tests	Install dependencies	2026-04-12T00:17:20.3501756Z Progress: resolved 772, reused 0, downloaded 43, added 33
Run tests	Install dependencies	2026-04-12T00:17:21.3512015Z Progress: resolved 772, reused 0, downloaded 189, added 179
Run tests	Install dependencies	2026-04-12T00:17:22.3504781Z Progress: resolved 772, reused 0, downloaded 421, added 414
Run tests	Install dependencies	2026-04-12T00:17:23.3504221Z Progress: resolved 772, reused 0, downloaded 742, added 736
Run tests	Install dependencies	2026-04-12T00:17:23.4511183Z Progress: resolved 772, reused 0, downloaded 772, added 772, done
Run tests	Install dependencies	2026-04-12T00:17:23.6491675Z .../node_modules/msw postinstall$ node -e "import('./config/scripts/postinstall.js').catch(() => void 0)"
Run tests	Install dependencies	2026-04-12T00:17:23.6498267Z .../node_modules/unrs-resolver postinstall$ napi-postinstall unrs-resolver 1.11.1 check
Run tests	Install dependencies	2026-04-12T00:17:23.6504294Z .../sharp@0.34.5/node_modules/sharp install$ node install/check.js || npm run build
Run tests	Install dependencies	2026-04-12T00:17:23.6515672Z .../esbuild@0.21.5/node_modules/esbuild postinstall$ node install.js
Run tests	Install dependencies	2026-04-12T00:17:23.7111566Z .../node_modules/msw postinstall: Done
Run tests	Install dependencies	2026-04-12T00:17:23.7251506Z .../esbuild@0.21.5/node_modules/esbuild postinstall: Done
Run tests	Install dependencies	2026-04-12T00:17:23.7531550Z .../node_modules/unrs-resolver postinstall: Done
Run tests	Install dependencies	2026-04-12T00:17:23.7873785Z .../sharp@0.34.5/node_modules/sharp install: Done
Run tests	Install dependencies	2026-04-12T00:17:23.9590190Z 
Run tests	Install dependencies	2026-04-12T00:17:23.9590939Z dependencies:
Run tests	Install dependencies	2026-04-12T00:17:23.9591492Z + @base-ui/react 1.3.0
Run tests	Install dependencies	2026-04-12T00:17:23.9592363Z + @marsidev/react-turnstile 1.5.0
Run tests	Install dependencies	2026-04-12T00:17:23.9592887Z + class-variance-authority 0.7.1
Run tests	Install dependencies	2026-04-12T00:17:23.9593301Z + clsx 2.1.1
Run tests	Install dependencies	2026-04-12T00:17:23.9593657Z + gray-matter 4.0.3
Run tests	Install dependencies	2026-04-12T00:17:23.9593985Z + lucide-react 1.7.0
Run tests	Install dependencies	2026-04-12T00:17:23.9594308Z + next 16.2.2
Run tests	Install dependencies	2026-04-12T00:17:23.9594667Z + next-mdx-remote 6.0.0
Run tests	Install dependencies	2026-04-12T00:17:23.9595047Z + react 19.2.4
Run tests	Install dependencies	2026-04-12T00:17:23.9595352Z + react-dom 19.2.4
Run tests	Install dependencies	2026-04-12T00:17:23.9595657Z + reading-time 1.5.0
Run tests	Install dependencies	2026-04-12T00:17:23.9595970Z + tailwind-merge 3.5.0
Run tests	Install dependencies	2026-04-12T00:17:23.9596345Z + tw-animate-css 1.4.0
Run tests	Install dependencies	2026-04-12T00:17:23.9596552Z 
Run tests	Install dependencies	2026-04-12T00:17:23.9596686Z devDependencies:
Run tests	Install dependencies	2026-04-12T00:17:23.9597041Z + @tailwindcss/postcss 4.2.2
Run tests	Install dependencies	2026-04-12T00:17:23.9597452Z + @types/node 20.19.39
Run tests	Install dependencies	2026-04-12T00:17:23.9597817Z + @types/react 19.2.14
Run tests	Install dependencies	2026-04-12T00:17:23.9598184Z + @types/react-dom 19.2.3
Run tests	Install dependencies	2026-04-12T00:17:23.9598543Z + eslint 9.39.4
Run tests	Install dependencies	2026-04-12T00:17:23.9598896Z + eslint-config-next 16.2.2
Run tests	Install dependencies	2026-04-12T00:17:23.9599302Z + shadcn 4.1.2
Run tests	Install dependencies	2026-04-12T00:17:23.9599649Z + tailwindcss 4.2.2
Run tests	Install dependencies	2026-04-12T00:17:23.9599982Z + typescript 5.9.3
Run tests	Install dependencies	2026-04-12T00:17:23.9600435Z + vitest 1.6.1
Run tests	Install dependencies	2026-04-12T00:17:23.9600631Z 
Run tests	Install dependencies	2026-04-12T00:17:23.9848269Z Done in 5.2s using pnpm v9.15.9
Run tests	Typecheck (capture report)	﻿2026-04-12T00:17:24.0123023Z ##[group]Run pnpm exec tsc --noEmit
Run tests	Typecheck (capture report)	2026-04-12T00:17:24.0123338Z [36;1mpnpm exec tsc --noEmit[0m
Run tests	Typecheck (capture report)	2026-04-12T00:17:24.0136615Z shell: /usr/bin/bash -e {0}
Run tests	Typecheck (capture report)	2026-04-12T00:17:24.0136849Z env:
Run tests	Typecheck (capture report)	2026-04-12T00:17:24.0137085Z   PNPM_HOME: /home/runner/setup-pnpm/node_modules/.bin
Run tests	Typecheck (capture report)	2026-04-12T00:17:24.0137360Z ##[endgroup]
Run tests	Run ESLint (fail on error)	﻿2026-04-12T00:17:27.9651276Z ##[group]Run pnpm exec eslint --ext .js,.jsx,.ts,.tsx .
Run tests	Run ESLint (fail on error)	2026-04-12T00:17:27.9651688Z [36;1mpnpm exec eslint --ext .js,.jsx,.ts,.tsx .[0m
Run tests	Run ESLint (fail on error)	2026-04-12T00:17:27.9664905Z shell: /usr/bin/bash -e {0}
Run tests	Run ESLint (fail on error)	2026-04-12T00:17:27.9665153Z env:
Run tests	Run ESLint (fail on error)	2026-04-12T00:17:27.9665389Z   PNPM_HOME: /home/runner/setup-pnpm/node_modules/.bin
Run tests	Run ESLint (fail on error)	2026-04-12T00:17:27.9665667Z ##[endgroup]
Run tests	Run ESLint (fail on error)	2026-04-12T00:17:32.0350085Z 
Run tests	Run ESLint (fail on error)	2026-04-12T00:17:32.0351448Z /home/runner/work/shenoylabs-web/shenoylabs-web/src/components/consent/cookie-banner.tsx
Run tests	Run ESLint (fail on error)	2026-04-12T00:17:32.0386898Z ##[warning]  3:10  warning  'useEffect' is defined but never used  @typescript-eslint/no-unused-vars
Run tests	Run ESLint (fail on error)	2026-04-12T00:17:32.0397987Z 
Run tests	Run ESLint (fail on error)	2026-04-12T00:17:32.0398714Z ✖ 1 problem (0 errors, 1 warning)
Run tests	Run ESLint (fail on error)	2026-04-12T00:17:32.0399151Z 
Run tests	Run tests	﻿2026-04-12T00:17:32.0691970Z ##[group]Run pnpm test -- --run
Run tests	Run tests	2026-04-12T00:17:32.0692268Z [36;1mpnpm test -- --run[0m
Run tests	Run tests	2026-04-12T00:17:32.0705459Z shell: /usr/bin/bash -e {0}
Run tests	Run tests	2026-04-12T00:17:32.0705704Z env:
Run tests	Run tests	2026-04-12T00:17:32.0705941Z   PNPM_HOME: /home/runner/setup-pnpm/node_modules/.bin
Run tests	Run tests	2026-04-12T00:17:32.0706212Z   CI: true
Run tests	Run tests	2026-04-12T00:17:32.0706396Z ##[endgroup]
Run tests	Run tests	2026-04-12T00:17:32.4676420Z 
Run tests	Run tests	2026-04-12T00:17:32.4677517Z > shenoylabs-web@0.1.0 test /home/runner/work/shenoylabs-web/shenoylabs-web
Run tests	Run tests	2026-04-12T00:17:32.4678560Z > vitest --run
Run tests	Run tests	2026-04-12T00:17:32.4678926Z 
Run tests	Run tests	2026-04-12T00:17:32.8023485Z 
Run tests	Run tests	2026-04-12T00:17:32.8026601Z [7m[1m[36m RUN [39m[22m[27m [36mv1.6.1[39m [90m/home/runner/work/shenoylabs-web/shenoylabs-web[39m
Run tests	Run tests	2026-04-12T00:17:32.8027378Z 
Run tests	Run tests	2026-04-12T00:17:33.1855282Z  [32m✓[39m test/dsr-utils.test.ts [2m ([22m[2m4 tests[22m[2m)[22m[90m 4[2mms[22m[39m
Run tests	Run tests	2026-04-12T00:17:33.1933402Z 
Run tests	Run tests	2026-04-12T00:17:33.1943544Z [2m Test Files [22m [1m[32m1 passed[39m[22m[90m (1)[39m
Run tests	Run tests	2026-04-12T00:17:33.1944790Z [2m      Tests [22m [1m[32m4 passed[39m[22m[90m (4)[39m
Run tests	Run tests	2026-04-12T00:17:33.1945647Z [2m   Start at [22m 00:17:32
Run tests	Run tests	2026-04-12T00:17:33.1947438Z [2m   Duration [22m 391ms[2m (transform 48ms, setup 1ms, collect 41ms, tests 4ms, environment 0ms, prepare 89ms)[22m
Run tests	Run tests	2026-04-12T00:17:33.1948346Z 
Run tests	Post Setup pnpm	﻿2026-04-12T00:17:33.2227783Z Post job cleanup.
Run tests	Post Setup pnpm	2026-04-12T00:17:33.3033814Z Pruning is unnecessary.
Run tests	Post Setup Node.js	﻿2026-04-12T00:17:33.3133958Z Post job cleanup.
Run tests	Post Run actions/checkout@v4	﻿2026-04-12T00:17:33.4756450Z Post job cleanup.
Run tests	Post Run actions/checkout@v4	2026-04-12T00:17:33.5658323Z [command]/usr/bin/git version
Run tests	Post Run actions/checkout@v4	2026-04-12T00:17:33.5698085Z git version 2.53.0
Run tests	Post Run actions/checkout@v4	2026-04-12T00:17:33.5743355Z Temporarily overriding HOME='/home/runner/work/_temp/169735fa-68ff-4ba1-ad95-68f18b540cff' before making global git config changes
Run tests	Post Run actions/checkout@v4	2026-04-12T00:17:33.5744296Z Adding repository directory to the temporary git global config as a safe directory
Run tests	Post Run actions/checkout@v4	2026-04-12T00:17:33.5749569Z [command]/usr/bin/git config --global --add safe.directory /home/runner/work/shenoylabs-web/shenoylabs-web
Run tests	Post Run actions/checkout@v4	2026-04-12T00:17:33.5786070Z [command]/usr/bin/git config --local --name-only --get-regexp core\.sshCommand
Run tests	Post Run actions/checkout@v4	2026-04-12T00:17:33.5816199Z [command]/usr/bin/git submodule foreach --recursive sh -c "git config --local --name-only --get-regexp 'core\.sshCommand' && git config --local --unset-all 'core.sshCommand' || :"
Run tests	Post Run actions/checkout@v4	2026-04-12T00:17:33.5997454Z [command]/usr/bin/git config --local --name-only --get-regexp http\.https\:\/\/github\.com\/\.extraheader
Run tests	Post Run actions/checkout@v4	2026-04-12T00:17:33.6014682Z http.https://github.com/.extraheader
Run tests	Post Run actions/checkout@v4	2026-04-12T00:17:33.6025770Z [command]/usr/bin/git config --local --unset-all http.https://github.com/.extraheader
Run tests	Post Run actions/checkout@v4	2026-04-12T00:17:33.6051876Z [command]/usr/bin/git submodule foreach --recursive sh -c "git config --local --name-only --get-regexp 'http\.https\:\/\/github\.com\/\.extraheader' && git config --local --unset-all 'http.https://github.com/.extraheader' || :"
Run tests	Post Run actions/checkout@v4	2026-04-12T00:17:33.6221015Z [command]/usr/bin/git config --local --name-only --get-regexp ^includeIf\.gitdir:
Run tests	Post Run actions/checkout@v4	2026-04-12T00:17:33.6247309Z [command]/usr/bin/git submodule foreach --recursive git config --local --show-origin --name-only --get-regexp remote.origin.url
Run tests	Complete job	﻿2026-04-12T00:17:33.6520247Z Cleaning up orphan processes
Run tests	Complete job	2026-04-12T00:17:33.6728979Z ##[warning]Node.js 20 actions are deprecated. The following actions are running on Node.js 20 and may not work as expected: actions/checkout@v4, actions/setup-node@v4, pnpm/action-setup@v2. Actions will be forced to run with Node.js 24 by default starting June 2nd, 2026. Node.js 20 will be removed from the runner on September 16th, 2026. Please check if updated versions of these actions are available that support Node.js 24. To opt into Node.js 24 now, set the FORCE_JAVASCRIPT_ACTIONS_TO_NODE24=true environment variable on the runner or in your workflow file. Once Node.js 24 becomes the default, you can temporarily opt out by setting ACTIONS_ALLOW_USE_UNSECURE_NODE_VERSION=true. For more information see: https://github.blog/changelog/2025-09-19-deprecation-of-node-20-on-github-actions-runners/
Generate and upload check reports	Set up job	﻿2026-04-12T00:17:39.3487401Z Current runner version: '2.333.1'
Generate and upload check reports	Set up job	2026-04-12T00:17:39.3511704Z ##[group]Runner Image Provisioner
Generate and upload check reports	Set up job	2026-04-12T00:17:39.3512625Z Hosted Compute Agent
Generate and upload check reports	Set up job	2026-04-12T00:17:39.3513381Z Version: 20260213.493
Generate and upload check reports	Set up job	2026-04-12T00:17:39.3514008Z Commit: 5c115507f6dd24b8de37d8bbe0bb4509d0cc0fa3
Generate and upload check reports	Set up job	2026-04-12T00:17:39.3514771Z Build Date: 2026-02-13T00:28:41Z
Generate and upload check reports	Set up job	2026-04-12T00:17:39.3515392Z Worker ID: {fe8d516f-3125-473b-9c69-4c1fe81e1d3e}
Generate and upload check reports	Set up job	2026-04-12T00:17:39.3516116Z Azure Region: northcentralus
Generate and upload check reports	Set up job	2026-04-12T00:17:39.3516682Z ##[endgroup]
Generate and upload check reports	Set up job	2026-04-12T00:17:39.3518070Z ##[group]Operating System
Generate and upload check reports	Set up job	2026-04-12T00:17:39.3518646Z Ubuntu
Generate and upload check reports	Set up job	2026-04-12T00:17:39.3519164Z 24.04.4
Generate and upload check reports	Set up job	2026-04-12T00:17:39.3519593Z LTS
Generate and upload check reports	Set up job	2026-04-12T00:17:39.3520045Z ##[endgroup]
Generate and upload check reports	Set up job	2026-04-12T00:17:39.3520512Z ##[group]Runner Image
Generate and upload check reports	Set up job	2026-04-12T00:17:39.3521112Z Image: ubuntu-24.04
Generate and upload check reports	Set up job	2026-04-12T00:17:39.3521657Z Version: 20260406.80.1
Generate and upload check reports	Set up job	2026-04-12T00:17:39.3522600Z Included Software: https://github.com/actions/runner-images/blob/ubuntu24/20260406.80/images/ubuntu/Ubuntu2404-Readme.md
Generate and upload check reports	Set up job	2026-04-12T00:17:39.3524693Z Image Release: https://github.com/actions/runner-images/releases/tag/ubuntu24%2F20260406.80
Generate and upload check reports	Set up job	2026-04-12T00:17:39.3525643Z ##[endgroup]
Generate and upload check reports	Set up job	2026-04-12T00:17:39.3526711Z ##[group]GITHUB_TOKEN Permissions
Generate and upload check reports	Set up job	2026-04-12T00:17:39.3528722Z Contents: read
Generate and upload check reports	Set up job	2026-04-12T00:17:39.3529352Z Metadata: read
Generate and upload check reports	Set up job	2026-04-12T00:17:39.3529862Z Packages: read
Generate and upload check reports	Set up job	2026-04-12T00:17:39.3530348Z ##[endgroup]
Generate and upload check reports	Set up job	2026-04-12T00:17:39.3532312Z Secret source: Actions
Generate and upload check reports	Set up job	2026-04-12T00:17:39.3533394Z Prepare workflow directory
Generate and upload check reports	Set up job	2026-04-12T00:17:39.3865542Z Prepare all required actions
Generate and upload check reports	Set up job	2026-04-12T00:17:39.3904480Z Getting action download info
Generate and upload check reports	Set up job	2026-04-12T00:17:39.7698503Z Download action repository 'actions/checkout@v4' (SHA:34e114876b0b11c390a56381ad16ebd13914f8d5)
Generate and upload check reports	Set up job	2026-04-12T00:17:39.8731868Z Download action repository 'actions/setup-node@v4' (SHA:49933ea5288caeca8642d1e84afbd3f7d6820020)
Generate and upload check reports	Set up job	2026-04-12T00:17:39.9595150Z Download action repository 'pnpm/action-setup@v2' (SHA:eae0cfeb286e66ffb5155f1a79b90583a127a68b)
Generate and upload check reports	Set up job	2026-04-12T00:17:40.5034840Z Download action repository 'actions/upload-artifact@v4' (SHA:ea165f8d65b6e75b540449e92b4886f43607fa02)
Generate and upload check reports	Set up job	2026-04-12T00:17:40.7220842Z Complete job name: Generate and upload check reports
Generate and upload check reports	Run actions/checkout@v4	﻿2026-04-12T00:17:40.7941364Z ##[group]Run actions/checkout@v4
Generate and upload check reports	Run actions/checkout@v4	2026-04-12T00:17:40.7942261Z with:
Generate and upload check reports	Run actions/checkout@v4	2026-04-12T00:17:40.7942716Z   repository: Lakshmanshenoy/shenoylabs-web
Generate and upload check reports	Run actions/checkout@v4	2026-04-12T00:17:40.7943665Z   token: ***
Generate and upload check reports	Run actions/checkout@v4	2026-04-12T00:17:40.7944074Z   ssh-strict: true
Generate and upload check reports	Run actions/checkout@v4	2026-04-12T00:17:40.7944481Z   ssh-user: git
Generate and upload check reports	Run actions/checkout@v4	2026-04-12T00:17:40.7944895Z   persist-credentials: true
Generate and upload check reports	Run actions/checkout@v4	2026-04-12T00:17:40.7945366Z   clean: true
Generate and upload check reports	Run actions/checkout@v4	2026-04-12T00:17:40.7945793Z   sparse-checkout-cone-mode: true
Generate and upload check reports	Run actions/checkout@v4	2026-04-12T00:17:40.7946330Z   fetch-depth: 1
Generate and upload check reports	Run actions/checkout@v4	2026-04-12T00:17:40.7946755Z   fetch-tags: false
Generate and upload check reports	Run actions/checkout@v4	2026-04-12T00:17:40.7947168Z   show-progress: true
Generate and upload check reports	Run actions/checkout@v4	2026-04-12T00:17:40.7947586Z   lfs: false
Generate and upload check reports	Run actions/checkout@v4	2026-04-12T00:17:40.7947963Z   submodules: false
Generate and upload check reports	Run actions/checkout@v4	2026-04-12T00:17:40.7948382Z   set-safe-directory: true
Generate and upload check reports	Run actions/checkout@v4	2026-04-12T00:17:40.7949107Z ##[endgroup]
Generate and upload check reports	Run actions/checkout@v4	2026-04-12T00:17:40.9020223Z Syncing repository: Lakshmanshenoy/shenoylabs-web
Generate and upload check reports	Run actions/checkout@v4	2026-04-12T00:17:40.9022122Z ##[group]Getting Git version info
Generate and upload check reports	Run actions/checkout@v4	2026-04-12T00:17:40.9022949Z Working directory is '/home/runner/work/shenoylabs-web/shenoylabs-web'
Generate and upload check reports	Run actions/checkout@v4	2026-04-12T00:17:40.9024296Z [command]/usr/bin/git version
Generate and upload check reports	Run actions/checkout@v4	2026-04-12T00:17:40.9065315Z git version 2.53.0
Generate and upload check reports	Run actions/checkout@v4	2026-04-12T00:17:40.9090913Z ##[endgroup]
Generate and upload check reports	Run actions/checkout@v4	2026-04-12T00:17:40.9111764Z Temporarily overriding HOME='/home/runner/work/_temp/3519da5a-ea37-4d76-aea6-c37125766138' before making global git config changes
Generate and upload check reports	Run actions/checkout@v4	2026-04-12T00:17:40.9114515Z Adding repository directory to the temporary git global config as a safe directory
Generate and upload check reports	Run actions/checkout@v4	2026-04-12T00:17:40.9116906Z [command]/usr/bin/git config --global --add safe.directory /home/runner/work/shenoylabs-web/shenoylabs-web
Generate and upload check reports	Run actions/checkout@v4	2026-04-12T00:17:40.9149365Z Deleting the contents of '/home/runner/work/shenoylabs-web/shenoylabs-web'
Generate and upload check reports	Run actions/checkout@v4	2026-04-12T00:17:40.9153474Z ##[group]Initializing the repository
Generate and upload check reports	Run actions/checkout@v4	2026-04-12T00:17:40.9157738Z [command]/usr/bin/git init /home/runner/work/shenoylabs-web/shenoylabs-web
Generate and upload check reports	Run actions/checkout@v4	2026-04-12T00:17:40.9239903Z hint: Using 'master' as the name for the initial branch. This default branch name
Generate and upload check reports	Run actions/checkout@v4	2026-04-12T00:17:40.9242203Z hint: will change to "main" in Git 3.0. To configure the initial branch name
Generate and upload check reports	Run actions/checkout@v4	2026-04-12T00:17:40.9244395Z hint: to use in all of your new repositories, which will suppress this warning,
Generate and upload check reports	Run actions/checkout@v4	2026-04-12T00:17:40.9245901Z hint: call:
Generate and upload check reports	Run actions/checkout@v4	2026-04-12T00:17:40.9246667Z hint:
Generate and upload check reports	Run actions/checkout@v4	2026-04-12T00:17:40.9247632Z hint: 	git config --global init.defaultBranch <name>
Generate and upload check reports	Run actions/checkout@v4	2026-04-12T00:17:40.9248816Z hint:
Generate and upload check reports	Run actions/checkout@v4	2026-04-12T00:17:40.9249890Z hint: Names commonly chosen instead of 'master' are 'main', 'trunk' and
Generate and upload check reports	Run actions/checkout@v4	2026-04-12T00:17:40.9251650Z hint: 'development'. The just-created branch can be renamed via this command:
Generate and upload check reports	Run actions/checkout@v4	2026-04-12T00:17:40.9253120Z hint:
Generate and upload check reports	Run actions/checkout@v4	2026-04-12T00:17:40.9254253Z hint: 	git branch -m <name>
Generate and upload check reports	Run actions/checkout@v4	2026-04-12T00:17:40.9255177Z hint:
Generate and upload check reports	Run actions/checkout@v4	2026-04-12T00:17:40.9256366Z hint: Disable this message with "git config set advice.defaultBranchName false"
Generate and upload check reports	Run actions/checkout@v4	2026-04-12T00:17:40.9258370Z Initialized empty Git repository in /home/runner/work/shenoylabs-web/shenoylabs-web/.git/
Generate and upload check reports	Run actions/checkout@v4	2026-04-12T00:17:40.9261666Z [command]/usr/bin/git remote add origin https://github.com/Lakshmanshenoy/shenoylabs-web
Generate and upload check reports	Run actions/checkout@v4	2026-04-12T00:17:40.9286582Z ##[endgroup]
Generate and upload check reports	Run actions/checkout@v4	2026-04-12T00:17:40.9287944Z ##[group]Disabling automatic garbage collection
Generate and upload check reports	Run actions/checkout@v4	2026-04-12T00:17:40.9291418Z [command]/usr/bin/git config --local gc.auto 0
Generate and upload check reports	Run actions/checkout@v4	2026-04-12T00:17:40.9320520Z ##[endgroup]
Generate and upload check reports	Run actions/checkout@v4	2026-04-12T00:17:40.9321935Z ##[group]Setting up auth
Generate and upload check reports	Run actions/checkout@v4	2026-04-12T00:17:40.9328309Z [command]/usr/bin/git config --local --name-only --get-regexp core\.sshCommand
Generate and upload check reports	Run actions/checkout@v4	2026-04-12T00:17:40.9358943Z [command]/usr/bin/git submodule foreach --recursive sh -c "git config --local --name-only --get-regexp 'core\.sshCommand' && git config --local --unset-all 'core.sshCommand' || :"
Generate and upload check reports	Run actions/checkout@v4	2026-04-12T00:17:40.9637186Z [command]/usr/bin/git config --local --name-only --get-regexp http\.https\:\/\/github\.com\/\.extraheader
Generate and upload check reports	Run actions/checkout@v4	2026-04-12T00:17:40.9668107Z [command]/usr/bin/git submodule foreach --recursive sh -c "git config --local --name-only --get-regexp 'http\.https\:\/\/github\.com\/\.extraheader' && git config --local --unset-all 'http.https://github.com/.extraheader' || :"
Generate and upload check reports	Run actions/checkout@v4	2026-04-12T00:17:40.9881231Z [command]/usr/bin/git config --local --name-only --get-regexp ^includeIf\.gitdir:
Generate and upload check reports	Run actions/checkout@v4	2026-04-12T00:17:40.9911422Z [command]/usr/bin/git submodule foreach --recursive git config --local --show-origin --name-only --get-regexp remote.origin.url
Generate and upload check reports	Run actions/checkout@v4	2026-04-12T00:17:41.0127626Z [command]/usr/bin/git config --local http.https://github.com/.extraheader AUTHORIZATION: basic ***
Generate and upload check reports	Run actions/checkout@v4	2026-04-12T00:17:41.0160001Z ##[endgroup]
Generate and upload check reports	Run actions/checkout@v4	2026-04-12T00:17:41.0161533Z ##[group]Fetching the repository
Generate and upload check reports	Run actions/checkout@v4	2026-04-12T00:17:41.0168114Z [command]/usr/bin/git -c protocol.version=2 fetch --no-tags --prune --no-recurse-submodules --depth=1 origin +c2f59eb4941aadbf70958843dda393cc8b97ebd1:refs/remotes/origin/main
Generate and upload check reports	Run actions/checkout@v4	2026-04-12T00:17:41.2984881Z From https://github.com/Lakshmanshenoy/shenoylabs-web
Generate and upload check reports	Run actions/checkout@v4	2026-04-12T00:17:41.2987692Z  * [new ref]         c2f59eb4941aadbf70958843dda393cc8b97ebd1 -> origin/main
Generate and upload check reports	Run actions/checkout@v4	2026-04-12T00:17:41.3015772Z ##[endgroup]
Generate and upload check reports	Run actions/checkout@v4	2026-04-12T00:17:41.3017067Z ##[group]Determining the checkout info
Generate and upload check reports	Run actions/checkout@v4	2026-04-12T00:17:41.3018332Z ##[endgroup]
Generate and upload check reports	Run actions/checkout@v4	2026-04-12T00:17:41.3021195Z [command]/usr/bin/git sparse-checkout disable
Generate and upload check reports	Run actions/checkout@v4	2026-04-12T00:17:41.3058349Z [command]/usr/bin/git config --local --unset-all extensions.worktreeConfig
Generate and upload check reports	Run actions/checkout@v4	2026-04-12T00:17:41.3083505Z ##[group]Checking out the ref
Generate and upload check reports	Run actions/checkout@v4	2026-04-12T00:17:41.3087134Z [command]/usr/bin/git checkout --progress --force -B main refs/remotes/origin/main
Generate and upload check reports	Run actions/checkout@v4	2026-04-12T00:17:41.3195135Z Switched to a new branch 'main'
Generate and upload check reports	Run actions/checkout@v4	2026-04-12T00:17:41.3197759Z branch 'main' set up to track 'origin/main'.
Generate and upload check reports	Run actions/checkout@v4	2026-04-12T00:17:41.3205508Z ##[endgroup]
Generate and upload check reports	Run actions/checkout@v4	2026-04-12T00:17:41.3245941Z [command]/usr/bin/git log -1 --format=%H
Generate and upload check reports	Run actions/checkout@v4	2026-04-12T00:17:41.3267535Z c2f59eb4941aadbf70958843dda393cc8b97ebd1
Generate and upload check reports	Setup Node.js	﻿2026-04-12T00:17:41.3616395Z ##[group]Run actions/setup-node@v4
Generate and upload check reports	Setup Node.js	2026-04-12T00:17:41.3617672Z with:
Generate and upload check reports	Setup Node.js	2026-04-12T00:17:41.3618504Z   node-version: 20
Generate and upload check reports	Setup Node.js	2026-04-12T00:17:41.3619725Z   always-auth: false
Generate and upload check reports	Setup Node.js	2026-04-12T00:17:41.3620755Z   check-latest: false
Generate and upload check reports	Setup Node.js	2026-04-12T00:17:41.3621990Z   token: ***
Generate and upload check reports	Setup Node.js	2026-04-12T00:17:41.3622939Z ##[endgroup]
Generate and upload check reports	Setup Node.js	2026-04-12T00:17:41.5514612Z Found in cache @ /opt/hostedtoolcache/node/20.20.2/x64
Generate and upload check reports	Setup Node.js	2026-04-12T00:17:41.5520518Z ##[group]Environment details
Generate and upload check reports	Setup Node.js	2026-04-12T00:17:41.8543923Z node: v20.20.2
Generate and upload check reports	Setup Node.js	2026-04-12T00:17:41.8546504Z npm: 10.8.2
Generate and upload check reports	Setup Node.js	2026-04-12T00:17:41.8621291Z yarn: 1.22.22
Generate and upload check reports	Setup Node.js	2026-04-12T00:17:41.8624584Z ##[endgroup]
Generate and upload check reports	Enable Corepack + prepare pnpm	﻿2026-04-12T00:17:41.8738693Z ##[group]Run corepack enable && corepack prepare pnpm@9 --activate
Generate and upload check reports	Enable Corepack + prepare pnpm	2026-04-12T00:17:41.8740596Z [36;1mcorepack enable && corepack prepare pnpm@9 --activate[0m
Generate and upload check reports	Enable Corepack + prepare pnpm	2026-04-12T00:17:41.8776773Z shell: /usr/bin/bash -e {0}
Generate and upload check reports	Enable Corepack + prepare pnpm	2026-04-12T00:17:41.8777760Z ##[endgroup]
Generate and upload check reports	Enable Corepack + prepare pnpm	2026-04-12T00:17:42.2954516Z Preparing pnpm@9 for immediate activation...
Generate and upload check reports	Setup pnpm	﻿2026-04-12T00:17:43.1161534Z ##[group]Run pnpm/action-setup@v2
Generate and upload check reports	Setup pnpm	2026-04-12T00:17:43.1162527Z with:
Generate and upload check reports	Setup pnpm	2026-04-12T00:17:43.1163507Z   version: 9
Generate and upload check reports	Setup pnpm	2026-04-12T00:17:43.1164339Z   dest: ~/setup-pnpm
Generate and upload check reports	Setup pnpm	2026-04-12T00:17:43.1165137Z   run_install: null
Generate and upload check reports	Setup pnpm	2026-04-12T00:17:43.1165932Z   package_json_file: package.json
Generate and upload check reports	Setup pnpm	2026-04-12T00:17:43.1166869Z   standalone: false
Generate and upload check reports	Setup pnpm	2026-04-12T00:17:43.1167596Z ##[endgroup]
Generate and upload check reports	Setup pnpm	2026-04-12T00:17:43.2072844Z ##[group]Running self-installer...
Generate and upload check reports	Setup pnpm	2026-04-12T00:17:43.7391179Z Progress: resolved 1, reused 0, downloaded 0, added 0
Generate and upload check reports	Setup pnpm	2026-04-12T00:17:43.7483468Z Packages: +1
Generate and upload check reports	Setup pnpm	2026-04-12T00:17:43.7484703Z +
Generate and upload check reports	Setup pnpm	2026-04-12T00:17:44.4997464Z Packages are hard linked from the content-addressable store to the virtual store.
Generate and upload check reports	Setup pnpm	2026-04-12T00:17:44.4998812Z   Content-addressable store is at: /home/runner/.local/share/pnpm/store/v3
Generate and upload check reports	Setup pnpm	2026-04-12T00:17:44.5224982Z   Virtual store is at:             node_modules/.pnpm
Generate and upload check reports	Setup pnpm	2026-04-12T00:17:44.5225483Z 
Generate and upload check reports	Setup pnpm	2026-04-12T00:17:44.5225964Z dependencies:
Generate and upload check reports	Setup pnpm	2026-04-12T00:17:44.5226981Z + pnpm 9.15.9 (10.33.0 is available)
Generate and upload check reports	Setup pnpm	2026-04-12T00:17:44.5227841Z 
Generate and upload check reports	Setup pnpm	2026-04-12T00:17:44.5255962Z Done in 1.1s
Generate and upload check reports	Setup pnpm	2026-04-12T00:17:44.7394185Z Progress: resolved 1, reused 0, downloaded 1, added 1, done
Generate and upload check reports	Setup pnpm	2026-04-12T00:17:44.7547184Z ##[endgroup]
Generate and upload check reports	Setup pnpm	2026-04-12T00:17:44.7551652Z Installation Completed!
Generate and upload check reports	Install dependencies	﻿2026-04-12T00:17:44.7635241Z ##[group]Run pnpm install --frozen-lockfile || pnpm install --no-frozen-lockfile
Generate and upload check reports	Install dependencies	2026-04-12T00:17:44.7635893Z [36;1mpnpm install --frozen-lockfile || pnpm install --no-frozen-lockfile[0m
Generate and upload check reports	Install dependencies	2026-04-12T00:17:44.7658582Z shell: /usr/bin/bash -e {0}
Generate and upload check reports	Install dependencies	2026-04-12T00:17:44.7658841Z env:
Generate and upload check reports	Install dependencies	2026-04-12T00:17:44.7659098Z   PNPM_HOME: /home/runner/setup-pnpm/node_modules/.bin
Generate and upload check reports	Install dependencies	2026-04-12T00:17:44.7659403Z ##[endgroup]
Generate and upload check reports	Install dependencies	2026-04-12T00:17:45.2388864Z Lockfile is up to date, resolution step is skipped
Generate and upload check reports	Install dependencies	2026-04-12T00:17:45.3256957Z Progress: resolved 1, reused 0, downloaded 0, added 0
Generate and upload check reports	Install dependencies	2026-04-12T00:17:45.4389137Z Packages: +772
Generate and upload check reports	Install dependencies	2026-04-12T00:17:45.4390501Z ++++++++++++++++++++++++++++++++++++++++++++++++++++++++++++++++++++++++++++++++
Generate and upload check reports	Install dependencies	2026-04-12T00:17:46.3341073Z Progress: resolved 772, reused 0, downloaded 33, added 22
Generate and upload check reports	Install dependencies	2026-04-12T00:17:47.3303118Z Progress: resolved 772, reused 0, downloaded 120, added 116
Generate and upload check reports	Install dependencies	2026-04-12T00:17:48.3384861Z Progress: resolved 772, reused 0, downloaded 284, added 282
Generate and upload check reports	Install dependencies	2026-04-12T00:17:49.3394929Z Progress: resolved 772, reused 0, downloaded 474, added 465
Generate and upload check reports	Install dependencies	2026-04-12T00:17:50.3373125Z Progress: resolved 772, reused 0, downloaded 622, added 610
Generate and upload check reports	Install dependencies	2026-04-12T00:17:51.3370542Z Progress: resolved 772, reused 0, downloaded 756, added 744
Generate and upload check reports	Install dependencies	2026-04-12T00:17:51.9245325Z Progress: resolved 772, reused 0, downloaded 772, added 772, done
Generate and upload check reports	Install dependencies	2026-04-12T00:17:52.1738093Z .../node_modules/unrs-resolver postinstall$ napi-postinstall unrs-resolver 1.11.1 check
Generate and upload check reports	Install dependencies	2026-04-12T00:17:52.1746092Z .../node_modules/msw postinstall$ node -e "import('./config/scripts/postinstall.js').catch(() => void 0)"
Generate and upload check reports	Install dependencies	2026-04-12T00:17:52.1759684Z .../sharp@0.34.5/node_modules/sharp install$ node install/check.js || npm run build
Generate and upload check reports	Install dependencies	2026-04-12T00:17:52.1763840Z .../esbuild@0.21.5/node_modules/esbuild postinstall$ node install.js
Generate and upload check reports	Install dependencies	2026-04-12T00:17:52.2484999Z .../node_modules/unrs-resolver postinstall: Done
Generate and upload check reports	Install dependencies	2026-04-12T00:17:52.2571479Z .../node_modules/msw postinstall: Done
Generate and upload check reports	Install dependencies	2026-04-12T00:17:52.2824298Z .../esbuild@0.21.5/node_modules/esbuild postinstall: Done
Generate and upload check reports	Install dependencies	2026-04-12T00:17:52.3079730Z .../sharp@0.34.5/node_modules/sharp install: Done
Generate and upload check reports	Install dependencies	2026-04-12T00:17:52.4238595Z 
Generate and upload check reports	Install dependencies	2026-04-12T00:17:52.4239014Z dependencies:
Generate and upload check reports	Install dependencies	2026-04-12T00:17:52.4239472Z + @base-ui/react 1.3.0
Generate and upload check reports	Install dependencies	2026-04-12T00:17:52.4239949Z + @marsidev/react-turnstile 1.5.0
Generate and upload check reports	Install dependencies	2026-04-12T00:17:52.4240512Z + class-variance-authority 0.7.1
Generate and upload check reports	Install dependencies	2026-04-12T00:17:52.4240984Z + clsx 2.1.1
Generate and upload check reports	Install dependencies	2026-04-12T00:17:52.4241350Z + gray-matter 4.0.3
Generate and upload check reports	Install dependencies	2026-04-12T00:17:52.4241733Z + lucide-react 1.7.0
Generate and upload check reports	Install dependencies	2026-04-12T00:17:52.4242144Z + next 16.2.2
Generate and upload check reports	Install dependencies	2026-04-12T00:17:52.4242572Z + next-mdx-remote 6.0.0
Generate and upload check reports	Install dependencies	2026-04-12T00:17:52.4242943Z + react 19.2.4
Generate and upload check reports	Install dependencies	2026-04-12T00:17:52.4243574Z + react-dom 19.2.4
Generate and upload check reports	Install dependencies	2026-04-12T00:17:52.4244022Z + reading-time 1.5.0
Generate and upload check reports	Install dependencies	2026-04-12T00:17:52.4244427Z + tailwind-merge 3.5.0
Generate and upload check reports	Install dependencies	2026-04-12T00:17:52.4244837Z + tw-animate-css 1.4.0
Generate and upload check reports	Install dependencies	2026-04-12T00:17:52.4245083Z 
Generate and upload check reports	Install dependencies	2026-04-12T00:17:52.4245257Z devDependencies:
Generate and upload check reports	Install dependencies	2026-04-12T00:17:52.4245579Z + @tailwindcss/postcss 4.2.2
Generate and upload check reports	Install dependencies	2026-04-12T00:17:52.4245848Z + @types/node 20.19.39
Generate and upload check reports	Install dependencies	2026-04-12T00:17:52.4246082Z + @types/react 19.2.14
Generate and upload check reports	Install dependencies	2026-04-12T00:17:52.4246317Z + @types/react-dom 19.2.3
Generate and upload check reports	Install dependencies	2026-04-12T00:17:52.4246529Z + eslint 9.39.4
Generate and upload check reports	Install dependencies	2026-04-12T00:17:52.4246751Z + eslint-config-next 16.2.2
Generate and upload check reports	Install dependencies	2026-04-12T00:17:52.4246983Z + shadcn 4.1.2
Generate and upload check reports	Install dependencies	2026-04-12T00:17:52.4247180Z + tailwindcss 4.2.2
Generate and upload check reports	Install dependencies	2026-04-12T00:17:52.4247393Z + typescript 5.9.3
Generate and upload check reports	Install dependencies	2026-04-12T00:17:52.4247580Z + vitest 1.6.1
Generate and upload check reports	Install dependencies	2026-04-12T00:17:52.4247694Z 
Generate and upload check reports	Install dependencies	2026-04-12T00:17:52.4522457Z Done in 7.6s using pnpm v9.15.9
Generate and upload check reports	Typecheck (capture report)	﻿2026-04-12T00:17:52.4966797Z ##[group]Run pnpm exec tsc --noEmit 2>&1 | tee tsc-report.txt || true
Generate and upload check reports	Typecheck (capture report)	2026-04-12T00:17:52.4967623Z [36;1mpnpm exec tsc --noEmit 2>&1 | tee tsc-report.txt || true[0m
Generate and upload check reports	Typecheck (capture report)	2026-04-12T00:17:52.5000218Z shell: /usr/bin/bash -e {0}
Generate and upload check reports	Typecheck (capture report)	2026-04-12T00:17:52.5000615Z env:
Generate and upload check reports	Typecheck (capture report)	2026-04-12T00:17:52.5001022Z   PNPM_HOME: /home/runner/setup-pnpm/node_modules/.bin
Generate and upload check reports	Typecheck (capture report)	2026-04-12T00:17:52.5001539Z ##[endgroup]
Generate and upload check reports	Upload TypeScript report	﻿2026-04-12T00:17:56.8232596Z ##[group]Run actions/upload-artifact@v4
Generate and upload check reports	Upload TypeScript report	2026-04-12T00:17:56.8233129Z with:
Generate and upload check reports	Upload TypeScript report	2026-04-12T00:17:56.8233707Z   name: tsc-report
Generate and upload check reports	Upload TypeScript report	2026-04-12T00:17:56.8234075Z   path: tsc-report.txt
Generate and upload check reports	Upload TypeScript report	2026-04-12T00:17:56.8234460Z   if-no-files-found: warn
Generate and upload check reports	Upload TypeScript report	2026-04-12T00:17:56.8234870Z   compression-level: 6
Generate and upload check reports	Upload TypeScript report	2026-04-12T00:17:56.8235285Z   overwrite: false
Generate and upload check reports	Upload TypeScript report	2026-04-12T00:17:56.8235649Z   include-hidden-files: false
Generate and upload check reports	Upload TypeScript report	2026-04-12T00:17:56.8236037Z env:
Generate and upload check reports	Upload TypeScript report	2026-04-12T00:17:56.8236436Z   PNPM_HOME: /home/runner/setup-pnpm/node_modules/.bin
Generate and upload check reports	Upload TypeScript report	2026-04-12T00:17:56.8236958Z ##[endgroup]
Generate and upload check reports	Upload TypeScript report	2026-04-12T00:17:57.0386568Z With the provided path, there will be 1 file uploaded
Generate and upload check reports	Upload TypeScript report	2026-04-12T00:17:57.0391877Z Artifact name is valid!
Generate and upload check reports	Upload TypeScript report	2026-04-12T00:17:57.0393168Z Root directory input is valid!
Generate and upload check reports	Upload TypeScript report	2026-04-12T00:17:57.1638292Z Beginning upload of artifact content to blob storage
Generate and upload check reports	Upload TypeScript report	2026-04-12T00:17:57.2883685Z Uploaded bytes 144
Generate and upload check reports	Upload TypeScript report	2026-04-12T00:17:57.3205752Z Finished uploading artifact content to blob storage!
Generate and upload check reports	Upload TypeScript report	2026-04-12T00:17:57.3209205Z SHA256 digest of uploaded artifact zip is 603fdb3a4dbc58e0b8df9e4f2e4be1fee41bcef28912d05900c1dac93c4c0dfd
Generate and upload check reports	Upload TypeScript report	2026-04-12T00:17:57.3210124Z Finalizing artifact upload
Generate and upload check reports	Upload TypeScript report	2026-04-12T00:17:57.4052211Z Artifact tsc-report.zip successfully finalized. Artifact ID 6388997425
Generate and upload check reports	Upload TypeScript report	2026-04-12T00:17:57.4053570Z Artifact tsc-report has been successfully uploaded! Final size is 144 bytes. Artifact ID is 6388997425
Generate and upload check reports	Upload TypeScript report	2026-04-12T00:17:57.4060177Z Artifact download URL: https://github.com/Lakshmanshenoy/shenoylabs-web/actions/runs/24294760093/artifacts/6388997425
Generate and upload check reports	Run ESLint (JSON report)	﻿2026-04-12T00:17:57.4157090Z ##[group]Run pnpm exec eslint --ext .js,.jsx,.ts,.tsx . -f json -o eslint-report.json || true
Generate and upload check reports	Run ESLint (JSON report)	2026-04-12T00:17:57.4157764Z [36;1mpnpm exec eslint --ext .js,.jsx,.ts,.tsx . -f json -o eslint-report.json || true[0m
Generate and upload check reports	Run ESLint (JSON report)	2026-04-12T00:17:57.4179344Z shell: /usr/bin/bash -e {0}
Generate and upload check reports	Run ESLint (JSON report)	2026-04-12T00:17:57.4179594Z env:
Generate and upload check reports	Run ESLint (JSON report)	2026-04-12T00:17:57.4179849Z   PNPM_HOME: /home/runner/setup-pnpm/node_modules/.bin
Generate and upload check reports	Run ESLint (JSON report)	2026-04-12T00:17:57.4180155Z ##[endgroup]
Generate and upload check reports	Upload ESLint report	﻿2026-04-12T00:18:02.0011245Z ##[group]Run actions/upload-artifact@v4
Generate and upload check reports	Upload ESLint report	2026-04-12T00:18:02.0012056Z with:
Generate and upload check reports	Upload ESLint report	2026-04-12T00:18:02.0012394Z   name: eslint-report
Generate and upload check reports	Upload ESLint report	2026-04-12T00:18:02.0012786Z   path: eslint-report.json
Generate and upload check reports	Upload ESLint report	2026-04-12T00:18:02.0013457Z   if-no-files-found: warn
Generate and upload check reports	Upload ESLint report	2026-04-12T00:18:02.0013879Z   compression-level: 6
Generate and upload check reports	Upload ESLint report	2026-04-12T00:18:02.0014253Z   overwrite: false
Generate and upload check reports	Upload ESLint report	2026-04-12T00:18:02.0014625Z   include-hidden-files: false
Generate and upload check reports	Upload ESLint report	2026-04-12T00:18:02.0015035Z env:
Generate and upload check reports	Upload ESLint report	2026-04-12T00:18:02.0015427Z   PNPM_HOME: /home/runner/setup-pnpm/node_modules/.bin
Generate and upload check reports	Upload ESLint report	2026-04-12T00:18:02.0015960Z ##[endgroup]
Generate and upload check reports	Upload ESLint report	2026-04-12T00:18:02.2157989Z With the provided path, there will be 1 file uploaded
Generate and upload check reports	Upload ESLint report	2026-04-12T00:18:02.2162826Z Artifact name is valid!
Generate and upload check reports	Upload ESLint report	2026-04-12T00:18:02.2164608Z Root directory input is valid!
Generate and upload check reports	Upload ESLint report	2026-04-12T00:18:02.3347997Z Beginning upload of artifact content to blob storage
Generate and upload check reports	Upload ESLint report	2026-04-12T00:18:02.4570783Z Uploaded bytes 2443
Generate and upload check reports	Upload ESLint report	2026-04-12T00:18:02.4901727Z Finished uploading artifact content to blob storage!
Generate and upload check reports	Upload ESLint report	2026-04-12T00:18:02.4905739Z SHA256 digest of uploaded artifact zip is 8aae568b945db5e2dd5547f9eaf7d0a7b32a804403b0da97afa72519d419ddb1
Generate and upload check reports	Upload ESLint report	2026-04-12T00:18:02.4907223Z Finalizing artifact upload
Generate and upload check reports	Upload ESLint report	2026-04-12T00:18:02.5791170Z Artifact eslint-report.zip successfully finalized. Artifact ID 6388997873
Generate and upload check reports	Upload ESLint report	2026-04-12T00:18:02.5792511Z Artifact eslint-report has been successfully uploaded! Final size is 2443 bytes. Artifact ID is 6388997873
Generate and upload check reports	Upload ESLint report	2026-04-12T00:18:02.5798856Z Artifact download URL: https://github.com/Lakshmanshenoy/shenoylabs-web/actions/runs/24294760093/artifacts/6388997873
Generate and upload check reports	Post Setup pnpm	﻿2026-04-12T00:18:02.5915909Z Post job cleanup.
Generate and upload check reports	Post Setup pnpm	2026-04-12T00:18:02.6805224Z Pruning is unnecessary.
Generate and upload check reports	Post Setup Node.js	﻿2026-04-12T00:18:02.6892917Z Post job cleanup.
Generate and upload check reports	Post Run actions/checkout@v4	﻿2026-04-12T00:18:02.8741662Z Post job cleanup.
Generate and upload check reports	Post Run actions/checkout@v4	2026-04-12T00:18:02.9698527Z [command]/usr/bin/git version
Generate and upload check reports	Post Run actions/checkout@v4	2026-04-12T00:18:02.9735973Z git version 2.53.0
Generate and upload check reports	Post Run actions/checkout@v4	2026-04-12T00:18:02.9780166Z Temporarily overriding HOME='/home/runner/work/_temp/138e06cf-28c5-4c39-acab-2499d9d8751b' before making global git config changes
Generate and upload check reports	Post Run actions/checkout@v4	2026-04-12T00:18:02.9781830Z Adding repository directory to the temporary git global config as a safe directory
Generate and upload check reports	Post Run actions/checkout@v4	2026-04-12T00:18:02.9786198Z [command]/usr/bin/git config --global --add safe.directory /home/runner/work/shenoylabs-web/shenoylabs-web
Generate and upload check reports	Post Run actions/checkout@v4	2026-04-12T00:18:02.9821474Z [command]/usr/bin/git config --local --name-only --get-regexp core\.sshCommand
Generate and upload check reports	Post Run actions/checkout@v4	2026-04-12T00:18:02.9854629Z [command]/usr/bin/git submodule foreach --recursive sh -c "git config --local --name-only --get-regexp 'core\.sshCommand' && git config --local --unset-all 'core.sshCommand' || :"
Generate and upload check reports	Post Run actions/checkout@v4	2026-04-12T00:18:03.0072475Z [command]/usr/bin/git config --local --name-only --get-regexp http\.https\:\/\/github\.com\/\.extraheader
Generate and upload check reports	Post Run actions/checkout@v4	2026-04-12T00:18:03.0091687Z http.https://github.com/.extraheader
Generate and upload check reports	Post Run actions/checkout@v4	2026-04-12T00:18:03.0105404Z [command]/usr/bin/git config --local --unset-all http.https://github.com/.extraheader
Generate and upload check reports	Post Run actions/checkout@v4	2026-04-12T00:18:03.0134876Z [command]/usr/bin/git submodule foreach --recursive sh -c "git config --local --name-only --get-regexp 'http\.https\:\/\/github\.com\/\.extraheader' && git config --local --unset-all 'http.https://github.com/.extraheader' || :"
Generate and upload check reports	Post Run actions/checkout@v4	2026-04-12T00:18:03.0347904Z [command]/usr/bin/git config --local --name-only --get-regexp ^includeIf\.gitdir:
Generate and upload check reports	Post Run actions/checkout@v4	2026-04-12T00:18:03.0377227Z [command]/usr/bin/git submodule foreach --recursive git config --local --show-origin --name-only --get-regexp remote.origin.url
Generate and upload check reports	Complete job	﻿2026-04-12T00:18:03.0697815Z Cleaning up orphan processes
Generate and upload check reports	Complete job	2026-04-12T00:18:03.1139717Z ##[warning]Node.js 20 actions are deprecated. The following actions are running on Node.js 20 and may not work as expected: actions/checkout@v4, actions/setup-node@v4, actions/upload-artifact@v4, pnpm/action-setup@v2. Actions will be forced to run with Node.js 24 by default starting June 2nd, 2026. Node.js 20 will be removed from the runner on September 16th, 2026. Please check if updated versions of these actions are available that support Node.js 24. To opt into Node.js 24 now, set the FORCE_JAVASCRIPT_ACTIONS_TO_NODE24=true environment variable on the runner or in your workflow file. Once Node.js 24 becomes the default, you can temporarily opt out by setting ACTIONS_ALLOW_USE_UNSECURE_NODE_VERSION=true. For more information see: https://github.blog/changelog/2025-09-19-deprecation-of-node-20-on-github-actions-runners/
